#------------------------------------------------------------------------------
# irace: An implementation in R of (Elitist) Iterated Racing
# Version: 3.3.2238:2239
# Copyright (C) 2010-2019
# Manuel Lopez-Ibanez     <manuel.lopez-ibanez@manchester.ac.uk>
# Jeremie Dubois-Lacoste  
# Leslie Perez Caceres    <leslie.perez.caceres@ulb.ac.be>
#
# This is free software, and you are welcome to redistribute it under certain
# conditions.  See the GNU General Public License for details. There is NO
# WARRANTY; not even for MERCHANTABILITY or FITNESS FOR A PARTICULAR PURPOSE.
#
# irace builds upon previous code from the race package:
#     race: Racing methods for the selection of the best
#     Copyright (C) 2003 Mauro Birattari
#------------------------------------------------------------------------------
# installed at: /home/moises_silva/R/x86_64-pc-linux-gnu-library/3.4/irace
# called with: 
Warning: A default scenario file './scenario.txt' has been found and will be read
# Adding 1 initial configuration(s) from file '/home/moises_silva/tuning/configurations.txt' 
# 2020-07-22 15:34:26 UTC: Initialization
# Elitist race
# Elitist new instances: 1
# Elitist limit: 2
# nbIterations: 4
# minNbSurvival: 4
# nbParameters: 5
# seed: 592217532
# confidence level: 0.95
# budget: 500
# mu: 5
# deterministic: FALSE

# 2020-07-22 15:34:26 UTC: Iteration 1 of 4
# experimentsUsedSoFar: 0
# remainingBudget: 500
# currentBudget: 125
# nbConfigurations: 20
  Markers:
     x No test is performed.
     - The test is performed and some configurations are discarded.
     = The test is performed but no configuration is discarded.
     ! The test is performed and configurations could be discarded but elite configurations are preserved.
     . All alive configurations are elite and nothing is discarded

+-+-----------+-----------+-----------+---------------+-----------+--------+-----+----+------+
| |   Instance|      Alive|       Best|      Mean best| Exp so far|  W time|  rho|KenW|  Qvar|
+-+-----------+-----------+-----------+---------------+-----------+--------+-----+----+------+
|x|          1|         20|         19|   -5707.436790|         20|00:21:46|   NA|  NA|    NA|
|x|          2|         20|          3|   -6428.405019|         40|00:21:09|+0.33|0.67|0.6817|
|x|          3|         20|          6|   -6776.031154|         60|00:21:13|+0.06|0.37|0.8321|
|x|          4|         20|          6|   -6841.471603|         80|00:21:39|+0.01|0.26|0.9206|
|=|          5|         20|          6|   -6920.250576|        100|00:21:40|+0.11|0.29|0.8255|
|-|          6|         13|          6|   -6212.603622|        120|00:29:38|-0.04|0.13|0.9809|
+-+-----------+-----------+-----------+---------------+-----------+--------+-----+----+------+
Best-so-far configuration:           6    mean value:    -6212.603622
Description of the best-so-far configuration:
  .ID. concurrent_writes file_cache_size_in_mb memtable_cleanup_threshold concurrent_compactors         compaction_method .PARENT.
6    6                24                   818                       0.22                     4 LeveledCompactionStrategy       NA

# 2020-07-22 17:51:34 UTC: Elite configurations (first number is the configuration ID; listed from best to worst according to the sum of ranks):
   concurrent_writes file_cache_size_in_mb memtable_cleanup_threshold concurrent_compactors            compaction_method
6                 24                   818                       0.22                     4    LeveledCompactionStrategy
20                39                  1964                       0.44                    19    LeveledCompactionStrategy
2                 14                  1215                       0.75                    24 SizeTieredCompactionStrategy
19                28                   311                       0.77                    12    LeveledCompactionStrategy
# 2020-07-22 17:51:34 UTC: Iteration 2 of 4
# experimentsUsedSoFar: 120
# remainingBudget: 380
# currentBudget: 126
# nbConfigurations: 21
  Markers:
     x No test is performed.
     - The test is performed and some configurations are discarded.
     = The test is performed but no configuration is discarded.
     ! The test is performed and configurations could be discarded but elite configurations are preserved.
     . All alive configurations are elite and nothing is discarded

+-+-----------+-----------+-----------+---------------+-----------+--------+-----+----+------+
| |   Instance|      Alive|       Best|      Mean best| Exp so far|  W time|  rho|KenW|  Qvar|
+-+-----------+-----------+-----------+---------------+-----------+--------+-----+----+------+
|x|          7|         21|         29|   -7550.018875|         21|00:22:30|   NA|  NA|    NA|
|x|          4|         21|         29|   -7490.547819|         38|00:18:06|+0.13|0.56|0.8060|
|x|          2|         21|         29|   -7391.952617|         55|00:18:07|+0.04|0.36|0.9314|
|x|          1|         21|         29|   -6948.695597|         72|00:19:21|+0.13|0.35|0.8569|
|=|          6|         21|         29|   -6103.366745|         89|00:24:43|+0.14|0.31|0.8092|
|=|          3|         21|         29|   -6369.967846|        106|00:18:00|+0.09|0.24|0.8047|
|=|          5|         21|         29|   -6516.529964|        123|00:18:10|+0.07|0.20|0.8194|
+-+-----------+-----------+-----------+---------------+-----------+--------+-----+----+------+
Best-so-far configuration:          29    mean value:    -6516.529964
Description of the best-so-far configuration:
   .ID. concurrent_writes file_cache_size_in_mb memtable_cleanup_threshold concurrent_compactors         compaction_method .PARENT.
29   29                29                  1885                       0.47                    13 LeveledCompactionStrategy       20

# 2020-07-22 20:10:34 UTC: Elite configurations (first number is the configuration ID; listed from best to worst according to the sum of ranks):
   concurrent_writes file_cache_size_in_mb memtable_cleanup_threshold concurrent_compactors            compaction_method
29                29                  1885                       0.47                    13    LeveledCompactionStrategy
36                28                   272                       0.64                     9    LeveledCompactionStrategy
26                12                  1110                       0.81                    24 SizeTieredCompactionStrategy
25                51                  1356                       0.64                     3    LeveledCompactionStrategy
# 2020-07-22 20:10:34 UTC: Iteration 3 of 4
# experimentsUsedSoFar: 243
# remainingBudget: 257
# currentBudget: 128
# nbConfigurations: 19
  Markers:
     x No test is performed.
     - The test is performed and some configurations are discarded.
     = The test is performed but no configuration is discarded.
     ! The test is performed and configurations could be discarded but elite configurations are preserved.
     . All alive configurations are elite and nothing is discarded

+-+-----------+-----------+-----------+---------------+-----------+--------+-----+----+------+
| |   Instance|      Alive|       Best|      Mean best| Exp so far|  W time|  rho|KenW|  Qvar|
+-+-----------+-----------+-----------+---------------+-----------+--------+-----+----+------+
|x|          8|         19|         46|   -7344.840250|         19|00:20:21|   NA|  NA|    NA|
|x|          7|         19|         49|   -7365.552840|         34|00:15:51|-0.09|0.45|0.9465|
|x|          6|         19|         29|   -5811.114018|         49|00:22:01|-0.23|0.18|1.0836|
|x|          1|         19|         29|   -5763.066648|         64|00:17:19|-0.05|0.21|0.9412|
|=|          2|         19|         29|   -6049.405761|         79|00:15:39|-0.01|0.19|0.8938|
|=|          5|         19|         29|   -6273.821913|         94|00:15:54|+0.02|0.18|0.9027|
|=|          4|         19|         29|   -6439.144034|        109|00:16:03|+0.00|0.15|0.9212|
|=|          3|         19|         29|   -6597.122698|        124|00:15:50|+0.03|0.15|0.9087|
+-+-----------+-----------+-----------+---------------+-----------+--------+-----+----+------+
Best-so-far configuration:          29    mean value:    -6597.122698
Description of the best-so-far configuration:
   .ID. concurrent_writes file_cache_size_in_mb memtable_cleanup_threshold concurrent_compactors         compaction_method .PARENT.
29   29                29                  1885                       0.47                    13 LeveledCompactionStrategy       20

# 2020-07-22 22:29:37 UTC: Elite configurations (first number is the configuration ID; listed from best to worst according to the sum of ranks):
   concurrent_writes file_cache_size_in_mb memtable_cleanup_threshold concurrent_compactors            compaction_method
29                29                  1885                       0.47                    13    LeveledCompactionStrategy
49                 9                  1006                       0.79                    30 SizeTieredCompactionStrategy
40                56                   674                       0.52                     7    LeveledCompactionStrategy
25                51                  1356                       0.64                     3    LeveledCompactionStrategy
# 2020-07-22 22:29:37 UTC: Iteration 4 of 4
# experimentsUsedSoFar: 367
# remainingBudget: 133
# currentBudget: 133
# nbConfigurations: 18
  Markers:
     x No test is performed.
     - The test is performed and some configurations are discarded.
     = The test is performed but no configuration is discarded.
     ! The test is performed and configurations could be discarded but elite configurations are preserved.
     . All alive configurations are elite and nothing is discarded

+-+-----------+-----------+-----------+---------------+-----------+--------+-----+----+------+
| |   Instance|      Alive|       Best|      Mean best| Exp so far|  W time|  rho|KenW|  Qvar|
+-+-----------+-----------+-----------+---------------+-----------+--------+-----+----+------+
|x|          9|         18|         49|   -5698.330389|         18|00:20:51|   NA|  NA|    NA|
|x|          2|         18|         49|   -6478.402329|         32|00:15:19|+0.19|0.59|0.8335|
|x|          4|         18|         49|   -6771.538325|         46|00:15:03|+0.16|0.44|0.7819|
|x|          5|         18|         49|   -6925.580457|         60|00:15:07|+0.12|0.34|0.8059|
|-|          3|          8|         49|   -7101.744616|         74|00:14:56|-0.02|0.18|0.9183|
|=|          8|          8|         49|   -7114.493111|         78|00:04:20|+0.00|0.17|0.9069|
|=|          7|          8|         49|   -7177.118394|         82|00:04:19|+0.10|0.23|0.8334|
|=|          6|          8|         49|   -6612.001544|         86|00:05:54|+0.13|0.24|0.7756|
|-|          1|          4|         49|   -6486.362941|         90|00:04:44|-0.11|0.01|0.8195|
+-+-----------+-----------+-----------+---------------+-----------+--------+-----+----+------+
Best-so-far configuration:          49    mean value:    -6486.362941
Description of the best-so-far configuration:
   .ID. concurrent_writes file_cache_size_in_mb memtable_cleanup_threshold concurrent_compactors            compaction_method .PARENT.
49   49                 9                  1006                       0.79                    30 SizeTieredCompactionStrategy       26

# 2020-07-23 00:10:14 UTC: Elite configurations (first number is the configuration ID; listed from best to worst according to the sum of ranks):
   concurrent_writes file_cache_size_in_mb memtable_cleanup_threshold concurrent_compactors            compaction_method
49                 9                  1006                       0.79                    30 SizeTieredCompactionStrategy
25                51                  1356                       0.64                     3    LeveledCompactionStrategy
29                29                  1885                       0.47                    13    LeveledCompactionStrategy
40                56                   674                       0.52                     7    LeveledCompactionStrategy
# 2020-07-23 00:10:14 UTC: Iteration 5 of 5
# experimentsUsedSoFar: 457
# remainingBudget: 43
# currentBudget: 43
# nbConfigurations: 7
  Markers:
     x No test is performed.
     - The test is performed and some configurations are discarded.
     = The test is performed but no configuration is discarded.
     ! The test is performed and configurations could be discarded but elite configurations are preserved.
     . All alive configurations are elite and nothing is discarded

+-+-----------+-----------+-----------+---------------+-----------+--------+-----+----+------+
| |   Instance|      Alive|       Best|      Mean best| Exp so far|  W time|  rho|KenW|  Qvar|
+-+-----------+-----------+-----------+---------------+-----------+--------+-----+----+------+
|x|         10|          7|         49|   -7070.635650|          7|00:07:46|   NA|  NA|    NA|
|x|          3|          7|         49|   -7438.518450|         10|00:03:14|+0.21|0.61|0.7161|
|x|          6|          7|         49|   -5844.406832|         13|00:04:32|+0.13|0.42|0.6203|
|x|          8|          7|         49|   -6177.864021|         16|00:03:24|+0.35|0.51|0.5145|
|-|          5|          4|         49|   -6419.832588|         19|00:03:21|-0.20|0.04|0.8834|
|.|          9|          4|         49|   -6299.582222|         19|00:00:00|-0.07|0.11|0.8142|
|.|          4|          4|         49|   -6450.757664|         19|00:00:00|-0.10|0.05|0.8329|
|.|          7|          4|         49|   -6588.521717|         19|00:00:00|-0.06|0.07|0.7962|
|.|          1|          4|         49|   -6465.491983|         19|00:00:00|-0.07|0.05|0.7815|
|.|          2|          4|         49|   -6544.790212|         19|00:00:00|-0.07|0.04|0.8054|
+-+-----------+-----------+-----------+---------------+-----------+--------+-----+----+------+
Best-so-far configuration:          49    mean value:    -6544.790212
Description of the best-so-far configuration:
   .ID. concurrent_writes file_cache_size_in_mb memtable_cleanup_threshold concurrent_compactors            compaction_method .PARENT.
49   49                 9                  1006                       0.79                    30 SizeTieredCompactionStrategy       26

# 2020-07-23 00:32:34 UTC: Elite configurations (first number is the configuration ID; listed from best to worst according to the sum of ranks):
   concurrent_writes file_cache_size_in_mb memtable_cleanup_threshold concurrent_compactors            compaction_method
49                 9                  1006                       0.79                    30 SizeTieredCompactionStrategy
25                51                  1356                       0.64                     3    LeveledCompactionStrategy
29                29                  1885                       0.47                    13    LeveledCompactionStrategy
40                56                   674                       0.52                     7    LeveledCompactionStrategy
# 2020-07-23 00:32:34 UTC: Iteration 6 of 6
# experimentsUsedSoFar: 476
# remainingBudget: 24
# currentBudget: 24
# nbConfigurations: 5
  Markers:
     x No test is performed.
     - The test is performed and some configurations are discarded.
     = The test is performed but no configuration is discarded.
     ! The test is performed and configurations could be discarded but elite configurations are preserved.
     . All alive configurations are elite and nothing is discarded

+-+-----------+-----------+-----------+---------------+-----------+--------+-----+----+------+
| |   Instance|      Alive|       Best|      Mean best| Exp so far|  W time|  rho|KenW|  Qvar|
+-+-----------+-----------+-----------+---------------+-----------+--------+-----+----+------+
|x|         11|          5|         70|   -2601.862934|          5|00:07:34|   NA|  NA|    NA|
|x|          8|          5|         49|   -4877.180034|          6|00:01:06|-0.70|0.15|1.4395|
|x|          6|          5|         49|   -4136.847888|          7|00:01:31|-0.40|0.07|1.0195|
|x|         10|          5|         49|   -4870.294828|          8|00:01:06|-0.12|0.16|0.7741|
|=|          7|          5|         49|   -5406.809881|          9|00:01:06|+0.06|0.25|0.6309|
|=|          2|          5|         49|   -5715.420612|         10|00:01:06|+0.11|0.26|0.5355|
|=|          1|          5|         49|   -5681.968255|         11|00:01:12|+0.16|0.28|0.4681|
|-|          4|          4|         49|   -5891.448512|         12|00:01:07|-0.06|0.07|0.8093|
|.|          3|          4|         49|   -6104.221039|         12|00:00:00|-0.04|0.07|0.8047|
|.|          5|          4|         49|   -6232.569620|         12|00:00:00|-0.08|0.03|0.7924|
|.|          9|          4|         49|   -6184.002418|         12|00:00:00|-0.05|0.05|0.7839|
+-+-----------+-----------+-----------+---------------+-----------+--------+-----+----+------+
Best-so-far configuration:          49    mean value:    -6184.002418
Description of the best-so-far configuration:
   .ID. concurrent_writes file_cache_size_in_mb memtable_cleanup_threshold concurrent_compactors            compaction_method .PARENT.
49   49                 9                  1006                       0.79                    30 SizeTieredCompactionStrategy       26

# 2020-07-23 00:48:27 UTC: Elite configurations (first number is the configuration ID; listed from best to worst according to the sum of ranks):
   concurrent_writes file_cache_size_in_mb memtable_cleanup_threshold concurrent_compactors            compaction_method
49                 9                  1006                       0.79                    30 SizeTieredCompactionStrategy
25                51                  1356                       0.64                     3    LeveledCompactionStrategy
40                56                   674                       0.52                     7    LeveledCompactionStrategy
29                29                  1885                       0.47                    13    LeveledCompactionStrategy
# 2020-07-23 00:48:27 UTC: Stopped because there is not enough budget left to race more than the minimum (4)
# You may either increase the budget or set 'minNbSurvival' to a lower value
# Iteration: 7
# nbIterations: 7
# experimentsUsedSoFar: 488
# timeUsed: 0
# remainingBudget: 12
# currentBudget: 12
# number of elites: 4
# nbConfigurations: 4
# Best configurations (first number is the configuration ID; listed from best to worst according to the sum of ranks):
   concurrent_writes file_cache_size_in_mb memtable_cleanup_threshold concurrent_compactors            compaction_method
49                 9                  1006                       0.79                    30 SizeTieredCompactionStrategy
25                51                  1356                       0.64                     3    LeveledCompactionStrategy
40                56                   674                       0.52                     7    LeveledCompactionStrategy
29                29                  1885                       0.47                    13    LeveledCompactionStrategy
# Best configurations as commandlines (first number is the configuration ID; same order as above):
49  9 1006 0.79 30 SizeTieredCompactionStrategy
25  51 1356 0.64 3 LeveledCompactionStrategy
40  56 674 0.52 7 LeveledCompactionStrategy
29  29 1885 0.47 13 LeveledCompactionStrategy
