#------------------------------------------------------------------------------
# irace: An implementation in R of (Elitist) Iterated Racing
# Version: 3.3.2238:2239
# Copyright (C) 2010-2019
# Manuel Lopez-Ibanez     <manuel.lopez-ibanez@manchester.ac.uk>
# Jeremie Dubois-Lacoste  
# Leslie Perez Caceres    <leslie.perez.caceres@ulb.ac.be>
#
# This is free software, and you are welcome to redistribute it under certain
# conditions.  See the GNU General Public License for details. There is NO
# WARRANTY; not even for MERCHANTABILITY or FITNESS FOR A PARTICULAR PURPOSE.
#
# irace builds upon previous code from the race package:
#     race: Racing methods for the selection of the best
#     Copyright (C) 2003 Mauro Birattari
#------------------------------------------------------------------------------
# installed at: /home/moises_silva/R/x86_64-pc-linux-gnu-library/3.4/irace
# called with: 
Warning: A default scenario file './scenario.txt' has been found and will be read
# Adding 1 initial configuration(s) from file '/home/moises_silva/tuning/configurations.txt' 
# 2020-07-22 15:40:07 UTC: Initialization
# Elitist race
# Elitist new instances: 1
# Elitist limit: 2
# nbIterations: 4
# minNbSurvival: 4
# nbParameters: 5
# seed: 1667548431
# confidence level: 0.95
# budget: 2000
# mu: 5
# deterministic: FALSE

# 2020-07-22 15:40:07 UTC: Iteration 1 of 4
# experimentsUsedSoFar: 0
# remainingBudget: 2000
# currentBudget: 500
# nbConfigurations: 83
  Markers:
     x No test is performed.
     - The test is performed and some configurations are discarded.
     = The test is performed but no configuration is discarded.
     ! The test is performed and configurations could be discarded but elite configurations are preserved.
     . All alive configurations are elite and nothing is discarded

+-+-----------+-----------+-----------+---------------+-----------+--------+-----+----+------+
| |   Instance|      Alive|       Best|      Mean best| Exp so far|  W time|  rho|KenW|  Qvar|
+-+-----------+-----------+-----------+---------------+-----------+--------+-----+----+------+
|x|          1|         83|         12|   -8416.091567|         83|01:22:37|   NA|  NA|    NA|
|x|          2|         83|         53|   -8100.064084|        166|01:28:53|-0.32|0.34|1.2279|
|x|          3|         83|         68|   -8055.520591|        249|01:21:01|-0.14|0.24|1.1214|
|x|          4|         83|         68|   -8000.120663|        332|01:21:48|-0.03|0.23|1.0172|
|=|          5|         83|         68|   -6909.910448|        415|02:00:00|-0.04|0.17|1.0216|
|=|          6|         83|         15|   -6570.604048|        498|01:32:18|-0.02|0.15|0.9791|
+-+-----------+-----------+-----------+---------------+-----------+--------+-----+----+------+
Best-so-far configuration:          15    mean value:    -6570.604048
Description of the best-so-far configuration:
   .ID. concurrent_writes file_cache_size_in_mb memtable_cleanup_threshold concurrent_compactors         compaction_method .PARENT.
15   15                15                   648                       0.21                    32 LeveledCompactionStrategy       NA

# 2020-07-23 00:46:46 UTC: Elite configurations (first number is the configuration ID; listed from best to worst according to the sum of ranks):
   concurrent_writes file_cache_size_in_mb memtable_cleanup_threshold concurrent_compactors         compaction_method
15                15                   648                       0.21                    32 LeveledCompactionStrategy
16                15                  1541                       0.38                    19 LeveledCompactionStrategy
68                20                  1962                       0.47                    30 LeveledCompactionStrategy
24                25                  1926                       0.56                     7 LeveledCompactionStrategy
# 2020-07-23 00:46:46 UTC: Iteration 2 of 4
# experimentsUsedSoFar: 498
# remainingBudget: 1502
# currentBudget: 500
# nbConfigurations: 74
  Markers:
     x No test is performed.
     - The test is performed and some configurations are discarded.
     = The test is performed but no configuration is discarded.
     ! The test is performed and configurations could be discarded but elite configurations are preserved.
     . All alive configurations are elite and nothing is discarded

+-+-----------+-----------+-----------+---------------+-----------+--------+-----+----+------+
| |   Instance|      Alive|       Best|      Mean best| Exp so far|  W time|  rho|KenW|  Qvar|
+-+-----------+-----------+-----------+---------------+-----------+--------+-----+----+------+
|x|          7|         74|        106|   -2829.494652|         74|01:45:27|   NA|  NA|    NA|
|x|          1|         74|         87|   -5501.182028|        144|01:10:43|-0.18|0.41|0.9324|
|x|          6|         74|        119|   -5626.584669|        214|01:16:22|-0.14|0.24|0.9195|
|x|          2|         74|        119|   -6142.719612|        284|01:12:52|-0.04|0.22|0.8952|
|=|          4|         74|        119|   -6375.629836|        354|01:13:47|+0.00|0.20|0.8978|
|=|          3|         74|         68|   -6731.637187|        424|01:13:10|+0.00|0.17|0.9099|
|=|          5|         74|        124|   -6035.141272|        494|01:38:31|+0.00|0.15|0.8956|
+-+-----------+-----------+-----------+---------------+-----------+--------+-----+----+------+
Best-so-far configuration:         124    mean value:    -6035.141272
Description of the best-so-far configuration:
    .ID. concurrent_writes file_cache_size_in_mb memtable_cleanup_threshold concurrent_compactors         compaction_method .PARENT.
124  124                26                  2034                       0.81                    25 LeveledCompactionStrategy       68

# 2020-07-23 10:17:41 UTC: Elite configurations (first number is the configuration ID; listed from best to worst according to the sum of ranks):
    concurrent_writes file_cache_size_in_mb memtable_cleanup_threshold concurrent_compactors         compaction_method
124                26                  2034                       0.81                    25 LeveledCompactionStrategy
68                 20                  1962                       0.47                    30 LeveledCompactionStrategy
16                 15                  1541                       0.38                    19 LeveledCompactionStrategy
103                28                  1062                       0.27                    32 LeveledCompactionStrategy
# 2020-07-23 10:17:41 UTC: Iteration 3 of 4
# experimentsUsedSoFar: 992
# remainingBudget: 1008
# currentBudget: 504
# nbConfigurations: 66
  Markers:
     x No test is performed.
     - The test is performed and some configurations are discarded.
     = The test is performed but no configuration is discarded.
     ! The test is performed and configurations could be discarded but elite configurations are preserved.
     . All alive configurations are elite and nothing is discarded

+-+-----------+-----------+-----------+---------------+-----------+--------+-----+----+------+
| |   Instance|      Alive|       Best|      Mean best| Exp so far|  W time|  rho|KenW|  Qvar|
+-+-----------+-----------+-----------+---------------+-----------+--------+-----+----+------+
|x|          8|         66|        159|   -5962.673663|         66|01:12:25|   NA|  NA|    NA|
|x|          6|         66|        213|   -5975.802609|        128|01:07:51|-0.00|0.50|0.8944|
|x|          4|         66|        213|   -6523.357461|        190|01:03:24|-0.01|0.33|0.9513|
|x|          3|         66|         68|   -6854.593401|        252|01:02:49|-0.01|0.24|0.9576|
|=|          2|         66|         68|   -7077.935382|        314|01:02:57|+0.05|0.24|0.9429|
|=|          7|         66|         68|   -6364.519076|        376|01:30:13|+0.04|0.20|0.9490|
|-|          1|         28|         68|   -6616.836685|        438|01:08:50|-0.09|0.07|1.0558|
|=|          5|         28|         68|   -6108.365798|        462|00:35:47|-0.07|0.06|1.0510|
|=|          9|         28|         68|   -6187.010482|        490|00:28:52|-0.07|0.05|1.0536|
+-+-----------+-----------+-----------+---------------+-----------+--------+-----+----+------+
Best-so-far configuration:          68    mean value:    -6187.010482
Description of the best-so-far configuration:
   .ID. concurrent_writes file_cache_size_in_mb memtable_cleanup_threshold concurrent_compactors         compaction_method .PARENT.
68   68                20                  1962                       0.47                    30 LeveledCompactionStrategy       NA

# 2020-07-23 19:30:53 UTC: Elite configurations (first number is the configuration ID; listed from best to worst according to the sum of ranks):
    concurrent_writes file_cache_size_in_mb memtable_cleanup_threshold concurrent_compactors         compaction_method
68                 20                  1962                       0.47                    30 LeveledCompactionStrategy
16                 15                  1541                       0.38                    19 LeveledCompactionStrategy
183                13                  2043                       0.59                    23 LeveledCompactionStrategy
177                26                  1919                       0.88                    21 LeveledCompactionStrategy
# 2020-07-23 19:30:53 UTC: Iteration 4 of 4
# experimentsUsedSoFar: 1482
# remainingBudget: 518
# currentBudget: 518
# nbConfigurations: 55
  Markers:
     x No test is performed.
     - The test is performed and some configurations are discarded.
     = The test is performed but no configuration is discarded.
     ! The test is performed and configurations could be discarded but elite configurations are preserved.
     . All alive configurations are elite and nothing is discarded

+-+-----------+-----------+-----------+---------------+-----------+--------+-----+----+------+
| |   Instance|      Alive|       Best|      Mean best| Exp so far|  W time|  rho|KenW|  Qvar|
+-+-----------+-----------+-----------+---------------+-----------+--------+-----+----+------+
|x|         10|         55|        264|   -7719.623282|         55|00:57:37|   NA|  NA|    NA|
|x|          6|         55|        238|   -6741.043088|        106|00:56:28|+0.04|0.52|0.8923|
|x|          1|         55|        245|   -7142.628345|        157|00:52:34|-0.05|0.30|0.9868|
|x|          5|         55|        245|   -6064.184837|        208|01:12:19|-0.05|0.21|1.0085|
|=|          2|         55|        245|   -6387.682176|        259|00:52:53|-0.01|0.19|1.0107|
|=|          7|         55|        245|   -5792.631411|        310|01:12:45|-0.00|0.16|0.9980|
|=|          4|         55|        245|   -6043.442521|        361|00:53:14|+0.01|0.15|1.0033|
|=|          3|         55|        245|   -6188.393967|        412|00:52:06|+0.02|0.14|1.0018|
|=|          9|         55|        245|   -6326.163165|        463|00:51:34|-0.02|0.10|1.0167|
|=|          8|         55|         16|   -6263.314316|        514|00:56:18|-0.01|0.09|1.0068|
+-+-----------+-----------+-----------+---------------+-----------+--------+-----+----+------+
Best-so-far configuration:          16    mean value:    -6263.314316
Description of the best-so-far configuration:
   .ID. concurrent_writes file_cache_size_in_mb memtable_cleanup_threshold concurrent_compactors         compaction_method .PARENT.
16   16                15                  1541                       0.38                    19 LeveledCompactionStrategy       NA

# 2020-07-24 05:08:44 UTC: Elite configurations (first number is the configuration ID; listed from best to worst according to the sum of ranks):
    concurrent_writes file_cache_size_in_mb memtable_cleanup_threshold concurrent_compactors         compaction_method
16                 15                  1541                       0.38                    19 LeveledCompactionStrategy
68                 20                  1962                       0.47                    30 LeveledCompactionStrategy
245                13                  1568                       0.43                    20 LeveledCompactionStrategy
256                24                  1913                       0.84                    22 LeveledCompactionStrategy
# 2020-07-24 05:08:44 UTC: Stopped because there is not enough budget left to race more than the minimum (4)
# You may either increase the budget or set 'minNbSurvival' to a lower value
# Iteration: 5
# nbIterations: 5
# experimentsUsedSoFar: 1996
# timeUsed: 0
# remainingBudget: 4
# currentBudget: 4
# number of elites: 4
# nbConfigurations: 4
# Best configurations (first number is the configuration ID; listed from best to worst according to the sum of ranks):
    concurrent_writes file_cache_size_in_mb memtable_cleanup_threshold concurrent_compactors         compaction_method
16                 15                  1541                       0.38                    19 LeveledCompactionStrategy
68                 20                  1962                       0.47                    30 LeveledCompactionStrategy
245                13                  1568                       0.43                    20 LeveledCompactionStrategy
256                24                  1913                       0.84                    22 LeveledCompactionStrategy
# Best configurations as commandlines (first number is the configuration ID; same order as above):
16   15 1541 0.38 19 LeveledCompactionStrategy
68   20 1962 0.47 30 LeveledCompactionStrategy
245  13 1568 0.43 20 LeveledCompactionStrategy
256  24 1913 0.84 22 LeveledCompactionStrategy
