#------------------------------------------------------------------------------
# irace: An implementation in R of (Elitist) Iterated Racing
# Version: 3.3.2238:2239
# Copyright (C) 2010-2019
# Manuel Lopez-Ibanez     <manuel.lopez-ibanez@manchester.ac.uk>
# Jeremie Dubois-Lacoste  
# Leslie Perez Caceres    <leslie.perez.caceres@ulb.ac.be>
#
# This is free software, and you are welcome to redistribute it under certain
# conditions.  See the GNU General Public License for details. There is NO
# WARRANTY; not even for MERCHANTABILITY or FITNESS FOR A PARTICULAR PURPOSE.
#
# irace builds upon previous code from the race package:
#     race: Racing methods for the selection of the best
#     Copyright (C) 2003 Mauro Birattari
#------------------------------------------------------------------------------
# installed at: /home/moises_silva/R/x86_64-pc-linux-gnu-library/3.4/irace
# called with: 
Warning: A default scenario file './scenario.txt' has been found and will be read
# Adding 1 initial configuration(s) from file '/home/moises_silva/tuning/configurations.txt' 
# 2020-11-17 10:37:15 UTC: Initialization
# Elitist race
# Elitist new instances: 1
# Elitist limit: 2
# nbIterations: 6
# minNbSurvival: 1
# nbParameters: 23
# seed: 1765412430
# confidence level: 0.95
# budget: 1000
# mu: 5
# deterministic: FALSE

# 2020-11-17 10:37:15 UTC: Iteration 1 of 6
# experimentsUsedSoFar: 0
# remainingBudget: 1000
# currentBudget: 166
# nbConfigurations: 27
  Markers:
     x No test is performed.
     - The test is performed and some configurations are discarded.
     = The test is performed but no configuration is discarded.
     ! The test is performed and configurations could be discarded but elite configurations are preserved.
     . All alive configurations are elite and nothing is discarded

+-+-----------+-----------+-----------+---------------+-----------+--------+-----+----+------+
| |   Instance|      Alive|       Best|      Mean best| Exp so far|  W time|  rho|KenW|  Qvar|
+-+-----------+-----------+-----------+---------------+-----------+--------+-----+----+------+
|x|          1|         27|          2|   -7076.139258|         27|00:30:18|   NA|  NA|    NA|
|x|          2|         27|         17|   -7080.008304|         54|00:29:51|-0.13|0.44|1.2192|
|x|          3|         27|         25|   -6508.648706|         81|00:31:44|+0.15|0.43|0.9072|
|x|          4|         27|         27|   -6752.808980|        108|00:29:07|+0.16|0.37|0.8698|
|-|          5|         18|         27|   -6805.460543|        135|00:29:42|-0.04|0.17|1.0057|
|=|          6|         18|         27|   -6114.114375|        153|00:27:17|+0.07|0.23|0.9151|
+-+-----------+-----------+-----------+---------------+-----------+--------+-----+----+------+
Best-so-far configuration:          27    mean value:    -6114.114375
Description of the best-so-far configuration:
   .ID. concurrent_writes file_cache_size memtable_cleanup concurrent_compact            compaction_method num_tokens concurrent_reads replication_factor memtable_heap_space memtable_allocation row_cache_size_in_mb sstable_open_interval trickle_fsync inter_dc_stream key_cache_size stream_throughput row_cache_save column_index_size compaction_throughput memtable_offheap_space commitlog_segment mem_flush_writers index_summary .PARENT.
27   27                34             473           0.4045                 28 SizeTieredCompactionStrategy        100               49                  2                2864        heap_buffers                    4                    86          True             273            181               298              7                99                    19                   1709                36              1717           119       NA

# 2020-11-17 13:35:16 UTC: Elite configurations (first number is the configuration ID; listed from best to worst according to the sum of ranks):
   concurrent_writes file_cache_size memtable_cleanup concurrent_compact            compaction_method num_tokens concurrent_reads replication_factor memtable_heap_space memtable_allocation row_cache_size_in_mb sstable_open_interval trickle_fsync inter_dc_stream key_cache_size stream_throughput row_cache_save column_index_size compaction_throughput memtable_offheap_space commitlog_segment mem_flush_writers index_summary
27                34             473           0.4045                 28 SizeTieredCompactionStrategy        100               49                  2                2864        heap_buffers                    4                    86          True             273            181               298              7                99                    19                   1709                36              1717           119
# 2020-11-17 13:35:16 UTC: Iteration 2 of 6
# experimentsUsedSoFar: 153
# remainingBudget: 847
# currentBudget: 169
# nbConfigurations: 25
  Markers:
     x No test is performed.
     - The test is performed and some configurations are discarded.
     = The test is performed but no configuration is discarded.
     ! The test is performed and configurations could be discarded but elite configurations are preserved.
     . All alive configurations are elite and nothing is discarded

+-+-----------+-----------+-----------+---------------+-----------+--------+-----+----+------+
| |   Instance|      Alive|       Best|      Mean best| Exp so far|  W time|  rho|KenW|  Qvar|
+-+-----------+-----------+-----------+---------------+-----------+--------+-----+----+------+
|x|          7|         25|         36|   -7368.110816|         25|00:27:15|   NA|  NA|    NA|
|x|          3|         25|         35|   -6373.898127|         49|00:28:13|+0.15|0.57|0.8468|
|x|          4|         25|         35|   -6719.682177|         73|00:25:52|-0.04|0.31|1.0266|
|x|          2|         25|         35|   -6837.029785|         97|00:26:19|+0.04|0.28|0.9483|
|=|          5|         25|         35|   -6883.351120|        121|00:26:22|+0.12|0.29|0.9281|
|-|          1|          9|         35|   -6968.138549|        145|00:26:15|+0.02|0.19|0.9273|
|=|          6|          9|         35|   -6356.446546|        153|00:11:58|+0.10|0.22|0.8924|
|=|          8|          9|         35|   -6475.099378|        162|00:09:55|+0.09|0.21|0.8782|
+-+-----------+-----------+-----------+---------------+-----------+--------+-----+----+------+
Best-so-far configuration:          35    mean value:    -6475.099378
Description of the best-so-far configuration:
   .ID. concurrent_writes file_cache_size memtable_cleanup concurrent_compact            compaction_method num_tokens concurrent_reads replication_factor memtable_heap_space memtable_allocation row_cache_size_in_mb sstable_open_interval trickle_fsync inter_dc_stream key_cache_size stream_throughput row_cache_save column_index_size compaction_throughput memtable_offheap_space commitlog_segment mem_flush_writers index_summary .PARENT.
35   35                43             411           0.8546                  8 SizeTieredCompactionStrategy        115               34                  2                2602        heap_buffers                    8                    77          True             283            174               100             12               115                    19                   2815                59                12           132       27

# 2020-11-17 16:37:27 UTC: Elite configurations (first number is the configuration ID; listed from best to worst according to the sum of ranks):
   concurrent_writes file_cache_size memtable_cleanup concurrent_compact            compaction_method num_tokens concurrent_reads replication_factor memtable_heap_space memtable_allocation row_cache_size_in_mb sstable_open_interval trickle_fsync inter_dc_stream key_cache_size stream_throughput row_cache_save column_index_size compaction_throughput memtable_offheap_space commitlog_segment mem_flush_writers index_summary
35                43             411           0.8546                  8 SizeTieredCompactionStrategy        115               34                  2                2602        heap_buffers                    8                    77          True             283            174               100             12               115                    19                   2815                59                12           132
# 2020-11-17 16:37:27 UTC: Iteration 3 of 6
# experimentsUsedSoFar: 315
# remainingBudget: 685
# currentBudget: 171
# nbConfigurations: 19
  Markers:
     x No test is performed.
     - The test is performed and some configurations are discarded.
     = The test is performed but no configuration is discarded.
     ! The test is performed and configurations could be discarded but elite configurations are preserved.
     . All alive configurations are elite and nothing is discarded

+-+-----------+-----------+-----------+---------------+-----------+--------+-----+----+------+
| |   Instance|      Alive|       Best|      Mean best| Exp so far|  W time|  rho|KenW|  Qvar|
+-+-----------+-----------+-----------+---------------+-----------+--------+-----+----+------+
|x|          9|         19|         66|   -7616.146230|         19|00:20:35|   NA|  NA|    NA|
|x|          3|         19|         55|   -6487.394087|         37|00:21:10|+0.21|0.61|0.4539|
|x|          2|         19|         54|   -6674.096795|         55|00:19:40|+0.12|0.41|0.7814|
|x|          7|         19|         35|   -6822.722878|         73|00:19:42|+0.02|0.27|0.9615|
|=|          1|         19|         35|   -6936.593442|         91|00:19:37|+0.03|0.22|0.9502|
|=|          6|         19|         35|   -6228.210289|        109|00:27:15|+0.08|0.24|0.9243|
|=|          8|         19|         35|   -6382.132990|        127|00:19:42|+0.10|0.23|0.9027|
|-|          5|          4|         35|   -6467.945924|        145|00:19:51|+0.18|0.28|0.6790|
|=|          4|          4|         35|   -6572.757519|        148|00:03:16|+0.16|0.25|0.6729|
|=|         10|          4|         35|   -6602.389309|        152|00:04:22|+0.05|0.15|0.7309|
+-+-----------+-----------+-----------+---------------+-----------+--------+-----+----+------+
Best-so-far configuration:          35    mean value:    -6602.389309
Description of the best-so-far configuration:
   .ID. concurrent_writes file_cache_size memtable_cleanup concurrent_compact            compaction_method num_tokens concurrent_reads replication_factor memtable_heap_space memtable_allocation row_cache_size_in_mb sstable_open_interval trickle_fsync inter_dc_stream key_cache_size stream_throughput row_cache_save column_index_size compaction_throughput memtable_offheap_space commitlog_segment mem_flush_writers index_summary .PARENT.
35   35                43             411           0.8546                  8 SizeTieredCompactionStrategy        115               34                  2                2602        heap_buffers                    8                    77          True             283            174               100             12               115                    19                   2815                59                12           132       27

# 2020-11-17 19:32:42 UTC: Elite configurations (first number is the configuration ID; listed from best to worst according to the sum of ranks):
   concurrent_writes file_cache_size memtable_cleanup concurrent_compact            compaction_method num_tokens concurrent_reads replication_factor memtable_heap_space memtable_allocation row_cache_size_in_mb sstable_open_interval trickle_fsync inter_dc_stream key_cache_size stream_throughput row_cache_save column_index_size compaction_throughput memtable_offheap_space commitlog_segment mem_flush_writers index_summary
35                43             411           0.8546                  8 SizeTieredCompactionStrategy        115               34                  2                2602        heap_buffers                    8                    77          True             283            174               100             12               115                    19                   2815                59                12           132
# 2020-11-17 19:32:42 UTC: Iteration 4 of 6
# experimentsUsedSoFar: 467
# remainingBudget: 533
# currentBudget: 177
# nbConfigurations: 17
  Markers:
     x No test is performed.
     - The test is performed and some configurations are discarded.
     = The test is performed but no configuration is discarded.
     ! The test is performed and configurations could be discarded but elite configurations are preserved.
     . All alive configurations are elite and nothing is discarded

+-+-----------+-----------+-----------+---------------+-----------+--------+-----+----+------+
| |   Instance|      Alive|       Best|      Mean best| Exp so far|  W time|  rho|KenW|  Qvar|
+-+-----------+-----------+-----------+---------------+-----------+--------+-----+----+------+
|x|         11|         17|         80|   -5420.641804|         17|00:19:54|   NA|  NA|    NA|
|x|         10|         17|         78|   -6286.775926|         33|00:17:38|+0.08|0.54|1.1725|
|x|          1|         17|         74|   -6563.283196|         49|00:17:27|-0.03|0.31|1.1452|
|x|          6|         17|         76|   -5555.448227|         65|00:23:57|-0.07|0.20|1.0863|
|=|          5|         17|         75|   -5829.913022|         81|00:17:33|-0.04|0.17|0.9969|
|=|          3|         17|         35|   -5721.207416|         97|00:18:44|-0.02|0.15|0.9987|
|=|          8|         17|         35|   -5947.559100|        113|00:17:34|+0.01|0.15|0.9648|
|=|          9|         17|         35|   -6123.367044|        129|00:17:16|-0.00|0.12|0.9471|
|=|          7|         17|         35|   -6258.846596|        145|00:17:31|+0.02|0.13|0.9466|
|=|          4|         17|         35|   -6374.086964|        161|00:17:28|+0.05|0.15|0.9182|
|=|          2|         17|         35|   -6448.176568|        177|00:17:28|+0.04|0.13|0.9311|
+-+-----------+-----------+-----------+---------------+-----------+--------+-----+----+------+
Best-so-far configuration:          35    mean value:    -6448.176568
Description of the best-so-far configuration:
   .ID. concurrent_writes file_cache_size memtable_cleanup concurrent_compact            compaction_method num_tokens concurrent_reads replication_factor memtable_heap_space memtable_allocation row_cache_size_in_mb sstable_open_interval trickle_fsync inter_dc_stream key_cache_size stream_throughput row_cache_save column_index_size compaction_throughput memtable_offheap_space commitlog_segment mem_flush_writers index_summary .PARENT.
35   35                43             411           0.8546                  8 SizeTieredCompactionStrategy        115               34                  2                2602        heap_buffers                    8                    77          True             283            174               100             12               115                    19                   2815                59                12           132       27

# 2020-11-17 22:55:17 UTC: Elite configurations (first number is the configuration ID; listed from best to worst according to the sum of ranks):
   concurrent_writes file_cache_size memtable_cleanup concurrent_compact            compaction_method num_tokens concurrent_reads replication_factor memtable_heap_space memtable_allocation row_cache_size_in_mb sstable_open_interval trickle_fsync inter_dc_stream key_cache_size stream_throughput row_cache_save column_index_size compaction_throughput memtable_offheap_space commitlog_segment mem_flush_writers index_summary
35                43             411           0.8546                  8 SizeTieredCompactionStrategy        115               34                  2                2602        heap_buffers                    8                    77          True             283            174               100             12               115                    19                   2815                59                12           132
# 2020-11-17 22:55:17 UTC: Iteration 5 of 6
# experimentsUsedSoFar: 644
# remainingBudget: 356
# currentBudget: 178
# nbConfigurations: 15
  Markers:
     x No test is performed.
     - The test is performed and some configurations are discarded.
     = The test is performed but no configuration is discarded.
     ! The test is performed and configurations could be discarded but elite configurations are preserved.
     . All alive configurations are elite and nothing is discarded

+-+-----------+-----------+-----------+---------------+-----------+--------+-----+----+------+
| |   Instance|      Alive|       Best|      Mean best| Exp so far|  W time|  rho|KenW|  Qvar|
+-+-----------+-----------+-----------+---------------+-----------+--------+-----+----+------+
|x|         12|         15|         94|   -2701.096645|         15|00:22:26|   NA|  NA|    NA|
|x|          6|         15|         94|   -2707.695057|         29|00:21:00|+0.79|0.90|0.1141|
|x|          2|         15|         94|   -4171.881908|         43|00:15:19|+0.51|0.67|0.5816|
|x|         10|         15|         95|   -4890.610526|         57|00:15:31|+0.37|0.53|0.6887|
|-|          8|          9|         95|   -5323.025130|         71|00:15:17|-0.12|0.10|0.9393|
|=|          3|          9|         35|   -5349.085574|         79|00:09:23|-0.06|0.12|0.9004|
|=|          1|          9|         35|   -5640.941305|         87|00:08:45|+0.02|0.16|0.8591|
|=|         11|          9|         35|   -5549.079787|         95|00:09:22|-0.03|0.10|0.9037|
|=|          5|          9|         35|   -5717.919417|        103|00:08:51|+0.02|0.13|0.8740|
|=|          4|          9|         35|   -5887.252503|        111|00:08:39|+0.01|0.11|0.8723|
|=|          9|          9|         35|   -6020.595244|        119|00:08:39|-0.00|0.09|0.9169|
|=|          7|          9|         35|   -6130.769225|        127|00:08:42|+0.03|0.11|0.8924|
|=|         13|          9|         35|   -6070.085465|        136|00:10:37|+0.01|0.08|0.8944|
+-+-----------+-----------+-----------+---------------+-----------+--------+-----+----+------+
Best-so-far configuration:          35    mean value:    -6070.085465
Description of the best-so-far configuration:
   .ID. concurrent_writes file_cache_size memtable_cleanup concurrent_compact            compaction_method num_tokens concurrent_reads replication_factor memtable_heap_space memtable_allocation row_cache_size_in_mb sstable_open_interval trickle_fsync inter_dc_stream key_cache_size stream_throughput row_cache_save column_index_size compaction_throughput memtable_offheap_space commitlog_segment mem_flush_writers index_summary .PARENT.
35   35                43             411           0.8546                  8 SizeTieredCompactionStrategy        115               34                  2                2602        heap_buffers                    8                    77          True             283            174               100             12               115                    19                   2815                59                12           132       27

# 2020-11-18 01:37:57 UTC: Elite configurations (first number is the configuration ID; listed from best to worst according to the sum of ranks):
   concurrent_writes file_cache_size memtable_cleanup concurrent_compact            compaction_method num_tokens concurrent_reads replication_factor memtable_heap_space memtable_allocation row_cache_size_in_mb sstable_open_interval trickle_fsync inter_dc_stream key_cache_size stream_throughput row_cache_save column_index_size compaction_throughput memtable_offheap_space commitlog_segment mem_flush_writers index_summary
35                43             411           0.8546                  8 SizeTieredCompactionStrategy        115               34                  2                2602        heap_buffers                    8                    77          True             283            174               100             12               115                    19                   2815                59                12           132
# 2020-11-18 01:37:57 UTC: Iteration 6 of 6
# experimentsUsedSoFar: 780
# remainingBudget: 220
# currentBudget: 220
# nbConfigurations: 16
  Markers:
     x No test is performed.
     - The test is performed and some configurations are discarded.
     = The test is performed but no configuration is discarded.
     ! The test is performed and configurations could be discarded but elite configurations are preserved.
     . All alive configurations are elite and nothing is discarded

+-+-----------+-----------+-----------+---------------+-----------+--------+-----+----+------+
| |   Instance|      Alive|       Best|      Mean best| Exp so far|  W time|  rho|KenW|  Qvar|
+-+-----------+-----------+-----------+---------------+-----------+--------+-----+----+------+
|x|         14|         16|        105|   -7212.925563|         16|00:17:34|   NA|  NA|    NA|
|x|          5|         16|        105|   -7082.305673|         31|00:16:29|-0.27|0.36|1.0659|
|x|          8|         16|         35|   -7074.071208|         46|00:16:25|-0.03|0.31|1.0687|
|x|          3|         16|         35|   -6656.831715|         61|00:17:34|+0.10|0.33|0.9085|
|=|          1|         16|         35|   -6803.880511|         76|00:16:27|+0.05|0.24|0.9626|
|=|          2|         16|         35|   -6868.079194|         91|00:16:28|+0.05|0.20|0.9307|
|=|          9|         16|         35|   -6937.499688|        106|00:16:16|+0.04|0.18|0.9043|
|=|          7|         16|         35|   -6988.147604|        121|00:16:20|+0.06|0.18|0.8777|
|=|         12|         16|         35|   -6504.941031|        136|00:22:26|+0.04|0.14|0.8979|
|=|         13|         16|         35|   -6388.634962|        151|00:17:39|+0.06|0.15|0.8783|
|-|          6|          5|         35|   -6052.058559|        166|00:22:25|+0.06|0.15|0.7694|
|=|         11|          5|         35|   -5956.557775|        170|00:04:39|+0.01|0.09|0.8024|
|=|          4|          5|         35|   -6068.457199|        174|00:04:18|+0.03|0.10|0.7739|
|=|         10|          5|         35|   -6125.644215|        178|00:04:19|+0.02|0.09|0.7857|
|=|         15|          5|         35|   -5895.368667|        183|00:07:31|+0.01|0.08|0.7928|
+-+-----------+-----------+-----------+---------------+-----------+--------+-----+----+------+
Best-so-far configuration:          35    mean value:    -5895.368667
Description of the best-so-far configuration:
   .ID. concurrent_writes file_cache_size memtable_cleanup concurrent_compact            compaction_method num_tokens concurrent_reads replication_factor memtable_heap_space memtable_allocation row_cache_size_in_mb sstable_open_interval trickle_fsync inter_dc_stream key_cache_size stream_throughput row_cache_save column_index_size compaction_throughput memtable_offheap_space commitlog_segment mem_flush_writers index_summary .PARENT.
35   35                43             411           0.8546                  8 SizeTieredCompactionStrategy        115               34                  2                2602        heap_buffers                    8                    77          True             283            174               100             12               115                    19                   2815                59                12           132       27

# 2020-11-18 05:14:55 UTC: Elite configurations (first number is the configuration ID; listed from best to worst according to the sum of ranks):
   concurrent_writes file_cache_size memtable_cleanup concurrent_compact            compaction_method num_tokens concurrent_reads replication_factor memtable_heap_space memtable_allocation row_cache_size_in_mb sstable_open_interval trickle_fsync inter_dc_stream key_cache_size stream_throughput row_cache_save column_index_size compaction_throughput memtable_offheap_space commitlog_segment mem_flush_writers index_summary
35                43             411           0.8546                  8 SizeTieredCompactionStrategy        115               34                  2                2602        heap_buffers                    8                    77          True             283            174               100             12               115                    19                   2815                59                12           132
# 2020-11-18 05:14:55 UTC: Iteration 7 of 7
# experimentsUsedSoFar: 963
# remainingBudget: 37
# currentBudget: 37
# nbConfigurations: 3
  Markers:
     x No test is performed.
     - The test is performed and some configurations are discarded.
     = The test is performed but no configuration is discarded.
     ! The test is performed and configurations could be discarded but elite configurations are preserved.
     . All alive configurations are elite and nothing is discarded

+-+-----------+-----------+-----------+---------------+-----------+--------+-----+----+------+
| |   Instance|      Alive|       Best|      Mean best| Exp so far|  W time|  rho|KenW|  Qvar|
+-+-----------+-----------+-----------+---------------+-----------+--------+-----+----+------+
|x|         16|          3|        115|   -7319.036815|          3|00:03:15|   NA|  NA|    NA|
|x|         13|          3|        115|   -6375.876315|          5|00:02:19|+0.50|0.75|0.5642|
|x|          5|          3|        115|   -6555.634575|          7|00:02:10|-0.33|0.11|0.9344|
|x|          8|          3|         35|   -6740.640703|          9|00:02:10|-0.33|0.00|0.8728|
|=|         10|          3|        116|   -6773.268870|         11|00:02:10|-0.20|0.04|0.8112|
|=|         14|          3|         35|   -6779.924367|         13|00:02:14|-0.10|0.08|0.7324|
|=|          7|          3|         35|   -6860.318459|         15|00:02:10|+0.00|0.14|0.6586|
|=|         12|          3|         35|   -6332.689708|         17|00:02:56|-0.09|0.05|0.7186|
|=|          6|          3|         35|   -5927.534688|         19|00:02:58|-0.03|0.09|0.6762|
|=|          1|          3|         35|   -6073.988788|         21|00:02:11|+0.03|0.13|0.6404|
|=|          4|          3|         35|   -6195.558015|         23|00:02:08|-0.04|0.06|0.6893|
|=|          9|          3|        116|   -6241.850791|         25|00:02:08|-0.04|0.05|0.6874|
|=|         15|          3|        116|   -5968.185612|         27|00:03:00|+0.00|0.08|0.6615|
|=|          3|          3|         35|   -5970.127504|         29|00:02:19|-0.01|0.06|0.6736|
|=|         11|          3|         35|   -5899.188948|         31|00:02:23|-0.04|0.03|0.6904|
|=|          2|          3|         35|   -5979.806677|         33|00:02:11|-0.03|0.04|0.6885|
|=|         17|          3|         35|   -6042.361903|         36|00:03:19|-0.00|0.06|0.6730|
+-+-----------+-----------+-----------+---------------+-----------+--------+-----+----+------+
Best-so-far configuration:          35    mean value:    -6042.361903
Description of the best-so-far configuration:
   .ID. concurrent_writes file_cache_size memtable_cleanup concurrent_compact            compaction_method num_tokens concurrent_reads replication_factor memtable_heap_space memtable_allocation row_cache_size_in_mb sstable_open_interval trickle_fsync inter_dc_stream key_cache_size stream_throughput row_cache_save column_index_size compaction_throughput memtable_offheap_space commitlog_segment mem_flush_writers index_summary .PARENT.
35   35                43             411           0.8546                  8 SizeTieredCompactionStrategy        115               34                  2                2602        heap_buffers                    8                    77          True             283            174               100             12               115                    19                   2815                59                12           132       27

# 2020-11-18 05:57:06 UTC: Elite configurations (first number is the configuration ID; listed from best to worst according to the sum of ranks):
   concurrent_writes file_cache_size memtable_cleanup concurrent_compact            compaction_method num_tokens concurrent_reads replication_factor memtable_heap_space memtable_allocation row_cache_size_in_mb sstable_open_interval trickle_fsync inter_dc_stream key_cache_size stream_throughput row_cache_save column_index_size compaction_throughput memtable_offheap_space commitlog_segment mem_flush_writers index_summary
35                43             411           0.8546                  8 SizeTieredCompactionStrategy        115               34                  2                2602        heap_buffers                    8                    77          True             283            174               100             12               115                    19                   2815                59                12           132
# 2020-11-18 05:57:06 UTC: Stopped because there is not enough budget left to race more than the minimum (1)
# You may either increase the budget or set 'minNbSurvival' to a lower value
# Iteration: 8
# nbIterations: 8
# experimentsUsedSoFar: 999
# timeUsed: 0
# remainingBudget: 1
# currentBudget: 1
# number of elites: 1
# nbConfigurations: 1
# Best configurations (first number is the configuration ID; listed from best to worst according to the sum of ranks):
   concurrent_writes file_cache_size memtable_cleanup concurrent_compact            compaction_method num_tokens concurrent_reads replication_factor memtable_heap_space memtable_allocation row_cache_size_in_mb sstable_open_interval trickle_fsync inter_dc_stream key_cache_size stream_throughput row_cache_save column_index_size compaction_throughput memtable_offheap_space commitlog_segment mem_flush_writers index_summary
35                43             411           0.8546                  8 SizeTieredCompactionStrategy        115               34                  2                2602        heap_buffers                    8                    77          True             283            174               100             12               115                    19                   2815                59                12           132
# Best configurations as commandlines (first number is the configuration ID; same order as above):
35  43 411 0.8546 8 SizeTieredCompactionStrategy 115 34 2 2602 heap_buffers 8 77 True 283 174 100 12 115 19 2815 59 12 132
