#------------------------------------------------------------------------------
# irace: An implementation in R of (Elitist) Iterated Racing
# Version: 3.3.2238:2239
# Copyright (C) 2010-2019
# Manuel Lopez-Ibanez     <manuel.lopez-ibanez@manchester.ac.uk>
# Jeremie Dubois-Lacoste  
# Leslie Perez Caceres    <leslie.perez.caceres@ulb.ac.be>
#
# This is free software, and you are welcome to redistribute it under certain
# conditions.  See the GNU General Public License for details. There is NO
# WARRANTY; not even for MERCHANTABILITY or FITNESS FOR A PARTICULAR PURPOSE.
#
# irace builds upon previous code from the race package:
#     race: Racing methods for the selection of the best
#     Copyright (C) 2003 Mauro Birattari
#------------------------------------------------------------------------------
# installed at: /home/moises_silva/R/x86_64-pc-linux-gnu-library/3.4/irace
# called with: 
Warning: A default scenario file './scenario.txt' has been found and will be read
# Adding 1 initial configuration(s) from file '/home/moises_silva/tuning/configurations.txt' 
# 2020-11-17 10:41:07 UTC: Initialization
# Elitist race
# Elitist new instances: 1
# Elitist limit: 2
# nbIterations: 6
# minNbSurvival: 1
# nbParameters: 23
# seed: 1598178518
# confidence level: 0.95
# budget: 2000
# mu: 5
# deterministic: FALSE

# 2020-11-17 10:41:07 UTC: Iteration 1 of 6
# experimentsUsedSoFar: 0
# remainingBudget: 2000
# currentBudget: 333
# nbConfigurations: 55
  Markers:
     x No test is performed.
     - The test is performed and some configurations are discarded.
     = The test is performed but no configuration is discarded.
     ! The test is performed and configurations could be discarded but elite configurations are preserved.
     . All alive configurations are elite and nothing is discarded

+-+-----------+-----------+-----------+---------------+-----------+--------+-----+----+------+
| |   Instance|      Alive|       Best|      Mean best| Exp so far|  W time|  rho|KenW|  Qvar|
+-+-----------+-----------+-----------+---------------+-----------+--------+-----+----+------+
|x|          1|         55|         45|   -7623.113279|         55|00:58:49|   NA|  NA|    NA|
|x|          2|         55|         36|   -7778.888776|        110|00:57:25|-0.12|0.44|0.8836|
|x|          3|         55|         37|   -6119.376022|        165|01:20:16|+0.16|0.44|0.7756|
|x|          4|         55|         37|   -6484.619948|        220|00:58:12|+0.16|0.37|0.8037|
|-|          5|         26|         24|   -6315.080603|        275|01:02:19|-0.05|0.16|1.0509|
|=|          6|         26|         24|   -6561.403412|        301|00:27:21|+0.01|0.18|0.9787|
|=|          7|         26|         24|   -6699.710567|        327|00:27:30|+0.03|0.17|0.9575|
+-+-----------+-----------+-----------+---------------+-----------+--------+-----+----+------+
Best-so-far configuration:          24    mean value:    -6699.710567
Description of the best-so-far configuration:
   .ID. concurrent_writes file_cache_size memtable_cleanup concurrent_compact         compaction_method num_tokens concurrent_reads replication_factor memtable_heap_space memtable_allocation row_cache_size_in_mb sstable_open_interval trickle_fsync inter_dc_stream key_cache_size stream_throughput row_cache_save column_index_size compaction_throughput memtable_offheap_space commitlog_segment mem_flush_writers index_summary .PARENT.
24   24                37             663           0.4658                 16 LeveledCompactionStrategy         19               48                  3                1855        heap_buffers                    9                    42          True             109             93               115             80               101                    32                   1093                37              1279           124       NA

# 2020-11-17 16:53:01 UTC: Elite configurations (first number is the configuration ID; listed from best to worst according to the sum of ranks):
   concurrent_writes file_cache_size memtable_cleanup concurrent_compact         compaction_method num_tokens concurrent_reads replication_factor memtable_heap_space memtable_allocation row_cache_size_in_mb sstable_open_interval trickle_fsync inter_dc_stream key_cache_size stream_throughput row_cache_save column_index_size compaction_throughput memtable_offheap_space commitlog_segment mem_flush_writers index_summary
24                37             663           0.4658                 16 LeveledCompactionStrategy         19               48                  3                1855        heap_buffers                    9                    42          True             109             93               115             80               101                    32                   1093                37              1279           124
# 2020-11-17 16:53:01 UTC: Iteration 2 of 6
# experimentsUsedSoFar: 327
# remainingBudget: 1673
# currentBudget: 334
# nbConfigurations: 42
  Markers:
     x No test is performed.
     - The test is performed and some configurations are discarded.
     = The test is performed but no configuration is discarded.
     ! The test is performed and configurations could be discarded but elite configurations are preserved.
     . All alive configurations are elite and nothing is discarded

+-+-----------+-----------+-----------+---------------+-----------+--------+-----+----+------+
| |   Instance|      Alive|       Best|      Mean best| Exp so far|  W time|  rho|KenW|  Qvar|
+-+-----------+-----------+-----------+---------------+-----------+--------+-----+----+------+
|x|          8|         42|         88|   -2908.583229|         42|01:01:07|   NA|  NA|    NA|
|x|          6|         42|         24|   -5348.140362|         83|00:43:10|+0.31|0.66|0.6480|
|x|          2|         42|         24|   -6233.374189|        124|00:43:09|+0.34|0.56|0.7871|
|x|          1|         42|         24|   -6525.648749|        165|00:43:42|+0.22|0.41|0.7916|
|-|          4|         14|         24|   -6733.149463|        206|00:43:49|+0.02|0.22|0.9426|
|=|          5|         14|         24|   -6566.834616|        219|00:14:51|+0.08|0.23|0.9320|
|=|          3|         14|         24|   -6038.811963|        232|00:18:44|+0.12|0.24|0.8804|
|-|          7|          3|         24|   -6225.154655|        245|00:13:54|+0.34|0.42|0.3898|
|=|          9|          3|         24|   -6337.400412|        248|00:03:11|+0.14|0.23|0.5427|
|=|         10|          3|         24|   -6271.874474|        251|00:03:22|+0.12|0.21|0.5396|
+-+-----------+-----------+-----------+---------------+-----------+--------+-----+----+------+
Best-so-far configuration:          24    mean value:    -6271.874474
Description of the best-so-far configuration:
   .ID. concurrent_writes file_cache_size memtable_cleanup concurrent_compact         compaction_method num_tokens concurrent_reads replication_factor memtable_heap_space memtable_allocation row_cache_size_in_mb sstable_open_interval trickle_fsync inter_dc_stream key_cache_size stream_throughput row_cache_save column_index_size compaction_throughput memtable_offheap_space commitlog_segment mem_flush_writers index_summary .PARENT.
24   24                37             663           0.4658                 16 LeveledCompactionStrategy         19               48                  3                1855        heap_buffers                    9                    42          True             109             93               115             80               101                    32                   1093                37              1279           124       NA

# 2020-11-17 21:42:04 UTC: Elite configurations (first number is the configuration ID; listed from best to worst according to the sum of ranks):
   concurrent_writes file_cache_size memtable_cleanup concurrent_compact         compaction_method num_tokens concurrent_reads replication_factor memtable_heap_space memtable_allocation row_cache_size_in_mb sstable_open_interval trickle_fsync inter_dc_stream key_cache_size stream_throughput row_cache_save column_index_size compaction_throughput memtable_offheap_space commitlog_segment mem_flush_writers index_summary
24                37             663           0.4658                 16 LeveledCompactionStrategy         19               48                  3                1855        heap_buffers                    9                    42          True             109             93               115             80               101                    32                   1093                37              1279           124
# 2020-11-17 21:42:04 UTC: Iteration 3 of 6
# experimentsUsedSoFar: 578
# remainingBudget: 1422
# currentBudget: 355
# nbConfigurations: 33
  Markers:
     x No test is performed.
     - The test is performed and some configurations are discarded.
     = The test is performed but no configuration is discarded.
     ! The test is performed and configurations could be discarded but elite configurations are preserved.
     . All alive configurations are elite and nothing is discarded

+-+-----------+-----------+-----------+---------------+-----------+--------+-----+----+------+
| |   Instance|      Alive|       Best|      Mean best| Exp so far|  W time|  rho|KenW|  Qvar|
+-+-----------+-----------+-----------+---------------+-----------+--------+-----+----+------+
|x|         11|         33|        111|   -7707.723139|         33|00:35:00|   NA|  NA|    NA|
|x|          3|         33|        111|   -5276.296208|         65|00:46:52|+0.41|0.71|0.5634|
|x|         10|         33|        111|   -5404.501275|         97|00:36:40|+0.32|0.55|0.6668|
|x|          6|         33|        111|   -5916.128359|        129|00:33:58|+0.25|0.44|0.7357|
|-|          8|         15|        111|   -5302.184254|        161|00:46:32|-0.03|0.18|0.9959|
|=|          4|         15|         24|   -5693.658131|        175|00:14:53|+0.00|0.17|0.9449|
|=|          7|         15|         24|   -5955.928897|        189|00:14:50|+0.02|0.16|0.9200|
|=|          5|         15|         24|   -5928.345333|        203|00:15:50|+0.02|0.14|0.9217|
|=|          1|         15|         24|   -6092.137232|        217|00:14:46|-0.02|0.10|0.9436|
|=|          9|         15|         24|   -6206.460156|        231|00:14:51|-0.01|0.09|0.9449|
|=|          2|         15|         24|   -6369.858491|        245|00:14:38|-0.01|0.08|0.9481|
|=|         12|         15|         24|   -6472.172745|        260|00:15:38|-0.01|0.08|0.9348|
+-+-----------+-----------+-----------+---------------+-----------+--------+-----+----+------+
Best-so-far configuration:          24    mean value:    -6472.172745
Description of the best-so-far configuration:
   .ID. concurrent_writes file_cache_size memtable_cleanup concurrent_compact         compaction_method num_tokens concurrent_reads replication_factor memtable_heap_space memtable_allocation row_cache_size_in_mb sstable_open_interval trickle_fsync inter_dc_stream key_cache_size stream_throughput row_cache_save column_index_size compaction_throughput memtable_offheap_space commitlog_segment mem_flush_writers index_summary .PARENT.
24   24                37             663           0.4658                 16 LeveledCompactionStrategy         19               48                  3                1855        heap_buffers                    9                    42          True             109             93               115             80               101                    32                   1093                37              1279           124       NA

# 2020-11-18 02:46:37 UTC: Elite configurations (first number is the configuration ID; listed from best to worst according to the sum of ranks):
   concurrent_writes file_cache_size memtable_cleanup concurrent_compact         compaction_method num_tokens concurrent_reads replication_factor memtable_heap_space memtable_allocation row_cache_size_in_mb sstable_open_interval trickle_fsync inter_dc_stream key_cache_size stream_throughput row_cache_save column_index_size compaction_throughput memtable_offheap_space commitlog_segment mem_flush_writers index_summary
24                37             663           0.4658                 16 LeveledCompactionStrategy         19               48                  3                1855        heap_buffers                    9                    42          True             109             93               115             80               101                    32                   1093                37              1279           124
# 2020-11-18 02:46:38 UTC: Iteration 4 of 6
# experimentsUsedSoFar: 838
# remainingBudget: 1162
# currentBudget: 387
# nbConfigurations: 30
  Markers:
     x No test is performed.
     - The test is performed and some configurations are discarded.
     = The test is performed but no configuration is discarded.
     ! The test is performed and configurations could be discarded but elite configurations are preserved.
     . All alive configurations are elite and nothing is discarded

+-+-----------+-----------+-----------+---------------+-----------+--------+-----+----+------+
| |   Instance|      Alive|       Best|      Mean best| Exp so far|  W time|  rho|KenW|  Qvar|
+-+-----------+-----------+-----------+---------------+-----------+--------+-----+----+------+
|x|         13|         30|        129|   -7801.529100|         30|00:31:36|   NA|  NA|    NA|
|x|          3|         30|        130|   -5334.430784|         59|00:41:44|+0.15|0.58|0.7781|
|x|          6|         30|        153|   -6099.678944|         88|00:30:32|+0.03|0.36|1.0014|
|x|         11|         30|        153|   -6498.576061|        117|00:30:37|+0.11|0.33|0.9169|
|-|          8|         13|        153|   -5769.718563|        146|00:41:44|-0.08|0.14|1.0518|
|=|          2|         13|        153|   -6062.363301|        158|00:12:33|-0.03|0.14|1.0055|
|=|          4|         13|         24|   -6263.607354|        170|00:12:47|-0.07|0.08|1.0234|
|=|         10|         13|         24|   -6190.924064|        182|00:13:33|-0.06|0.07|1.0040|
|=|          9|         13|        146|   -6374.989624|        194|00:12:43|-0.07|0.05|0.9846|
|=|          5|         13|         24|   -6249.801936|        206|00:13:35|-0.05|0.06|0.9768|
|=|         12|         13|        146|   -6430.909802|        218|00:12:31|-0.02|0.07|0.9519|
|=|          7|         13|        146|   -6518.753147|        230|00:12:45|-0.02|0.06|0.9577|
|=|          1|         13|        146|   -6594.161568|        242|00:12:49|-0.02|0.06|0.9532|
|=|         14|         13|        146|   -6326.609655|        255|00:18:29|-0.00|0.07|0.9425|
+-+-----------+-----------+-----------+---------------+-----------+--------+-----+----+------+
Best-so-far configuration:         146    mean value:    -6326.609655
Description of the best-so-far configuration:
    .ID. concurrent_writes file_cache_size memtable_cleanup concurrent_compact         compaction_method num_tokens concurrent_reads replication_factor memtable_heap_space memtable_allocation row_cache_size_in_mb sstable_open_interval trickle_fsync inter_dc_stream key_cache_size stream_throughput row_cache_save column_index_size compaction_throughput memtable_offheap_space commitlog_segment mem_flush_writers index_summary .PARENT.
146  146                54             804           0.6284                  4 LeveledCompactionStrategy         81               58                  9                1737        heap_buffers                   16                    46         False             251             89               140            111                77                    28                   1185                54                 9           108       24

# 2020-11-18 07:44:42 UTC: Elite configurations (first number is the configuration ID; listed from best to worst according to the sum of ranks):
    concurrent_writes file_cache_size memtable_cleanup concurrent_compact         compaction_method num_tokens concurrent_reads replication_factor memtable_heap_space memtable_allocation row_cache_size_in_mb sstable_open_interval trickle_fsync inter_dc_stream key_cache_size stream_throughput row_cache_save column_index_size compaction_throughput memtable_offheap_space commitlog_segment mem_flush_writers index_summary
146                54             804           0.6284                  4 LeveledCompactionStrategy         81               58                  9                1737        heap_buffers                   16                    46         False             251             89               140            111                77                    28                   1185                54                 9           108
# 2020-11-18 07:44:42 UTC: Iteration 5 of 6
# experimentsUsedSoFar: 1093
# remainingBudget: 907
# currentBudget: 453
# nbConfigurations: 31
  Markers:
     x No test is performed.
     - The test is performed and some configurations are discarded.
     = The test is performed but no configuration is discarded.
     ! The test is performed and configurations could be discarded but elite configurations are preserved.
     . All alive configurations are elite and nothing is discarded

+-+-----------+-----------+-----------+---------------+-----------+--------+-----+----+------+
| |   Instance|      Alive|       Best|      Mean best| Exp so far|  W time|  rho|KenW|  Qvar|
+-+-----------+-----------+-----------+---------------+-----------+--------+-----+----+------+
|x|         15|         31|        183|   -7666.947788|         31|00:32:48|   NA|  NA|    NA|
|x|          4|         31|        180|   -7563.656966|         61|00:31:52|+0.16|0.58|0.7513|
|x|          8|         31|        161|   -5998.870038|         91|00:43:18|+0.19|0.46|0.6617|
|x|          3|         31|        180|   -5178.730980|        121|00:43:07|+0.13|0.34|0.6859|
|=|          7|         31|        160|   -5615.203595|        151|00:31:54|+0.07|0.25|0.8173|
|=|          9|         31|        183|   -5914.683452|        181|00:31:43|+0.01|0.17|0.8669|
|=|         14|         31|        160|   -5485.678727|        211|00:42:54|+0.06|0.20|0.7962|
|=|          6|         31|        160|   -5756.943316|        241|00:31:36|+0.04|0.16|0.8630|
|=|         11|         31|        146|   -5980.096462|        271|00:31:41|+0.03|0.14|0.8876|
|=|          5|         31|        160|   -5912.632678|        301|00:33:55|+0.01|0.11|0.9296|
|=|          2|         31|        146|   -6104.895091|        331|00:31:24|+0.02|0.11|0.9203|
|=|          1|         31|        160|   -6225.202481|        361|00:31:48|+0.03|0.11|0.9208|
|=|         13|         31|        160|   -6338.329954|        391|00:31:38|+0.03|0.10|0.9291|
|=|         10|         31|        160|   -6290.309486|        421|00:34:01|+0.03|0.10|0.9363|
|-|         12|         12|        146|   -6405.561730|        451|00:31:32|-0.02|0.05|0.9242|
+-+-----------+-----------+-----------+---------------+-----------+--------+-----+----+------+
Best-so-far configuration:         146    mean value:    -6405.561730
Description of the best-so-far configuration:
    .ID. concurrent_writes file_cache_size memtable_cleanup concurrent_compact         compaction_method num_tokens concurrent_reads replication_factor memtable_heap_space memtable_allocation row_cache_size_in_mb sstable_open_interval trickle_fsync inter_dc_stream key_cache_size stream_throughput row_cache_save column_index_size compaction_throughput memtable_offheap_space commitlog_segment mem_flush_writers index_summary .PARENT.
146  146                54             804           0.6284                  4 LeveledCompactionStrategy         81               58                  9                1737        heap_buffers                   16                    46         False             251             89               140            111                77                    28                   1185                54                 9           108       24

# 2020-11-18 16:19:59 UTC: Elite configurations (first number is the configuration ID; listed from best to worst according to the sum of ranks):
    concurrent_writes file_cache_size memtable_cleanup concurrent_compact         compaction_method num_tokens concurrent_reads replication_factor memtable_heap_space memtable_allocation row_cache_size_in_mb sstable_open_interval trickle_fsync inter_dc_stream key_cache_size stream_throughput row_cache_save column_index_size compaction_throughput memtable_offheap_space commitlog_segment mem_flush_writers index_summary
146                54             804           0.6284                  4 LeveledCompactionStrategy         81               58                  9                1737        heap_buffers                   16                    46         False             251             89               140            111                77                    28                   1185                54                 9           108
# 2020-11-18 16:19:59 UTC: Iteration 6 of 6
# experimentsUsedSoFar: 1544
# remainingBudget: 456
# currentBudget: 456
# nbConfigurations: 29
  Markers:
     x No test is performed.
     - The test is performed and some configurations are discarded.
     = The test is performed but no configuration is discarded.
     ! The test is performed and configurations could be discarded but elite configurations are preserved.
     . All alive configurations are elite and nothing is discarded

+-+-----------+-----------+-----------+---------------+-----------+--------+-----+----+------+
| |   Instance|      Alive|       Best|      Mean best| Exp so far|  W time|  rho|KenW|  Qvar|
+-+-----------+-----------+-----------+---------------+-----------+--------+-----+----+------+
|x|         16|         29|        200|   -5779.010633|         29|00:32:53|   NA|  NA|    NA|
|x|          3|         29|        208|   -4274.772965|         57|00:39:58|+0.06|0.53|0.9111|
|x|          4|         29|        189|   -5364.373794|         85|00:29:47|+0.08|0.39|0.9167|
|x|          5|         29|        208|   -5398.060126|        113|00:31:44|+0.11|0.33|0.9159|
|=|         13|         29|        208|   -5846.215269|        141|00:29:36|+0.09|0.27|0.9415|
|=|          2|         29|        208|   -6185.837438|        169|00:29:20|+0.08|0.23|0.9414|
|=|          6|         29|        189|   -6391.619162|        197|00:29:34|+0.03|0.17|0.9793|
|=|          1|         29|        189|   -6535.707129|        225|00:29:35|+0.05|0.17|0.9634|
|=|          9|         29|        189|   -6652.801533|        253|00:29:38|+0.05|0.15|0.9524|
|-|         10|         19|        189|   -6555.767772|        281|00:31:45|-0.03|0.08|0.9817|
|=|         14|         19|        189|   -6209.834517|        299|00:25:51|-0.02|0.07|0.9910|
|=|         15|         19|        212|   -6334.286251|        317|00:19:12|-0.01|0.07|0.9708|
|=|          7|         19|        212|   -6403.841837|        335|00:19:15|-0.00|0.07|0.9685|
|=|          8|         19|        212|   -6149.583274|        353|00:25:44|+0.02|0.09|0.9497|
|=|         11|         19|        146|   -6236.792503|        371|00:18:59|+0.03|0.09|0.9378|
|=|         12|         19|        146|   -6348.960685|        389|00:18:50|+0.03|0.09|0.9231|
|-|         17|         14|        146|   -6417.575149|        408|00:20:11|-0.02|0.04|0.9347|
|=|         18|         14|        146|   -6487.213460|        422|00:14:40|-0.03|0.03|0.9512|
|=|         19|         14|        146|   -6530.065482|        436|00:14:53|-0.03|0.03|0.9460|
+-+-----------+-----------+-----------+---------------+-----------+--------+-----+----+------+
Best-so-far configuration:         146    mean value:    -6530.065482
Description of the best-so-far configuration:
    .ID. concurrent_writes file_cache_size memtable_cleanup concurrent_compact         compaction_method num_tokens concurrent_reads replication_factor memtable_heap_space memtable_allocation row_cache_size_in_mb sstable_open_interval trickle_fsync inter_dc_stream key_cache_size stream_throughput row_cache_save column_index_size compaction_throughput memtable_offheap_space commitlog_segment mem_flush_writers index_summary .PARENT.
146  146                54             804           0.6284                  4 LeveledCompactionStrategy         81               58                  9                1737        heap_buffers                   16                    46         False             251             89               140            111                77                    28                   1185                54                 9           108       24

# 2020-11-19 00:31:33 UTC: Elite configurations (first number is the configuration ID; listed from best to worst according to the sum of ranks):
    concurrent_writes file_cache_size memtable_cleanup concurrent_compact         compaction_method num_tokens concurrent_reads replication_factor memtable_heap_space memtable_allocation row_cache_size_in_mb sstable_open_interval trickle_fsync inter_dc_stream key_cache_size stream_throughput row_cache_save column_index_size compaction_throughput memtable_offheap_space commitlog_segment mem_flush_writers index_summary
146                54             804           0.6284                  4 LeveledCompactionStrategy         81               58                  9                1737        heap_buffers                   16                    46         False             251             89               140            111                77                    28                   1185                54                 9           108
# 2020-11-19 00:31:33 UTC: Stopped because there is not enough budget left to race more than the minimum (1)
# You may either increase the budget or set 'minNbSurvival' to a lower value
# Iteration: 7
# nbIterations: 7
# experimentsUsedSoFar: 1980
# timeUsed: 0
# remainingBudget: 20
# currentBudget: 20
# number of elites: 1
# nbConfigurations: 1
# Best configurations (first number is the configuration ID; listed from best to worst according to the sum of ranks):
    concurrent_writes file_cache_size memtable_cleanup concurrent_compact         compaction_method num_tokens concurrent_reads replication_factor memtable_heap_space memtable_allocation row_cache_size_in_mb sstable_open_interval trickle_fsync inter_dc_stream key_cache_size stream_throughput row_cache_save column_index_size compaction_throughput memtable_offheap_space commitlog_segment mem_flush_writers index_summary
146                54             804           0.6284                  4 LeveledCompactionStrategy         81               58                  9                1737        heap_buffers                   16                    46         False             251             89               140            111                77                    28                   1185                54                 9           108
# Best configurations as commandlines (first number is the configuration ID; same order as above):
146  54 804 0.6284 4 LeveledCompactionStrategy 81 58 9 1737 heap_buffers 16 46 False 251 89 140 111 77 28 1185 54 9 108
