#------------------------------------------------------------------------------
# irace: An implementation in R of (Elitist) Iterated Racing
# Version: 3.3.2238:2239
# Copyright (C) 2010-2019
# Manuel Lopez-Ibanez     <manuel.lopez-ibanez@manchester.ac.uk>
# Jeremie Dubois-Lacoste  
# Leslie Perez Caceres    <leslie.perez.caceres@ulb.ac.be>
#
# This is free software, and you are welcome to redistribute it under certain
# conditions.  See the GNU General Public License for details. There is NO
# WARRANTY; not even for MERCHANTABILITY or FITNESS FOR A PARTICULAR PURPOSE.
#
# irace builds upon previous code from the race package:
#     race: Racing methods for the selection of the best
#     Copyright (C) 2003 Mauro Birattari
#------------------------------------------------------------------------------
# installed at: /home/moises_silva/R/x86_64-pc-linux-gnu-library/3.4/irace
# called with: 
Warning: A default scenario file './scenario.txt' has been found and will be read
# 2020-11-17 10:37:14 UTC: Initialization
# Elitist race
# Elitist new instances: 1
# Elitist limit: 2
# nbIterations: 6
# minNbSurvival: 6
# nbParameters: 23
# seed: 1834658480
# confidence level: 0.95
# budget: 1000
# mu: 5
# deterministic: FALSE

# 2020-11-17 10:37:14 UTC: Iteration 1 of 6
# experimentsUsedSoFar: 0
# remainingBudget: 1000
# currentBudget: 166
# nbConfigurations: 27
  Markers:
     x No test is performed.
     - The test is performed and some configurations are discarded.
     = The test is performed but no configuration is discarded.
     ! The test is performed and configurations could be discarded but elite configurations are preserved.
     . All alive configurations are elite and nothing is discarded

+-+-----------+-----------+-----------+---------------+-----------+--------+-----+----+------+
| |   Instance|      Alive|       Best|      Mean best| Exp so far|  W time|  rho|KenW|  Qvar|
+-+-----------+-----------+-----------+---------------+-----------+--------+-----+----+------+
|x|          1|         27|          1|   -7006.235550|         27|00:31:52|   NA|  NA|    NA|
|x|          2|         27|         21|   -5951.012365|         54|00:32:40|-0.12|0.44|1.2219|
|x|          3|         27|         21|   -4868.437309|         81|00:40:46|-0.07|0.29|1.0574|
|x|          4|         27|         21|   -5497.436385|        108|00:29:04|+0.05|0.29|0.9125|
|=|          5|         27|         21|   -5810.777591|        135|00:29:24|+0.04|0.23|0.9392|
|=|          6|         27|         21|   -6077.889325|        162|00:29:20|+0.06|0.21|0.9392|
+-+-----------+-----------+-----------+---------------+-----------+--------+-----+----+------+
Best-so-far configuration:          21    mean value:    -6077.889325
Description of the best-so-far configuration:
   .ID. concurrent_writes file_cache_size memtable_cleanup concurrent_compact         compaction_method num_tokens concurrent_reads replication_factor memtable_heap_space memtable_allocation row_cache_size_in_mb sstable_open_interval trickle_fsync inter_dc_stream key_cache_size stream_throughput row_cache_save column_index_size compaction_throughput memtable_offheap_space commitlog_segment mem_flush_writers index_summary .PARENT.
21   21                15             543             0.19                 19 LeveledCompactionStrategy        139               55                  6                2672        heap_buffers                   11                    74          True             232             88               333             56                62                    26                   2885                56              3008            94       NA

# 2020-11-17 13:50:22 UTC: Elite configurations (first number is the configuration ID; listed from best to worst according to the sum of ranks):
   concurrent_writes file_cache_size memtable_cleanup concurrent_compact            compaction_method num_tokens concurrent_reads replication_factor memtable_heap_space memtable_allocation row_cache_size_in_mb sstable_open_interval trickle_fsync inter_dc_stream key_cache_size stream_throughput row_cache_save column_index_size compaction_throughput memtable_offheap_space commitlog_segment mem_flush_writers index_summary
21                15             543             0.19                 19    LeveledCompactionStrategy        139               55                  6                2672        heap_buffers                   11                    74          True             232             88               333             56                62                    26                   2885                56              3008            94
4                 45             672             0.77                 16    LeveledCompactionStrategy        119               31                  8                2517        heap_buffers                    8                    85          True             281            122               148             16               124                    29                   1191                55              2672           109
7                 28             373             0.39                 22    LeveledCompactionStrategy         97               46                  7                2215        heap_buffers                   13                    61         False             165              1               207             73                48                    32                   1972                40              1452            90
10                53             818             0.83                  4 SizeTieredCompactionStrategy        204               57                  3                1739        heap_buffers                   16                    92         False             319            142               222             68               107                    22                   3000                58              1073           143
2                 51             259             0.43                 23    LeveledCompactionStrategy        252               13                 11                1944        heap_buffers                    6                    24          True             167            199               391              4                88                    18                   1588                38              2011           125
18                45             315             0.68                 15    LeveledCompactionStrategy        123               11                  6                2263     offheap_buffers                    5                    92          True             275             83               234             68               125                    18                   2948                61              1113            95
# 2020-11-17 13:50:22 UTC: Iteration 2 of 6
# experimentsUsedSoFar: 162
# remainingBudget: 838
# currentBudget: 167
# nbConfigurations: 29
  Markers:
     x No test is performed.
     - The test is performed and some configurations are discarded.
     = The test is performed but no configuration is discarded.
     ! The test is performed and configurations could be discarded but elite configurations are preserved.
     . All alive configurations are elite and nothing is discarded

+-+-----------+-----------+-----------+---------------+-----------+--------+-----+----+------+
| |   Instance|      Alive|       Best|      Mean best| Exp so far|  W time|  rho|KenW|  Qvar|
+-+-----------+-----------+-----------+---------------+-----------+--------+-----+----+------+
|x|          7|         29|         10|   -7377.895824|         29|00:31:41|   NA|  NA|    NA|
|x|          4|         29|         10|   -7322.668842|         52|00:25:17|-0.20|0.40|1.1489|
|x|          2|         29|         21|   -6699.922863|         75|00:27:00|-0.14|0.24|1.1404|
|x|          5|         29|         10|   -6788.128491|         98|00:24:57|-0.07|0.20|1.0032|
|=|          6|         29|         21|   -6915.471799|        121|00:24:42|-0.09|0.12|1.0261|
|=|          1|         29|         44|   -6894.537307|        144|00:25:15|-0.07|0.11|1.0053|
|=|          3|         29|         44|   -6296.760626|        167|00:34:52|+0.00|0.15|0.9488|
+-+-----------+-----------+-----------+---------------+-----------+--------+-----+----+------+
Best-so-far configuration:          44    mean value:    -6296.760626
Description of the best-so-far configuration:
   .ID. concurrent_writes file_cache_size memtable_cleanup concurrent_compact         compaction_method num_tokens concurrent_reads replication_factor memtable_heap_space memtable_allocation row_cache_size_in_mb sstable_open_interval trickle_fsync inter_dc_stream key_cache_size stream_throughput row_cache_save column_index_size compaction_throughput memtable_offheap_space commitlog_segment mem_flush_writers index_summary .PARENT.
44   44                48             673             0.12                 19 LeveledCompactionStrategy        174               43                  8                2442        heap_buffers                    2                    54         False             262            170               258             56               121                    23                   2018                55              1413           139        4

# 2020-11-17 17:04:10 UTC: Elite configurations (first number is the configuration ID; listed from best to worst according to the sum of ranks):
   concurrent_writes file_cache_size memtable_cleanup concurrent_compact            compaction_method num_tokens concurrent_reads replication_factor memtable_heap_space memtable_allocation row_cache_size_in_mb sstable_open_interval trickle_fsync inter_dc_stream key_cache_size stream_throughput row_cache_save column_index_size compaction_throughput memtable_offheap_space commitlog_segment mem_flush_writers index_summary
44                48             673             0.12                 19    LeveledCompactionStrategy        174               43                  8                2442        heap_buffers                    2                    54         False             262            170               258             56               121                    23                   2018                55              1413           139
32                47             516             0.44                 21 SizeTieredCompactionStrategy        144               36                  9                2850        heap_buffers                   10                    83         False             392            172               253             20                97                    24                   2030                37              2809           110
30                42             525             0.68                 15 SizeTieredCompactionStrategy         39               42                 10                1854        heap_buffers                    9                    73         False             185            122               313             19               110                    17                   1306                23              1630           100
21                15             543             0.19                 19    LeveledCompactionStrategy        139               55                  6                2672        heap_buffers                   11                    74          True             232             88               333             56                62                    26                   2885                56              3008            94
33                44             828             0.44                 15 SizeTieredCompactionStrategy        152               44                 11                2317        heap_buffers                    6                   100          True             200            145               180             85               100                    31                   1055                48              3029           121
10                53             818             0.83                  4 SizeTieredCompactionStrategy        204               57                  3                1739        heap_buffers                   16                    92         False             319            142               222             68               107                    22                   3000                58              1073           143
# 2020-11-17 17:04:10 UTC: Iteration 3 of 6
# experimentsUsedSoFar: 329
# remainingBudget: 671
# currentBudget: 167
# nbConfigurations: 26
  Markers:
     x No test is performed.
     - The test is performed and some configurations are discarded.
     = The test is performed but no configuration is discarded.
     ! The test is performed and configurations could be discarded but elite configurations are preserved.
     . All alive configurations are elite and nothing is discarded

+-+-----------+-----------+-----------+---------------+-----------+--------+-----+----+------+
| |   Instance|      Alive|       Best|      Mean best| Exp so far|  W time|  rho|KenW|  Qvar|
+-+-----------+-----------+-----------+---------------+-----------+--------+-----+----+------+
|x|          8|         26|         33|   -7176.690111|         26|00:28:54|   NA|  NA|    NA|
|x|          2|         26|         33|   -6288.129073|         46|00:24:05|+0.25|0.62|0.8326|
|x|          4|         26|         21|   -6650.335833|         66|00:22:01|+0.23|0.49|0.7537|
|x|          5|         26|         32|   -6670.268605|         86|00:21:37|+0.09|0.32|0.7732|
|=|          7|         26|         10|   -6838.556862|        106|00:21:36|+0.07|0.25|0.8272|
|=|          1|         26|         59|   -6845.430552|        126|00:21:41|+0.01|0.18|0.9156|
|=|          3|         26|         63|   -6197.236272|        146|00:29:57|+0.08|0.21|0.8537|
|-|          6|         18|         59|   -6405.576685|        166|00:21:33|-0.08|0.06|1.0150|
+-+-----------+-----------+-----------+---------------+-----------+--------+-----+----+------+
Best-so-far configuration:          63    mean value:    -6356.742115
Description of the best-so-far configuration:
   .ID. concurrent_writes file_cache_size memtable_cleanup concurrent_compact         compaction_method num_tokens concurrent_reads replication_factor memtable_heap_space memtable_allocation row_cache_size_in_mb sstable_open_interval trickle_fsync inter_dc_stream key_cache_size stream_throughput row_cache_save column_index_size compaction_throughput memtable_offheap_space commitlog_segment mem_flush_writers index_summary .PARENT.
63   63                14             629             0.73                 14 LeveledCompactionStrategy         55               56                  9                1724        heap_buffers                   11                    54          True             168            169               249             37               112                    25                   2858                39              1836           134       33

# 2020-11-17 20:15:37 UTC: Elite configurations (first number is the configuration ID; listed from best to worst according to the sum of ranks):
   concurrent_writes file_cache_size memtable_cleanup concurrent_compact            compaction_method num_tokens concurrent_reads replication_factor memtable_heap_space memtable_allocation row_cache_size_in_mb sstable_open_interval trickle_fsync inter_dc_stream key_cache_size stream_throughput row_cache_save column_index_size compaction_throughput memtable_offheap_space commitlog_segment mem_flush_writers index_summary
63                14             629             0.73                 14    LeveledCompactionStrategy         55               56                  9                1724        heap_buffers                   11                    54          True             168            169               249             37               112                    25                   2858                39              1836           134
59                32             595             0.15                 21    LeveledCompactionStrategy        103               51                 11                1750        heap_buffers                    7                    80         False             285            125               251             56               115                    25                   1961                45              1672           124
44                48             673             0.12                 19    LeveledCompactionStrategy        174               43                  8                2442        heap_buffers                    2                    54         False             262            170               258             56               121                    23                   2018                55              1413           139
30                42             525             0.68                 15 SizeTieredCompactionStrategy         39               42                 10                1854        heap_buffers                    9                    73         False             185            122               313             19               110                    17                   1306                23              1630           100
32                47             516             0.44                 21 SizeTieredCompactionStrategy        144               36                  9                2850        heap_buffers                   10                    83         False             392            172               253             20                97                    24                   2030                37              2809           110
52                26             548             0.51                 21    LeveledCompactionStrategy        194               60                  7                2744        heap_buffers                    7                    44         False             151              6               140             23                79                    24                   2108                50              2393            78
# 2020-11-17 20:15:37 UTC: Iteration 4 of 6
# experimentsUsedSoFar: 495
# remainingBudget: 505
# currentBudget: 168
# nbConfigurations: 24
  Markers:
     x No test is performed.
     - The test is performed and some configurations are discarded.
     = The test is performed but no configuration is discarded.
     ! The test is performed and configurations could be discarded but elite configurations are preserved.
     . All alive configurations are elite and nothing is discarded

+-+-----------+-----------+-----------+---------------+-----------+--------+-----+----+------+
| |   Instance|      Alive|       Best|      Mean best| Exp so far|  W time|  rho|KenW|  Qvar|
+-+-----------+-----------+-----------+---------------+-----------+--------+-----+----+------+
|x|          9|         24|         63|   -5519.982336|         24|00:28:12|   NA|  NA|    NA|
|x|          6|         24|         82|   -6602.959347|         42|00:19:18|+0.33|0.66|0.7618|
|x|          5|         24|         78|   -6876.681238|         60|00:19:28|+0.09|0.40|0.9423|
|x|          2|         24|         78|   -6465.931926|         78|00:20:47|-0.02|0.24|0.8973|
|=|          8|         24|         78|   -6597.957541|         96|00:19:28|+0.01|0.21|0.9167|
|=|          3|         24|         78|   -5954.206988|        114|00:26:30|+0.09|0.24|0.8677|
|-|          4|         16|         78|   -6167.877336|        132|00:19:24|+0.10|0.23|0.8852|
|=|          1|         16|         78|   -6292.757358|        142|00:10:48|+0.08|0.19|0.9108|
|=|          7|         16|         82|   -6341.969755|        152|00:10:47|+0.02|0.13|0.9562|
|=|         10|         16|         82|   -5976.373370|        168|00:23:32|+0.02|0.12|0.9470|
+-+-----------+-----------+-----------+---------------+-----------+--------+-----+----+------+
Best-so-far configuration:          82    mean value:    -5976.373370
Description of the best-so-far configuration:
   .ID. concurrent_writes file_cache_size memtable_cleanup concurrent_compact         compaction_method num_tokens concurrent_reads replication_factor memtable_heap_space memtable_allocation row_cache_size_in_mb sstable_open_interval trickle_fsync inter_dc_stream key_cache_size stream_throughput row_cache_save column_index_size compaction_throughput memtable_offheap_space commitlog_segment mem_flush_writers index_summary .PARENT.
82   82                28             859             0.48                 11 LeveledCompactionStrategy         74               51                  8                1847        heap_buffers                    5                    82         False             282            101               245             74                86                    17                   1106                35              3055            89       59

# 2020-11-17 23:33:57 UTC: Elite configurations (first number is the configuration ID; listed from best to worst according to the sum of ranks):
   concurrent_writes file_cache_size memtable_cleanup concurrent_compact            compaction_method num_tokens concurrent_reads replication_factor memtable_heap_space memtable_allocation row_cache_size_in_mb sstable_open_interval trickle_fsync inter_dc_stream key_cache_size stream_throughput row_cache_save column_index_size compaction_throughput memtable_offheap_space commitlog_segment mem_flush_writers index_summary
82                28             859             0.48                 11    LeveledCompactionStrategy         74               51                  8                1847        heap_buffers                    5                    82         False             282            101               245             74                86                    17                   1106                35              3055            89
74                12             964             0.50                  4    LeveledCompactionStrategy         32               59                 10                1952        heap_buffers                    7                    76          True             345             95               202             60                82                    19                   2575                27                 9           136
78                36             467             0.74                 14    LeveledCompactionStrategy         32               47                 11                1895        heap_buffers                    4                    99          True             162            106               209             47                84                    26                   2355                54              2984           127
76                37             348             0.27                 31    LeveledCompactionStrategy         39               63                 11                2308        heap_buffers                   11                    95         False             258             40               292            104                97                    25                   2151                32              1340           142
87                63             943             0.55                 25 SizeTieredCompactionStrategy         56               53                 11                1859        heap_buffers                   11                    99         False             282            126               125             23               101                    26                   1606                54              2210           132
75                 9             870             0.59                 21    LeveledCompactionStrategy        123               41                 10                1671        heap_buffers                    5                    29          True             197            144               280              4               113                    22                   2221                34              1681           138
# 2020-11-17 23:33:57 UTC: Iteration 5 of 6
# experimentsUsedSoFar: 663
# remainingBudget: 337
# currentBudget: 168
# nbConfigurations: 20
  Markers:
     x No test is performed.
     - The test is performed and some configurations are discarded.
     = The test is performed but no configuration is discarded.
     ! The test is performed and configurations could be discarded but elite configurations are preserved.
     . All alive configurations are elite and nothing is discarded

+-+-----------+-----------+-----------+---------------+-----------+--------+-----+----+------+
| |   Instance|      Alive|       Best|      Mean best| Exp so far|  W time|  rho|KenW|  Qvar|
+-+-----------+-----------+-----------+---------------+-----------+--------+-----+----+------+
|x|         11|         20|         74|   -7800.920509|         20|00:21:23|   NA|  NA|    NA|
|x|          4|         20|         94|   -7540.986206|         34|00:15:10|+0.02|0.51|0.9606|
|x|          1|         20|         97|   -7431.451245|         48|00:15:10|-0.00|0.33|1.0109|
|x|          5|         20|         97|   -7427.087840|         62|00:15:10|+0.09|0.32|0.9312|
|=|         10|         20|         97|   -6496.024726|         76|00:20:37|+0.07|0.26|0.9098|
|=|          2|         20|         97|   -6314.352245|         90|00:16:13|+0.03|0.19|0.9182|
|=|          8|         20|         97|   -6409.281077|        104|00:15:12|+0.05|0.19|0.8915|
|=|          9|         20|         97|   -6276.177166|        118|00:16:12|+0.03|0.15|0.8811|
|=|          7|         20|         74|   -6367.522807|        132|00:15:06|+0.02|0.13|0.9184|
|=|          3|         20|         74|   -6014.651750|        146|00:20:33|+0.05|0.15|0.8814|
|=|          6|         20|         74|   -6112.336310|        160|00:14:51|+0.05|0.13|0.8896|
+-+-----------+-----------+-----------+---------------+-----------+--------+-----+----+------+
Best-so-far configuration:          74    mean value:    -6112.336310
Description of the best-so-far configuration:
   .ID. concurrent_writes file_cache_size memtable_cleanup concurrent_compact         compaction_method num_tokens concurrent_reads replication_factor memtable_heap_space memtable_allocation row_cache_size_in_mb sstable_open_interval trickle_fsync inter_dc_stream key_cache_size stream_throughput row_cache_save column_index_size compaction_throughput memtable_offheap_space commitlog_segment mem_flush_writers index_summary .PARENT.
74   74                12             964              0.5                  4 LeveledCompactionStrategy         32               59                 10                1952        heap_buffers                    7                    76          True             345             95               202             60                82                    19                   2575                27                 9           136       63

# 2020-11-18 02:39:39 UTC: Elite configurations (first number is the configuration ID; listed from best to worst according to the sum of ranks):
   concurrent_writes file_cache_size memtable_cleanup concurrent_compact         compaction_method num_tokens concurrent_reads replication_factor memtable_heap_space memtable_allocation row_cache_size_in_mb sstable_open_interval trickle_fsync inter_dc_stream key_cache_size stream_throughput row_cache_save column_index_size compaction_throughput memtable_offheap_space commitlog_segment mem_flush_writers index_summary
74                12             964             0.50                  4 LeveledCompactionStrategy         32               59                 10                1952        heap_buffers                    7                    76          True             345             95               202             60                82                    19                   2575                27                 9           136
92                38             398             0.32                 28 LeveledCompactionStrategy         59               52                 11                2225        heap_buffers                   12                    97         False             275             53               206             76               102                    26                   2382                19              1337           131
97                13             627             0.35                 28 LeveledCompactionStrategy         46               44                  8                2358        heap_buffers                    3                    65          True             182            171               220             32               107                    24                   1803                37              1961           146
89                31             861             0.46                 17 LeveledCompactionStrategy         85               46                 11                2367        heap_buffers                    8                    44          True             368             58               221             73                71                    17                   2672                39              1383           118
82                28             859             0.48                 11 LeveledCompactionStrategy         74               51                  8                1847        heap_buffers                    5                    82         False             282            101               245             74                86                    17                   1106                35              3055            89
78                36             467             0.74                 14 LeveledCompactionStrategy         32               47                 11                1895        heap_buffers                    4                    99          True             162            106               209             47                84                    26                   2355                54              2984           127
# 2020-11-18 02:39:39 UTC: Iteration 6 of 6
# experimentsUsedSoFar: 823
# remainingBudget: 177
# currentBudget: 177
# nbConfigurations: 20
  Markers:
     x No test is performed.
     - The test is performed and some configurations are discarded.
     = The test is performed but no configuration is discarded.
     ! The test is performed and configurations could be discarded but elite configurations are preserved.
     . All alive configurations are elite and nothing is discarded

+-+-----------+-----------+-----------+---------------+-----------+--------+-----+----+------+
| |   Instance|      Alive|       Best|      Mean best| Exp so far|  W time|  rho|KenW|  Qvar|
+-+-----------+-----------+-----------+---------------+-----------+--------+-----+----+------+
|x|         12|         20|        104|   -7481.110197|         20|00:21:36|   NA|  NA|    NA|
|x|          5|         20|         92|   -7392.100940|         34|00:15:05|+0.46|0.73|0.2838|
|x|          6|         20|         92|   -7547.994459|         48|00:14:56|+0.15|0.43|0.7650|
|x|         10|         20|         92|   -6346.641174|         62|00:20:35|+0.15|0.37|0.8316|
|=|          1|         20|         97|   -6491.622282|         76|00:15:19|+0.07|0.26|0.9146|
|=|          7|         20|         92|   -6621.158625|         90|00:15:09|+0.02|0.18|0.9524|
|=|          9|         20|         92|   -6453.071291|        104|00:16:16|+0.02|0.16|0.9467|
|=|          4|         20|         97|   -6531.802196|        118|00:14:58|-0.02|0.11|0.9717|
|=|          3|         20|         92|   -6141.209774|        132|00:20:24|+0.00|0.12|0.9615|
|=|          8|         20|         92|   -6239.948791|        146|00:15:08|+0.02|0.12|0.9472|
|=|         11|         20|         74|   -6288.369205|        160|00:15:05|+0.02|0.11|0.9413|
|=|          2|         20|         74|   -6216.622472|        174|00:16:12|+0.03|0.11|0.9238|
+-+-----------+-----------+-----------+---------------+-----------+--------+-----+----+------+
Best-so-far configuration:          74    mean value:    -6216.622472
Description of the best-so-far configuration:
   .ID. concurrent_writes file_cache_size memtable_cleanup concurrent_compact         compaction_method num_tokens concurrent_reads replication_factor memtable_heap_space memtable_allocation row_cache_size_in_mb sstable_open_interval trickle_fsync inter_dc_stream key_cache_size stream_throughput row_cache_save column_index_size compaction_throughput memtable_offheap_space commitlog_segment mem_flush_writers index_summary .PARENT.
74   74                12             964              0.5                  4 LeveledCompactionStrategy         32               59                 10                1952        heap_buffers                    7                    76          True             345             95               202             60                82                    19                   2575                27                 9           136       63

# 2020-11-18 06:00:28 UTC: Elite configurations (first number is the configuration ID; listed from best to worst according to the sum of ranks):
    concurrent_writes file_cache_size memtable_cleanup concurrent_compact         compaction_method num_tokens concurrent_reads replication_factor memtable_heap_space memtable_allocation row_cache_size_in_mb sstable_open_interval trickle_fsync inter_dc_stream key_cache_size stream_throughput row_cache_save column_index_size compaction_throughput memtable_offheap_space commitlog_segment mem_flush_writers index_summary
74                 12             964             0.50                  4 LeveledCompactionStrategy         32               59                 10                1952        heap_buffers                    7                    76          True             345             95               202             60                82                    19                   2575                27                 9           136
92                 38             398             0.32                 28 LeveledCompactionStrategy         59               52                 11                2225        heap_buffers                   12                    97         False             275             53               206             76               102                    26                   2382                19              1337           131
97                 13             627             0.35                 28 LeveledCompactionStrategy         46               44                  8                2358        heap_buffers                    3                    65          True             182            171               220             32               107                    24                   1803                37              1961           146
105                20             860             0.43                 15 LeveledCompactionStrategy         38               54                  6                2162        heap_buffers                    5                    61          True             241             30               258             37               100                    19                   2211                26              1759           130
89                 31             861             0.46                 17 LeveledCompactionStrategy         85               46                 11                2367        heap_buffers                    8                    44          True             368             58               221             73                71                    17                   2672                39              1383           118
78                 36             467             0.74                 14 LeveledCompactionStrategy         32               47                 11                1895        heap_buffers                    4                    99          True             162            106               209             47                84                    26                   2355                54              2984           127
# 2020-11-18 06:00:28 UTC: Stopped because there is not enough budget left to race more than the minimum (6)
# You may either increase the budget or set 'minNbSurvival' to a lower value
# Iteration: 7
# nbIterations: 7
# experimentsUsedSoFar: 997
# timeUsed: 0
# remainingBudget: 3
# currentBudget: 3
# number of elites: 6
# nbConfigurations: 5
# Best configurations (first number is the configuration ID; listed from best to worst according to the sum of ranks):
    concurrent_writes file_cache_size memtable_cleanup concurrent_compact         compaction_method num_tokens concurrent_reads replication_factor memtable_heap_space memtable_allocation row_cache_size_in_mb sstable_open_interval trickle_fsync inter_dc_stream key_cache_size stream_throughput row_cache_save column_index_size compaction_throughput memtable_offheap_space commitlog_segment mem_flush_writers index_summary
74                 12             964             0.50                  4 LeveledCompactionStrategy         32               59                 10                1952        heap_buffers                    7                    76          True             345             95               202             60                82                    19                   2575                27                 9           136
92                 38             398             0.32                 28 LeveledCompactionStrategy         59               52                 11                2225        heap_buffers                   12                    97         False             275             53               206             76               102                    26                   2382                19              1337           131
97                 13             627             0.35                 28 LeveledCompactionStrategy         46               44                  8                2358        heap_buffers                    3                    65          True             182            171               220             32               107                    24                   1803                37              1961           146
105                20             860             0.43                 15 LeveledCompactionStrategy         38               54                  6                2162        heap_buffers                    5                    61          True             241             30               258             37               100                    19                   2211                26              1759           130
89                 31             861             0.46                 17 LeveledCompactionStrategy         85               46                 11                2367        heap_buffers                    8                    44          True             368             58               221             73                71                    17                   2672                39              1383           118
78                 36             467             0.74                 14 LeveledCompactionStrategy         32               47                 11                1895        heap_buffers                    4                    99          True             162            106               209             47                84                    26                   2355                54              2984           127
# Best configurations as commandlines (first number is the configuration ID; same order as above):
74   12 964 0.5 4 LeveledCompactionStrategy 32 59 10 1952 heap_buffers 7 76 True 345 95 202 60 82 19 2575 27 9 136
92   38 398 0.32 28 LeveledCompactionStrategy 59 52 11 2225 heap_buffers 12 97 False 275 53 206 76 102 26 2382 19 1337 131
97   13 627 0.35 28 LeveledCompactionStrategy 46 44 8 2358 heap_buffers 3 65 True 182 171 220 32 107 24 1803 37 1961 146
105  20 860 0.43 15 LeveledCompactionStrategy 38 54 6 2162 heap_buffers 5 61 True 241 30 258 37 100 19 2211 26 1759 130
89   31 861 0.46 17 LeveledCompactionStrategy 85 46 11 2367 heap_buffers 8 44 True 368 58 221 73 71 17 2672 39 1383 118
78   36 467 0.74 14 LeveledCompactionStrategy 32 47 11 1895 heap_buffers 4 99 True 162 106 209 47 84 26 2355 54 2984 127
