#------------------------------------------------------------------------------
# irace: An implementation in R of (Elitist) Iterated Racing
# Version: 3.3.2238:2239
# Copyright (C) 2010-2019
# Manuel Lopez-Ibanez     <manuel.lopez-ibanez@manchester.ac.uk>
# Jeremie Dubois-Lacoste  
# Leslie Perez Caceres    <leslie.perez.caceres@ulb.ac.be>
#
# This is free software, and you are welcome to redistribute it under certain
# conditions.  See the GNU General Public License for details. There is NO
# WARRANTY; not even for MERCHANTABILITY or FITNESS FOR A PARTICULAR PURPOSE.
#
# irace builds upon previous code from the race package:
#     race: Racing methods for the selection of the best
#     Copyright (C) 2003 Mauro Birattari
#------------------------------------------------------------------------------
# installed at: /home/moises_silva/R/x86_64-pc-linux-gnu-library/3.4/irace
# called with: 
Warning: A default scenario file './scenario.txt' has been found and will be read
# Adding 1 initial configuration(s) from file '/home/moises_silva/tuning/configurations.txt' 
# 2020-11-10 22:00:21 UTC: Initialization
# Elitist race
# Elitist new instances: 1
# Elitist limit: 2
# nbIterations: 6
# minNbSurvival: 1
# nbParameters: 23
# seed: 1497698408
# confidence level: 0.95
# budget: 500
# mu: 5
# deterministic: FALSE

# 2020-11-10 22:00:21 UTC: Iteration 1 of 6
# experimentsUsedSoFar: 0
# remainingBudget: 500
# currentBudget: 83
# nbConfigurations: 13
  Markers:
     x No test is performed.
     - The test is performed and some configurations are discarded.
     = The test is performed but no configuration is discarded.
     ! The test is performed and configurations could be discarded but elite configurations are preserved.
     . All alive configurations are elite and nothing is discarded

+-+-----------+-----------+-----------+---------------+-----------+--------+-----+----+------+
| |   Instance|      Alive|       Best|      Mean best| Exp so far|  W time|  rho|KenW|  Qvar|
+-+-----------+-----------+-----------+---------------+-----------+--------+-----+----+------+
|x|          1|         13|          8|   -7802.746567|         13|00:13:03|   NA|  NA|    NA|
|x|          2|         13|          8|   -7785.471784|         26|00:12:56|+0.18|0.59|0.6447|
|x|          3|         13|         10|   -7719.293852|         39|00:12:49|+0.08|0.39|0.8308|
|x|          4|         13|         10|   -7730.614888|         52|00:13:01|+0.20|0.40|0.7119|
|-|          5|          9|          8|   -7780.852372|         65|00:12:57|+0.02|0.22|0.8761|
|=|          6|          9|         10|   -7756.100713|         74|00:09:05|+0.07|0.23|0.8133|
|=|          7|          9|         10|   -7735.858677|         83|00:09:02|+0.07|0.20|0.8434|
+-+-----------+-----------+-----------+---------------+-----------+--------+-----+----+------+
Best-so-far configuration:          10    mean value:    -7735.858677
Description of the best-so-far configuration:
   .ID. concurrent_writes file_cache_size memtable_cleanup concurrent_compact            compaction_method num_tokens concurrent_reads replication_factor memtable_heap_space memtable_allocation row_cache_size_in_mb sstable_open_interval trickle_fsync inter_dc_stream key_cache_size stream_throughput row_cache_save column_index_size compaction_throughput memtable_offheap_space commitlog_segment mem_flush_writers index_summary .PARENT.
10   10                40             502           0.8943                 32 SizeTieredCompactionStrategy        127               58                  7                2030     offheap_buffers                    1                    22         False             172             31               180              4                51                    18                   1842                60              1073            97       NA

# 2020-11-10 23:23:19 UTC: Elite configurations (first number is the configuration ID; listed from best to worst according to the sum of ranks):
   concurrent_writes file_cache_size memtable_cleanup concurrent_compact            compaction_method num_tokens concurrent_reads replication_factor memtable_heap_space memtable_allocation row_cache_size_in_mb sstable_open_interval trickle_fsync inter_dc_stream key_cache_size stream_throughput row_cache_save column_index_size compaction_throughput memtable_offheap_space commitlog_segment mem_flush_writers index_summary
10                40             502           0.8943                 32 SizeTieredCompactionStrategy        127               58                  7                2030     offheap_buffers                    1                    22         False             172             31               180              4                51                    18                   1842                60              1073            97
# 2020-11-10 23:23:19 UTC: Iteration 2 of 6
# experimentsUsedSoFar: 83
# remainingBudget: 417
# currentBudget: 83
# nbConfigurations: 11
  Markers:
     x No test is performed.
     - The test is performed and some configurations are discarded.
     = The test is performed but no configuration is discarded.
     ! The test is performed and configurations could be discarded but elite configurations are preserved.
     . All alive configurations are elite and nothing is discarded

+-+-----------+-----------+-----------+---------------+-----------+--------+-----+----+------+
| |   Instance|      Alive|       Best|      Mean best| Exp so far|  W time|  rho|KenW|  Qvar|
+-+-----------+-----------+-----------+---------------+-----------+--------+-----+----+------+
|x|          8|         11|         23|   -7915.776142|         11|00:11:01|   NA|  NA|    NA|
|x|          7|         11|         19|   -7855.732224|         21|00:09:59|-0.15|0.42|0.7100|
|x|          1|         11|         18|   -7855.997892|         31|00:10:08|+0.07|0.38|0.7475|
|x|          6|         11|         14|   -7846.459021|         41|00:09:53|+0.07|0.31|0.8216|
|=|          2|         11|         18|   -7803.595620|         51|00:10:07|+0.04|0.23|0.7975|
|=|          3|         11|         18|   -7827.324253|         61|00:09:51|+0.10|0.25|0.7538|
|=|          5|         11|         18|   -7806.263888|         71|00:09:56|+0.08|0.21|0.7582|
|=|          4|         11|         18|   -7808.189154|         81|00:09:56|+0.10|0.22|0.7505|
+-+-----------+-----------+-----------+---------------+-----------+--------+-----+----+------+
Best-so-far configuration:          18    mean value:    -7808.189154
Description of the best-so-far configuration:
   .ID. concurrent_writes file_cache_size memtable_cleanup concurrent_compact         compaction_method num_tokens concurrent_reads replication_factor memtable_heap_space memtable_allocation row_cache_size_in_mb sstable_open_interval trickle_fsync inter_dc_stream key_cache_size stream_throughput row_cache_save column_index_size compaction_throughput memtable_offheap_space commitlog_segment mem_flush_writers index_summary .PARENT.
18   18                30             636           0.7476                 31 LeveledCompactionStrategy         64               40                  4                1882     offheap_objects                    7                     4         False             217             58               185             33                85                    17                   1914                30              1089           149       10

# 2020-11-11 00:44:14 UTC: Elite configurations (first number is the configuration ID; listed from best to worst according to the sum of ranks):
   concurrent_writes file_cache_size memtable_cleanup concurrent_compact         compaction_method num_tokens concurrent_reads replication_factor memtable_heap_space memtable_allocation row_cache_size_in_mb sstable_open_interval trickle_fsync inter_dc_stream key_cache_size stream_throughput row_cache_save column_index_size compaction_throughput memtable_offheap_space commitlog_segment mem_flush_writers index_summary
18                30             636           0.7476                 31 LeveledCompactionStrategy         64               40                  4                1882     offheap_objects                    7                     4         False             217             58               185             33                85                    17                   1914                30              1089           149
# 2020-11-11 00:44:14 UTC: Iteration 3 of 6
# experimentsUsedSoFar: 164
# remainingBudget: 336
# currentBudget: 84
# nbConfigurations: 10
  Markers:
     x No test is performed.
     - The test is performed and some configurations are discarded.
     = The test is performed but no configuration is discarded.
     ! The test is performed and configurations could be discarded but elite configurations are preserved.
     . All alive configurations are elite and nothing is discarded

+-+-----------+-----------+-----------+---------------+-----------+--------+-----+----+------+
| |   Instance|      Alive|       Best|      Mean best| Exp so far|  W time|  rho|KenW|  Qvar|
+-+-----------+-----------+-----------+---------------+-----------+--------+-----+----+------+
|x|          9|         10|         26|   -7822.889775|         10|00:10:00|   NA|  NA|    NA|
|x|          5|         10|         18|   -7670.781373|         19|00:08:59|-0.38|0.31|1.3214|
|x|          2|         10|         29|   -7694.512380|         28|00:09:08|-0.02|0.32|0.9003|
|x|          4|         10|         29|   -7742.648620|         37|00:08:59|+0.04|0.28|0.8509|
|=|          8|         10|         18|   -7719.721624|         46|00:09:06|-0.04|0.17|0.8995|
|=|          7|         10|         18|   -7757.429257|         55|00:09:06|+0.04|0.20|0.8690|
|=|          3|         10|         18|   -7784.363281|         64|00:09:00|+0.11|0.24|0.8018|
|=|          6|         10|         18|   -7787.346605|         73|00:09:05|+0.07|0.19|0.8533|
|-|          1|          5|         18|   -7791.908253|         82|00:09:02|+0.06|0.17|0.7852|
+-+-----------+-----------+-----------+---------------+-----------+--------+-----+----+------+
Best-so-far configuration:          18    mean value:    -7791.908253
Description of the best-so-far configuration:
   .ID. concurrent_writes file_cache_size memtable_cleanup concurrent_compact         compaction_method num_tokens concurrent_reads replication_factor memtable_heap_space memtable_allocation row_cache_size_in_mb sstable_open_interval trickle_fsync inter_dc_stream key_cache_size stream_throughput row_cache_save column_index_size compaction_throughput memtable_offheap_space commitlog_segment mem_flush_writers index_summary .PARENT.
18   18                30             636           0.7476                 31 LeveledCompactionStrategy         64               40                  4                1882     offheap_objects                    7                     4         False             217             58               185             33                85                    17                   1914                30              1089           149       10

# 2020-11-11 02:06:44 UTC: Elite configurations (first number is the configuration ID; listed from best to worst according to the sum of ranks):
   concurrent_writes file_cache_size memtable_cleanup concurrent_compact         compaction_method num_tokens concurrent_reads replication_factor memtable_heap_space memtable_allocation row_cache_size_in_mb sstable_open_interval trickle_fsync inter_dc_stream key_cache_size stream_throughput row_cache_save column_index_size compaction_throughput memtable_offheap_space commitlog_segment mem_flush_writers index_summary
18                30             636           0.7476                 31 LeveledCompactionStrategy         64               40                  4                1882     offheap_objects                    7                     4         False             217             58               185             33                85                    17                   1914                30              1089           149
# 2020-11-11 02:06:44 UTC: Iteration 4 of 6
# experimentsUsedSoFar: 246
# remainingBudget: 254
# currentBudget: 84
# nbConfigurations: 9
  Markers:
     x No test is performed.
     - The test is performed and some configurations are discarded.
     = The test is performed but no configuration is discarded.
     ! The test is performed and configurations could be discarded but elite configurations are preserved.
     . All alive configurations are elite and nothing is discarded

+-+-----------+-----------+-----------+---------------+-----------+--------+-----+----+------+
| |   Instance|      Alive|       Best|      Mean best| Exp so far|  W time|  rho|KenW|  Qvar|
+-+-----------+-----------+-----------+---------------+-----------+--------+-----+----+------+
|x|         10|          9|         39|   -7825.950853|          9|00:09:04|   NA|  NA|    NA|
|x|          1|          9|         39|   -7844.411187|         17|00:08:04|+0.22|0.61|0.7793|
|x|          6|          9|         39|   -7832.147537|         25|00:08:00|+0.16|0.44|0.8132|
|x|          3|          9|         39|   -7781.197387|         33|00:08:02|-0.02|0.23|0.9564|
|=|          7|          9|         18|   -7706.273456|         41|00:07:53|-0.04|0.17|0.9557|
|=|          9|          9|         18|   -7698.838054|         49|00:08:06|-0.05|0.13|0.9052|
|=|          5|          9|         39|   -7743.543841|         57|00:07:58|+0.02|0.16|0.8405|
|=|          8|          9|         18|   -7708.319355|         65|00:07:58|+0.01|0.13|0.8413|
|=|          4|          9|         18|   -7720.913428|         73|00:08:02|+0.05|0.15|0.8107|
|=|          2|          9|         39|   -7738.577806|         81|00:08:03|-0.01|0.09|0.8565|
+-+-----------+-----------+-----------+---------------+-----------+--------+-----+----+------+
Best-so-far configuration:          39    mean value:    -7738.577806
Description of the best-so-far configuration:
   .ID. concurrent_writes file_cache_size memtable_cleanup concurrent_compact         compaction_method num_tokens concurrent_reads replication_factor memtable_heap_space memtable_allocation row_cache_size_in_mb sstable_open_interval trickle_fsync inter_dc_stream key_cache_size stream_throughput row_cache_save column_index_size compaction_throughput memtable_offheap_space commitlog_segment mem_flush_writers index_summary .PARENT.
39   39                11             451           0.6713                 30 LeveledCompactionStrategy         52               62                  2                2449     offheap_buffers                    5                    51         False             165             79               235             14                99                    20                   1137                18              1584           115       18

# 2020-11-11 03:28:01 UTC: Elite configurations (first number is the configuration ID; listed from best to worst according to the sum of ranks):
   concurrent_writes file_cache_size memtable_cleanup concurrent_compact         compaction_method num_tokens concurrent_reads replication_factor memtable_heap_space memtable_allocation row_cache_size_in_mb sstable_open_interval trickle_fsync inter_dc_stream key_cache_size stream_throughput row_cache_save column_index_size compaction_throughput memtable_offheap_space commitlog_segment mem_flush_writers index_summary
39                11             451           0.6713                 30 LeveledCompactionStrategy         52               62                  2                2449     offheap_buffers                    5                    51         False             165             79               235             14                99                    20                   1137                18              1584           115
# 2020-11-11 03:28:01 UTC: Iteration 5 of 6
# experimentsUsedSoFar: 327
# remainingBudget: 173
# currentBudget: 86
# nbConfigurations: 8
  Markers:
     x No test is performed.
     - The test is performed and some configurations are discarded.
     = The test is performed but no configuration is discarded.
     ! The test is performed and configurations could be discarded but elite configurations are preserved.
     . All alive configurations are elite and nothing is discarded

+-+-----------+-----------+-----------+---------------+-----------+--------+-----+----+------+
| |   Instance|      Alive|       Best|      Mean best| Exp so far|  W time|  rho|KenW|  Qvar|
+-+-----------+-----------+-----------+---------------+-----------+--------+-----+----+------+
|x|         11|          8|         39|   -7905.138340|          8|00:08:02|   NA|  NA|    NA|
|x|          1|          8|         39|   -7884.004930|         15|00:07:06|+0.40|0.70|1.0132|
|x|          5|          8|         39|   -7869.972337|         22|00:06:59|+0.26|0.51|0.7582|
|x|          3|          8|         39|   -7809.565987|         29|00:07:00|+0.02|0.26|0.8204|
|=|          4|          8|         39|   -7791.339113|         36|00:07:04|+0.10|0.28|0.7680|
|=|          8|          8|         39|   -7779.982676|         43|00:07:11|+0.14|0.28|0.6879|
|=|          2|          8|         39|   -7774.176446|         50|00:06:59|+0.12|0.25|0.7484|
|-|         10|          4|         39|   -7780.648247|         57|00:07:06|-0.01|0.12|0.7785|
|=|          6|          4|         39|   -7783.645134|         60|00:02:59|+0.06|0.17|0.7377|
|=|          7|          4|         39|   -7767.940780|         63|00:03:04|+0.00|0.10|0.7460|
|=|          9|          4|         39|   -7753.719672|         66|00:02:59|+0.02|0.11|0.7385|
|=|         12|          4|         39|   -7742.158557|         70|00:03:59|-0.01|0.07|0.7677|
+-+-----------+-----------+-----------+---------------+-----------+--------+-----+----+------+
Best-so-far configuration:          39    mean value:    -7742.158557
Description of the best-so-far configuration:
   .ID. concurrent_writes file_cache_size memtable_cleanup concurrent_compact         compaction_method num_tokens concurrent_reads replication_factor memtable_heap_space memtable_allocation row_cache_size_in_mb sstable_open_interval trickle_fsync inter_dc_stream key_cache_size stream_throughput row_cache_save column_index_size compaction_throughput memtable_offheap_space commitlog_segment mem_flush_writers index_summary .PARENT.
39   39                11             451           0.6713                 30 LeveledCompactionStrategy         52               62                  2                2449     offheap_buffers                    5                    51         False             165             79               235             14                99                    20                   1137                18              1584           115       18

# 2020-11-11 04:38:34 UTC: Elite configurations (first number is the configuration ID; listed from best to worst according to the sum of ranks):
   concurrent_writes file_cache_size memtable_cleanup concurrent_compact         compaction_method num_tokens concurrent_reads replication_factor memtable_heap_space memtable_allocation row_cache_size_in_mb sstable_open_interval trickle_fsync inter_dc_stream key_cache_size stream_throughput row_cache_save column_index_size compaction_throughput memtable_offheap_space commitlog_segment mem_flush_writers index_summary
39                11             451           0.6713                 30 LeveledCompactionStrategy         52               62                  2                2449     offheap_buffers                    5                    51         False             165             79               235             14                99                    20                   1137                18              1584           115
# 2020-11-11 04:38:34 UTC: Iteration 6 of 6
# experimentsUsedSoFar: 397
# remainingBudget: 103
# currentBudget: 103
# nbConfigurations: 8
  Markers:
     x No test is performed.
     - The test is performed and some configurations are discarded.
     = The test is performed but no configuration is discarded.
     ! The test is performed and configurations could be discarded but elite configurations are preserved.
     . All alive configurations are elite and nothing is discarded

+-+-----------+-----------+-----------+---------------+-----------+--------+-----+----+------+
| |   Instance|      Alive|       Best|      Mean best| Exp so far|  W time|  rho|KenW|  Qvar|
+-+-----------+-----------+-----------+---------------+-----------+--------+-----+----+------+
|x|         13|          8|         52|   -7776.654483|          8|00:08:00|   NA|  NA|    NA|
|x|          5|          8|         52|   -7761.293934|         15|00:07:00|+0.29|0.64|0.5498|
|x|         10|          8|         48|   -7815.451629|         22|00:07:05|+0.21|0.47|0.6191|
|x|         11|          8|         48|   -7807.871322|         29|00:07:09|+0.12|0.34|0.7971|
|=|         12|          8|         39|   -7765.713887|         36|00:07:09|+0.07|0.25|0.8763|
|=|          3|          8|         39|   -7742.819395|         43|00:07:09|-0.01|0.16|0.9111|
|=|          8|          8|         39|   -7740.016695|         50|00:07:07|+0.02|0.16|0.8816|
|=|          4|          8|         39|   -7737.318560|         57|00:07:03|+0.04|0.16|0.8511|
|=|          2|          8|         39|   -7737.543060|         64|00:07:15|+0.06|0.16|0.8308|
|=|          7|          8|         39|   -7726.448913|         71|00:07:11|+0.06|0.15|0.8544|
|=|          6|          8|         39|   -7733.828124|         78|00:07:18|+0.09|0.17|0.8380|
|-|          9|          4|         39|   -7723.634831|         85|00:07:12|+0.06|0.14|0.7362|
|=|          1|          4|         52|   -7653.534028|         88|00:03:04|+0.08|0.15|0.7191|
|=|         14|          4|         52|   -7657.362247|         92|00:04:07|+0.08|0.14|0.7244|
+-+-----------+-----------+-----------+---------------+-----------+--------+-----+----+------+
Best-so-far configuration:          52    mean value:    -7657.362247
Description of the best-so-far configuration:
   .ID. concurrent_writes file_cache_size memtable_cleanup concurrent_compact         nnncompaction_method num_tokens concurrent_reads replication_factor memtable_heap_space memtable_allocation row_cache_size_in_mb sstable_open_interval trickle_fsync inter_dc_stream key_cache_size stream_throughput row_cache_save column_index_size compaction_throughput memtable_offheap_space commitlog_segment mem_flush_writers index_summary .PARENT.
52   52                34             410            0.475                  8 SizeTieredCompactionStrategy         58               54                  4                2348     offheap_buffers                    7                    57         False             186            115               350             39                72                    17                   1484                27                 6           130       39

# 2020-11-11 06:12:31 UTC: Elite configurations (first number is the configuration ID; listed from best to worst according to the sum of ranks):
   concurrent_writes file_cache_size memtable_cleanup concurrent_compact            compaction_method num_tokens concurrent_reads replication_factor memtable_heap_space memtable_allocation row_cache_size_in_mb sstable_open_interval trickle_fsync inter_dc_stream key_cache_size stream_throughput row_cache_save column_index_size compaction_throughput memtable_offheap_space commitlog_segment mem_flush_writers index_summary
52                34             410            0.475                  8 SizeTieredCompactionStrategy         58               54                  4                2348     offheap_buffers                    7                    57         False             186            115               350             39                72                    17                   1484                27                 6           130
# 2020-11-11 06:12:31 UTC: Stopped because there is not enough budget left to race more than the minimum (1)
# You may either increase the budget or set 'minNbSurvival' to a lower value
# Iteration: 7
# nbIterations: 7
# experimentsUsedSoFar: 489
# timeUsed: 0
# remainingBudget: 11
# currentBudget: 11
# number of elites: 1
# nbConfigurations: 1
# Best configurations (first number is the configuration ID; listed from best to worst according to the sum of ranks):
   concurrent_writes file_cache_size memtable_cleanup concurrent_compact            compaction_method num_tokens concurrent_reads replication_factor memtable_heap_space memtable_allocation row_cache_size_in_mb sstable_open_interval trickle_fsync inter_dc_stream key_cache_size stream_throughput row_cache_save column_index_size compaction_throughput memtable_offheap_space commitlog_segment mem_flush_writers index_summary
52                34             410            0.475                  8 SizeTieredCompactionStrategy         58               54                  4                2348     offheap_buffers                    7                    57         False             186            115               350             39                72                    17                   1484                27                 6           130
# Best configurations as commandlines (first number is the configuration ID; same order as above):
52  34 410 0.475 8 SizeTieredCompactionStrategy 58 54 4 2348 offheap_buffers 7 57 False 186 115 350 39 72 17 1484 27 6 130
