#------------------------------------------------------------------------------
# irace: An implementation in R of (Elitist) Iterated Racing
# Version: 3.3.2238:2239
# Copyright (C) 2010-2019
# Manuel Lopez-Ibanez     <manuel.lopez-ibanez@manchester.ac.uk>
# Jeremie Dubois-Lacoste  
# Leslie Perez Caceres    <leslie.perez.caceres@ulb.ac.be>
#
# This is free software, and you are welcome to redistribute it under certain
# conditions.  See the GNU General Public License for details. There is NO
# WARRANTY; not even for MERCHANTABILITY or FITNESS FOR A PARTICULAR PURPOSE.
#
# irace builds upon previous code from the race package:
#     race: Racing methods for the selection of the best
#     Copyright (C) 2003 Mauro Birattari
#------------------------------------------------------------------------------
# installed at: /home/moises_silva/R/x86_64-pc-linux-gnu-library/3.4/irace
# called with: 
Warning: A default scenario file './scenario.txt' has been found and will be read
# 2020-11-10 21:23:44 UTC: Initialization
# Elitist race
# Elitist new instances: 1
# Elitist limit: 2
# nbIterations: 6
# minNbSurvival: 6
# nbParameters: 23
# seed: 471063527
# confidence level: 0.95
# budget: 1000
# mu: 5
# deterministic: FALSE

# 2020-11-10 21:23:44 UTC: Iteration 1 of 6
# experimentsUsedSoFar: 0
# remainingBudget: 1000
# currentBudget: 166
# nbConfigurations: 27
  Markers:
     x No test is performed.
     - The test is performed and some configurations are discarded.
     = The test is performed but no configuration is discarded.
     ! The test is performed and configurations could be discarded but elite configurations are preserved.
     . All alive configurations are elite and nothing is discarded

+-+-----------+-----------+-----------+---------------+-----------+--------+-----+----+------+
| |   Instance|      Alive|       Best|      Mean best| Exp so far|  W time|  rho|KenW|  Qvar|
+-+-----------+-----------+-----------+---------------+-----------+--------+-----+----+------+
|x|          1|         27|          8|   -5588.153115|         27|00:35:02|   NA|  NA|    NA|
|x|          2|         27|         24|   -5490.477039|         54|00:35:02|-0.12|0.44|1.1597|
|x|          3|         27|         24|   -5398.511348|         81|00:35:09|-0.12|0.25|1.0306|
|x|          4|         27|         24|   -5422.811847|        108|00:36:13|-0.02|0.24|0.9383|
|=|          5|         27|         24|   -5378.182922|        135|00:36:01|+0.05|0.24|0.9520|
|=|          6|         27|         24|   -5384.769945|        162|00:33:57|-0.03|0.14|1.0176|
+-+-----------+-----------+-----------+---------------+-----------+--------+-----+----+------+
Best-so-far configuration:          24    mean value:    -5384.769945
Description of the best-so-far configuration:
   .ID. concurrent_writes file_cache_size memtable_cleanup concurrent_compact         compaction_method num_tokens concurrent_reads replication_factor memtable_heap_space memtable_allocation row_cache_size_in_mb sstable_open_interval trickle_fsync inter_dc_stream key_cache_size stream_throughput row_cache_save column_index_size compaction_throughput memtable_offheap_space commitlog_segment mem_flush_writers index_summary .PARENT.
24   24                43             870             0.57                 11 LeveledCompactionStrategy        145               15                  7                2603     offheap_objects                   15                    56          True             262             60               395             18                81                    27                   1383                27                 8           124       NA

# 2020-11-11 00:55:12 UTC: Elite configurations (first number is the configuration ID; listed from best to worst according to the sum of ranks):
   concurrent_writes file_cache_size memtable_cleanup concurrent_compact            compaction_method num_tokens concurrent_reads replication_factor memtable_heap_space memtable_allocation row_cache_size_in_mb sstable_open_interval trickle_fsync inter_dc_stream key_cache_size stream_throughput row_cache_save column_index_size compaction_throughput memtable_offheap_space commitlog_segment mem_flush_writers index_summary
24                43             870             0.57                 11    LeveledCompactionStrategy        145               15                  7                2603     offheap_objects                   15                    56          True             262             60               395             18                81                    27                   1383                27                 8           124
17                26             967             0.48                 29 SizeTieredCompactionStrategy        179               61                 10                1881     offheap_objects                    4                    94         False             311             96               356              2                90                    26                   1792                27                 5           124
26                59             517             0.21                  2 SizeTieredCompactionStrategy         15               50                  7                2259        heap_buffers                   16                    96          True             114            101               145             12               108                    31                   1906                51                14           134
6                 42             322             0.56                 18 SizeTieredCompactionStrategy        177               63                  2                2946     offheap_objects                   10                    73         False             127            125               340             81                93                    32                   2504                20                 5            94
22                46             684             0.90                 26 SizeTieredCompactionStrategy          8               14                  4                2286     offheap_buffers                   15                    92          True             316             92               266             42                50                    25                   1631                31                 7           128
21                11             442             0.62                 21 SizeTieredCompactionStrategy        252               25                 10                2708     offheap_objects                    0                    48         False             282             50               112             56               125                    17                   1648                26                 9           132
# 2020-11-11 00:55:12 UTC: Iteration 2 of 6
# experimentsUsedSoFar: 162
# remainingBudget: 838
# currentBudget: 167
# nbConfigurations: 29
  Markers:
     x No test is performed.
     - The test is performed and some configurations are discarded.
     = The test is performed but no configuration is discarded.
     ! The test is performed and configurations could be discarded but elite configurations are preserved.
     . All alive configurations are elite and nothing is discarded

+-+-----------+-----------+-----------+---------------+-----------+--------+-----+----+------+
| |   Instance|      Alive|       Best|      Mean best| Exp so far|  W time|  rho|KenW|  Qvar|
+-+-----------+-----------+-----------+---------------+-----------+--------+-----+----+------+
|x|          7|         29|         21|   -5761.696243|         29|00:37:09|   NA|  NA|    NA|
|x|          2|         29|         28|   -5548.666933|         52|00:29:57|+0.26|0.63|0.5012|
|x|          4|         29|         24|   -5509.845802|         75|00:30:30|+0.21|0.47|0.6290|
|x|          5|         29|         24|   -5432.301157|         98|00:29:30|+0.06|0.30|0.8206|
|=|          6|         29|         24|   -5429.381938|        121|00:29:51|+0.03|0.22|0.8547|
|=|          1|         29|         24|   -5446.824000|        144|00:29:20|+0.04|0.20|0.8658|
|=|          3|         29|         24|   -5413.646281|        167|00:31:13|+0.03|0.17|0.9007|
+-+-----------+-----------+-----------+---------------+-----------+--------+-----+----+------+
Best-so-far configuration:          24    mean value:    -5413.646281
Description of the best-so-far configuration:
   .ID. concurrent_writes file_cache_size memtable_cleanup concurrent_compact         compaction_method num_tokens concurrent_reads replication_factor memtable_heap_space memtable_allocation row_cache_size_in_mb sstable_open_interval trickle_fsync inter_dc_stream key_cache_size stream_throughput row_cache_save column_index_size compaction_throughput memtable_offheap_space commitlog_segment mem_flush_writers index_summary .PARENT.
24   24                43             870             0.57                 11 LeveledCompactionStrategy        145               15                  7                2603     offheap_objects                   15                    56          True             262             60               395             18                81                    27                   1383                27                 8           124       NA

# 2020-11-11 04:32:46 UTC: Elite configurations (first number is the configuration ID; listed from best to worst according to the sum of ranks):
   concurrent_writes file_cache_size memtable_cleanup concurrent_compact            compaction_method num_tokens concurrent_reads replication_factor memtable_heap_space memtable_allocation row_cache_size_in_mb sstable_open_interval trickle_fsync inter_dc_stream key_cache_size stream_throughput row_cache_save column_index_size compaction_throughput memtable_offheap_space commitlog_segment mem_flush_writers index_summary
24                43             870             0.57                 11    LeveledCompactionStrategy        145               15                  7                2603     offheap_objects                   15                    56          True             262             60               395             18                81                    27                   1383                27                 8           124
44                42             700             0.11                  2 SizeTieredCompactionStrategy         20               21                  4                2000     offheap_objects                   16                    93          True             344             46               202             88                59                    28                   2409                36                13           150
38                56             743             0.21                 11    LeveledCompactionStrategy         28               44                  9                2101        heap_buffers                    9                    10          True             161            131               107             40               109                    32                   3056                51                13           149
42                33             655             0.31                 13 SizeTieredCompactionStrategy         49               47                  4                1859     offheap_objects                    3                    18          True             391            139               243             22                91                    17                   1928                23                 3           143
17                26             967             0.48                 29 SizeTieredCompactionStrategy        179               61                 10                1881     offheap_objects                    4                    94         False             311             96               356              2                90                    26                   1792                27                 5           124
35                30             662             0.27                 11    LeveledCompactionStrategy        111               42                  4                2405        heap_buffers                    9                    71          True             153             18               270             11               109                    32                   1597                62                 6           148
# 2020-11-11 04:32:46 UTC: Iteration 3 of 6
# experimentsUsedSoFar: 329
# remainingBudget: 671
# currentBudget: 167
# nbConfigurations: 26
  Markers:
     x No test is performed.
     - The test is performed and some configurations are discarded.
     = The test is performed but no configuration is discarded.
     ! The test is performed and configurations could be discarded but elite configurations are preserved.
     . All alive configurations are elite and nothing is discarded

+-+-----------+-----------+-----------+---------------+-----------+--------+-----+----+------+
| |   Instance|      Alive|       Best|      Mean best| Exp so far|  W time|  rho|KenW|  Qvar|
+-+-----------+-----------+-----------+---------------+-----------+--------+-----+----+------+
|x|          8|         26|         44|   -5874.750323|         26|00:33:12|   NA|  NA|    NA|
|x|          7|         26|         17|   -5593.892748|         46|00:26:32|-0.02|0.49|0.9807|
|x|          3|         26|         38|   -5541.485580|         66|00:26:31|+0.16|0.44|0.8958|
|x|          6|         26|         17|   -5539.814185|         86|00:25:18|+0.08|0.31|0.9571|
|=|          4|         26|         17|   -5441.748339|        106|00:25:05|+0.02|0.21|0.9333|
|=|          2|         26|         53|   -5438.361807|        126|00:25:14|-0.02|0.15|0.9562|
|=|          1|         26|         53|   -5453.212346|        146|00:25:18|-0.01|0.13|0.9219|
|=|          5|         26|         53|   -5478.854414|        166|00:24:32|-0.02|0.11|0.9565|
+-+-----------+-----------+-----------+---------------+-----------+--------+-----+----+------+
Best-so-far configuration:          53    mean value:    -5478.854414
Description of the best-so-far configuration:
   .ID. concurrent_writes file_cache_size memtable_cleanup concurrent_compact         compaction_method num_tokens concurrent_reads replication_factor memtable_heap_space memtable_allocation row_cache_size_in_mb sstable_open_interval trickle_fsync inter_dc_stream key_cache_size stream_throughput row_cache_save column_index_size compaction_throughput memtable_offheap_space commitlog_segment mem_flush_writers index_summary .PARENT.
53   53                20             799             0.59                  6 LeveledCompactionStrategy        143               24                 10                2812     offheap_objects                    8                    43         False             143             37               347              3                83                    16                   1959                26                14           101       24

# 2020-11-11 08:04:33 UTC: Elite configurations (first number is the configuration ID; listed from best to worst according to the sum of ranks):
   concurrent_writes file_cache_size memtable_cleanup concurrent_compact            compaction_method num_tokens concurrent_reads replication_factor memtable_heap_space memtable_allocation row_cache_size_in_mb sstable_open_interval trickle_fsync inter_dc_stream key_cache_size stream_throughput row_cache_save column_index_size compaction_throughput memtable_offheap_space commitlog_segment mem_flush_writers index_summary
53                20             799             0.59                  6    LeveledCompactionStrategy        143               24                 10                2812     offheap_objects                    8                    43         False             143             37               347              3                83                    16                   1959                26                14           101
59                53             710             0.14                  8    LeveledCompactionStrategy         93               17                  4                2490     offheap_buffers                   14                    49          True             167            135               226              9                72                    30                   2839                21                14           133
42                33             655             0.31                 13 SizeTieredCompactionStrategy         49               47                  4                1859     offheap_objects                    3                    18          True             391            139               243             22                91                    17                   1928                23                 3           143
38                56             743             0.21                 11    LeveledCompactionStrategy         28               44                  9                2101        heap_buffers                    9                    10          True             161            131               107             40               109                    32                   3056                51                13           149
24                43             870             0.57                 11    LeveledCompactionStrategy        145               15                  7                2603     offheap_objects                   15                    56          True             262             60               395             18                81                    27                   1383                27                 8           124
69                61             726             0.62                  3    LeveledCompactionStrategy         63               63                  7                1506     offheap_buffers                   14                     3         False             276             68               244              2                87                    31                   2552                35                10           146
# 2020-11-11 08:04:33 UTC: Iteration 4 of 6
# experimentsUsedSoFar: 495
# remainingBudget: 505
# currentBudget: 168
# nbConfigurations: 24
  Markers:
     x No test is performed.
     - The test is performed and some configurations are discarded.
     = The test is performed but no configuration is discarded.
     ! The test is performed and configurations could be discarded but elite configurations are preserved.
     . All alive configurations are elite and nothing is discarded

+-+-----------+-----------+-----------+---------------+-----------+--------+-----+----+------+
| |   Instance|      Alive|       Best|      Mean best| Exp so far|  W time|  rho|KenW|  Qvar|
+-+-----------+-----------+-----------+---------------+-----------+--------+-----+----+------+
|x|          9|         24|         75|   -5988.023952|         24|00:29:47|   NA|  NA|    NA|
|x|          5|         24|         84|   -5727.049772|         42|00:22:27|-0.28|0.36|1.0687|
|x|          2|         24|         83|   -5713.908475|         60|00:24:05|-0.05|0.30|0.9961|
|x|          3|         24|         83|   -5704.434648|         78|00:22:10|+0.05|0.29|0.9170|
|=|          4|         24|         83|   -5692.088515|         96|00:22:18|+0.00|0.20|0.9734|
|=|          7|         24|         83|   -5701.867425|        114|00:22:25|+0.04|0.20|0.9161|
|=|          8|         24|         83|   -5652.730404|        132|00:22:33|+0.04|0.18|0.9061|
|=|          6|         24|         75|   -5648.811760|        150|00:22:08|+0.01|0.14|0.9559|
|=|          1|         24|         83|   -5661.556439|        168|00:22:17|+0.03|0.13|0.9608|
+-+-----------+-----------+-----------+---------------+-----------+--------+-----+----+------+
Best-so-far configuration:          83    mean value:    -5661.556439
Description of the best-so-far configuration:
   .ID. concurrent_writes file_cache_size memtable_cleanup concurrent_compact            compaction_method num_tokens concurrent_reads replication_factor memtable_heap_space memtable_allocation row_cache_size_in_mb sstable_open_interval trickle_fsync inter_dc_stream key_cache_size stream_throughput row_cache_save column_index_size compaction_throughput memtable_offheap_space commitlog_segment mem_flush_writers index_summary .PARENT.
83   83                43             597             0.22                  7 SizeTieredCompactionStrategy         10               35                  8                1835     offheap_objects                    8                    51          True             365            107               218             54               112                    18                   1823                34                12           129       42

# 2020-11-11 11:34:48 UTC: Elite configurations (first number is the configuration ID; listed from best to worst according to the sum of ranks):
   concurrent_writes file_cache_size memtable_cleanup concurrent_compact            compaction_method num_tokens concurrent_reads replication_factor memtable_heap_space memtable_allocation row_cache_size_in_mb sstable_open_interval trickle_fsync inter_dc_stream key_cache_size stream_throughput row_cache_save column_index_size compaction_throughput memtable_offheap_space commitlog_segment mem_flush_writers index_summary
83                43             597             0.22                  7 SizeTieredCompactionStrategy         10               35                  8                1835     offheap_objects                    8                    51          True             365            107               218             54               112                    18                   1823                34                12           129
75                24             630             0.44                 19 SizeTieredCompactionStrategy         43               57                  9                1820     offheap_objects                    3                    41          True             347            129               108             72               108                    16                   1234                18                 4           105
82                53             627             0.12                 18    LeveledCompactionStrategy         11               48                  8                2108        heap_buffers                   16                    44          True             270             48               243             10                46                    26                   1923                41                11           131
88                40             605             0.23                  8 SizeTieredCompactionStrategy         29               50                  6                1907     offheap_objects                    1                     0          True             396             80               269             79                79                    20                   2212                47                 6           141
76                49             784             0.73                 15    LeveledCompactionStrategy         91               23                  9                2397     offheap_objects                   14                    28          True             214             10               349              6                63                    27                   1488                28                 7           119
85                37             603             0.14                 18 SizeTieredCompactionStrategy          8               39                  6                1834     offheap_objects                   10                    88          True             214             66               296             41               117                    18                   1487                18                 5           149
# 2020-11-11 11:34:48 UTC: Iteration 5 of 6
# experimentsUsedSoFar: 663
# remainingBudget: 337
# currentBudget: 168
# nbConfigurations: 22
  Markers:
     x No test is performed.
     - The test is performed and some configurations are discarded.
     = The test is performed but no configuration is discarded.
     ! The test is performed and configurations could be discarded but elite configurations are preserved.
     . All alive configurations are elite and nothing is discarded

+-+-----------+-----------+-----------+---------------+-----------+--------+-----+----+------+
| |   Instance|      Alive|       Best|      Mean best| Exp so far|  W time|  rho|KenW|  Qvar|
+-+-----------+-----------+-----------+---------------+-----------+--------+-----+----+------+
|x|         10|         22|         75|   -5900.053100|         22|00:27:00|   NA|  NA|    NA|
|x|          7|         22|         83|   -5756.727153|         38|00:19:44|-0.29|0.35|1.1184|
|x|          3|         22|         83|   -5729.822491|         54|00:20:00|-0.10|0.27|1.0779|
|x|          9|         22|         75|   -5831.378739|         70|00:20:02|+0.07|0.30|0.9633|
|=|          6|         22|         75|   -5833.873445|         86|00:20:08|+0.07|0.26|0.9629|
|-|          1|         11|         75|   -5764.658829|        102|00:20:42|+0.03|0.19|0.8775|
|=|          2|         11|         83|   -5715.195727|        107|00:06:20|+0.00|0.14|0.9014|
|=|          8|         11|         75|   -5657.079970|        112|00:06:11|-0.00|0.12|0.9073|
|=|          4|         11|         75|   -5661.302767|        117|00:06:15|+0.02|0.13|0.8716|
|=|          5|         11|         75|   -5650.913293|        122|00:06:16|+0.04|0.13|0.8440|
|=|         11|         11|         75|   -5655.164906|        133|00:13:35|+0.06|0.14|0.8329|
+-+-----------+-----------+-----------+---------------+-----------+--------+-----+----+------+
Best-so-far configuration:          75    mean value:    -5655.164906
Description of the best-so-far configuration:
   .ID. concurrent_writes file_cache_size memtable_cleanup concurrent_compact            compaction_method num_tokens concurrent_reads replication_factor memtable_heap_space memtable_allocation row_cache_size_in_mb sstable_open_interval trickle_fsync inter_dc_stream key_cache_size stream_throughput row_cache_save column_index_size compaction_throughput memtable_offheap_space commitlog_segment mem_flush_writers index_summary .PARENT.
75   75                24             630             0.44                 19 SizeTieredCompactionStrategy         43               57                  9                1820     offheap_objects                    3                    41          True             347            129               108             72               108                    16                   1234                18                 4           105       42

# 2020-11-11 14:21:05 UTC: Elite configurations (first number is the configuration ID; listed from best to worst according to the sum of ranks):
    concurrent_writes file_cache_size memtable_cleanup concurrent_compact            compaction_method num_tokens concurrent_reads replication_factor memtable_heap_space memtable_allocation row_cache_size_in_mb sstable_open_interval trickle_fsync inter_dc_stream key_cache_size stream_throughput row_cache_save column_index_size compaction_throughput memtable_offheap_space commitlog_segment mem_flush_writers index_summary
75                 24             630             0.44                 19 SizeTieredCompactionStrategy         43               57                  9                1820     offheap_objects                    3                    41          True             347            129               108             72               108                    16                   1234                18                 4           105
83                 43             597             0.22                  7 SizeTieredCompactionStrategy         10               35                  8                1835     offheap_objects                    8                    51          True             365            107               218             54               112                    18                   1823                34                12           129
88                 40             605             0.23                  8 SizeTieredCompactionStrategy         29               50                  6                1907     offheap_objects                    1                     0          True             396             80               269             79                79                    20                   2212                47                 6           141
82                 53             627             0.12                 18    LeveledCompactionStrategy         11               48                  8                2108        heap_buffers                   16                    44          True             270             48               243             10                46                    26                   1923                41                11           131
101                55             657             0.47                 15 SizeTieredCompactionStrategy         57               20                  8                2164     offheap_objects                    3                    45          True             278            120               247             22                73                    20                   1939                32                12           131
85                 37             603             0.14                 18 SizeTieredCompactionStrategy          8               39                  6                1834     offheap_objects                   10                    88          True             214             66               296             41               117                    18                   1487                18                 5           149
# 2020-11-11 14:21:05 UTC: Iteration 6 of 6
# experimentsUsedSoFar: 796
# remainingBudget: 204
# currentBudget: 204
# nbConfigurations: 22
  Markers:
     x No test is performed.
     - The test is performed and some configurations are discarded.
     = The test is performed but no configuration is discarded.
     ! The test is performed and configurations could be discarded but elite configurations are preserved.
     . All alive configurations are elite and nothing is discarded

+-+-----------+-----------+-----------+---------------+-----------+--------+-----+----+------+
| |   Instance|      Alive|       Best|      Mean best| Exp so far|  W time|  rho|KenW|  Qvar|
+-+-----------+-----------+-----------+---------------+-----------+--------+-----+----+------+
|x|         12|         22|         75|   -5704.181165|         22|00:27:41|   NA|  NA|    NA|
|x|          4|         22|         75|   -5699.633153|         38|00:20:23|+0.39|0.70|0.8140|
|x|          5|         22|         75|   -5652.224777|         54|00:20:31|+0.43|0.62|0.7307|
|x|          1|         22|         75|   -5593.815020|         70|00:21:02|+0.35|0.51|0.7503|
|-|          6|          6|         75|   -5643.822470|         86|00:21:22|+0.02|0.22|0.8006|
|.|          8|          6|         75|   -5675.796658|         86|00:00:00|+0.03|0.19|0.7909|
|.|          2|          6|         75|   -5555.399876|         86|00:00:00|-0.03|0.12|0.8232|
|.|         10|          6|         75|   -5598.481529|         86|00:00:00|+0.06|0.18|0.7567|
|.|          7|          6|         75|   -5593.198002|         86|00:00:00|+0.01|0.12|0.7882|
|.|          3|          6|         75|   -5622.529014|         86|00:00:00|+0.05|0.15|0.7574|
|.|          9|          6|         75|   -5655.755827|         86|00:00:00|+0.08|0.17|0.7283|
|.|         11|          6|         75|   -5659.249595|         86|00:00:00|+0.07|0.15|0.7263|
+-+-----------+-----------+-----------+---------------+-----------+--------+-----+----+------+
Best-so-far configuration:          75    mean value:    -5659.249595
Description of the best-so-far configuration:
   .ID. concurrent_writes file_cache_size memtable_cleanup concurrent_compact            compaction_method num_tokens concurrent_reads replication_factor memtable_heap_space memtable_allocation row_cache_size_in_mb sstable_open_interval trickle_fsync inter_dc_stream key_cache_size stream_throughput row_cache_save column_index_size compaction_throughput memtable_offheap_space commitlog_segment mem_flush_writers index_summary .PARENT.
75   75                24             630             0.44                 19 SizeTieredCompactionStrategy         43               57                  9                1820     offheap_objects                    3                    41          True             347            129               108             72               108                    16                   1234                18                 4           105       42

# 2020-11-11 16:12:07 UTC: Elite configurations (first number is the configuration ID; listed from best to worst according to the sum of ranks):
    concurrent_writes file_cache_size memtable_cleanup concurrent_compact            compaction_method num_tokens concurrent_reads replication_factor memtable_heap_space memtable_allocation row_cache_size_in_mb sstable_open_interval trickle_fsync inter_dc_stream key_cache_size stream_throughput row_cache_save column_index_size compaction_throughput memtable_offheap_space commitlog_segment mem_flush_writers index_summary
75                 24             630             0.44                 19 SizeTieredCompactionStrategy         43               57                  9                1820     offheap_objects                    3                    41          True             347            129               108             72               108                    16                   1234                18                 4           105
83                 43             597             0.22                  7 SizeTieredCompactionStrategy         10               35                  8                1835     offheap_objects                    8                    51          True             365            107               218             54               112                    18                   1823                34                12           129
101                55             657             0.47                 15 SizeTieredCompactionStrategy         57               20                  8                2164     offheap_objects                    3                    45          True             278            120               247             22                73                    20                   1939                32                12           131
88                 40             605             0.23                  8 SizeTieredCompactionStrategy         29               50                  6                1907     offheap_objects                    1                     0          True             396             80               269             79                79                    20                   2212                47                 6           141
82                 53             627             0.12                 18    LeveledCompactionStrategy         11               48                  8                2108        heap_buffers                   16                    44          True             270             48               243             10                46                    26                   1923                41                11           131
85                 37             603             0.14                 18 SizeTieredCompactionStrategy          8               39                  6                1834     offheap_objects                   10                    88          True             214             66               296             41               117                    18                   1487                18                 5           149
# 2020-11-11 16:12:07 UTC: Iteration 7 of 7
# experimentsUsedSoFar: 882
# remainingBudget: 118
# currentBudget: 118
# nbConfigurations: 14
  Markers:
     x No test is performed.
     - The test is performed and some configurations are discarded.
     = The test is performed but no configuration is discarded.
     ! The test is performed and configurations could be discarded but elite configurations are preserved.
     . All alive configurations are elite and nothing is discarded

+-+-----------+-----------+-----------+---------------+-----------+--------+-----+----+------+
| |   Instance|      Alive|       Best|      Mean best| Exp so far|  W time|  rho|KenW|  Qvar|
+-+-----------+-----------+-----------+---------------+-----------+--------+-----+----+------+
|x|         13|         14|         83|   -5430.650592|         14|00:18:44|   NA|  NA|    NA|
|x|          6|         14|         83|   -5490.790186|         22|00:10:19|+0.25|0.62|0.6445|
|x|          2|         14|         83|   -5593.790527|         30|00:10:42|+0.20|0.47|0.7889|
|x|          8|         14|         83|   -5534.819963|         38|00:10:25|+0.14|0.36|0.8590|
|=|          5|         14|         83|   -5569.799559|         46|00:10:20|+0.17|0.33|0.8987|
|-|          1|          6|         83|   -5613.827190|         54|00:10:10|-0.09|0.09|0.9310|
|.|          9|          6|         83|   -5616.454202|         54|00:00:00|-0.03|0.12|0.8942|
|.|         12|          6|         83|   -5599.066321|         54|00:00:00|-0.01|0.12|0.8520|
|.|         10|          6|         83|   -5617.246989|         54|00:00:00|+0.06|0.16|0.7914|
|.|          4|          6|         83|   -5619.792688|         54|00:00:00|+0.07|0.17|0.7538|
|.|         11|          6|         83|   -5628.264252|         54|00:00:00|+0.08|0.17|0.7344|
|.|          7|          6|         83|   -5638.472396|         54|00:00:00|+0.04|0.12|0.7693|
|.|          3|          6|         83|   -5641.360147|         54|00:00:00|+0.05|0.13|0.7531|
+-+-----------+-----------+-----------+---------------+-----------+--------+-----+----+------+
Best-so-far configuration:          75    mean value:    -5479.125002
Description of the best-so-far configuration:
   .ID. concurrent_writes file_cache_size memtable_cleanup concurrent_compact            compaction_method num_tokens concurrent_reads replication_factor memtable_heap_space memtable_allocation row_cache_size_in_mb sstable_open_interval trickle_fsync inter_dc_stream key_cache_size stream_throughput row_cache_save column_index_size compaction_throughput memtable_offheap_space commitlog_segment mem_flush_writers index_summary .PARENT.
75   75                24             630             0.44                 19 SizeTieredCompactionStrategy         43               57                  9                1820     offheap_objects                    3                    41          True             347            129               108             72               108                    16                   1234                18                 4           105       42

# 2020-11-11 17:22:50 UTC: Elite configurations (first number is the configuration ID; listed from best to worst according to the sum of ranks):
    concurrent_writes file_cache_size memtable_cleanup concurrent_compact            compaction_method num_tokens concurrent_reads replication_factor memtable_heap_space memtable_allocation row_cache_size_in_mb sstable_open_interval trickle_fsync inter_dc_stream key_cache_size stream_throughput row_cache_save column_index_size compaction_throughput memtable_offheap_space commitlog_segment mem_flush_writers index_summary
75                 24             630             0.44                 19 SizeTieredCompactionStrategy         43               57                  9                1820     offheap_objects                    3                    41          True             347            129               108             72               108                    16                   1234                18                 4           105
83                 43             597             0.22                  7 SizeTieredCompactionStrategy         10               35                  8                1835     offheap_objects                    8                    51          True             365            107               218             54               112                    18                   1823                34                12           129
101                55             657             0.47                 15 SizeTieredCompactionStrategy         57               20                  8                2164     offheap_objects                    3                    45          True             278            120               247             22                73                    20                   1939                32                12           131
88                 40             605             0.23                  8 SizeTieredCompactionStrategy         29               50                  6                1907     offheap_objects                    1                     0          True             396             80               269             79                79                    20                   2212                47                 6           141
82                 53             627             0.12                 18    LeveledCompactionStrategy         11               48                  8                2108        heap_buffers                   16                    44          True             270             48               243             10                46                    26                   1923                41                11           131
85                 37             603             0.14                 18 SizeTieredCompactionStrategy          8               39                  6                1834     offheap_objects                   10                    88          True             214             66               296             41               117                    18                   1487                18                 5           149
# 2020-11-11 17:22:50 UTC: Iteration 8 of 8
# experimentsUsedSoFar: 936
# remainingBudget: 64
# currentBudget: 64
# nbConfigurations: 10
  Markers:
     x No test is performed.
     - The test is performed and some configurations are discarded.
     = The test is performed but no configuration is discarded.
     ! The test is performed and configurations could be discarded but elite configurations are preserved.
     . All alive configurations are elite and nothing is discarded

+-+-----------+-----------+-----------+---------------+-----------+--------+-----+----+------+
| |   Instance|      Alive|       Best|      Mean best| Exp so far|  W time|  rho|KenW|  Qvar|
+-+-----------+-----------+-----------+---------------+-----------+--------+-----+----+------+
|x|         14|         10|        129|   -5492.393036|         10|00:13:00|   NA|  NA|    NA|
|x|          4|         10|         75|   -5414.014186|         14|00:05:06|+0.24|0.62|0.6429|
|x|          6|         10|         75|   -5557.293546|         18|00:05:03|+0.38|0.59|0.6178|
|x|          7|         10|         75|   -5555.702605|         22|00:05:13|+0.28|0.46|0.7083|
|=|         13|         10|         83|   -5494.221415|         26|00:05:13|+0.11|0.29|0.8219|
|-|         12|          8|         83|   -5491.409705|         30|00:05:13|+0.13|0.28|0.7603|
|=|          5|          8|         83|   -5522.596596|         32|00:02:30|+0.13|0.25|0.7621|
|-|         10|          6|         83|   -5552.608563|         34|00:02:36|+0.15|0.26|0.7062|
|.|          9|          6|         83|   -5561.453864|         34|00:00:00|+0.18|0.27|0.7002|
|.|          2|          6|         83|   -5585.287598|         34|00:00:00|+0.12|0.21|0.7214|
|.|          8|          6|         83|   -5564.616751|         34|00:00:00|+0.09|0.17|0.7290|
|.|         11|          6|         83|   -5576.980346|         34|00:00:00|+0.12|0.19|0.7083|
|.|          3|          6|         83|   -5584.598255|         34|00:00:00|+0.12|0.18|0.7031|
|.|          1|          6|         83|   -5602.410190|         34|00:00:00|+0.06|0.13|0.7477|
+-+-----------+-----------+-----------+---------------+-----------+--------+-----+----+------+
Best-so-far configuration:          75    mean value:    -5454.397732
Description of the best-so-far configuration:
   .ID. concurrent_writes file_cache_size memtable_cleanup concurrent_compact            compaction_method num_tokens concurrent_reads replication_factor memtable_heap_space memtable_allocation row_cache_size_in_mb sstable_open_interval trickle_fsync inter_dc_stream key_cache_size stream_throughput row_cache_save column_index_size compaction_throughput memtable_offheap_space commitlog_segment mem_flush_writers index_summary .PARENT.
75   75                24             630             0.44                 19 SizeTieredCompactionStrategy         43               57                  9                1820     offheap_objects                    3                    41          True             347            129               108             72               108                    16                   1234                18                 4           105       42

# 2020-11-11 18:06:46 UTC: Elite configurations (first number is the configuration ID; listed from best to worst according to the sum of ranks):
    concurrent_writes file_cache_size memtable_cleanup concurrent_compact            compaction_method num_tokens concurrent_reads replication_factor memtable_heap_space memtable_allocation row_cache_size_in_mb sstable_open_interval trickle_fsync inter_dc_stream key_cache_size stream_throughput row_cache_save column_index_size compaction_throughput memtable_offheap_space commitlog_segment mem_flush_writers index_summary
75                 24             630             0.44                 19 SizeTieredCompactionStrategy         43               57                  9                1820     offheap_objects                    3                    41          True             347            129               108             72               108                    16                   1234                18                 4           105
83                 43             597             0.22                  7 SizeTieredCompactionStrategy         10               35                  8                1835     offheap_objects                    8                    51          True             365            107               218             54               112                    18                   1823                34                12           129
101                55             657             0.47                 15 SizeTieredCompactionStrategy         57               20                  8                2164     offheap_objects                    3                    45          True             278            120               247             22                73                    20                   1939                32                12           131
88                 40             605             0.23                  8 SizeTieredCompactionStrategy         29               50                  6                1907     offheap_objects                    1                     0          True             396             80               269             79                79                    20                   2212                47                 6           141
85                 37             603             0.14                 18 SizeTieredCompactionStrategy          8               39                  6                1834     offheap_objects                   10                    88          True             214             66               296             41               117                    18                   1487                18                 5           149
82                 53             627             0.12                 18    LeveledCompactionStrategy         11               48                  8                2108        heap_buffers                   16                    44          True             270             48               243             10                46                    26                   1923                41                11           131
# 2020-11-11 18:06:46 UTC: Iteration 9 of 9
# experimentsUsedSoFar: 970
# remainingBudget: 30
# currentBudget: 30
# nbConfigurations: 7
  Markers:
     x No test is performed.
     - The test is performed and some configurations are discarded.
     = The test is performed but no configuration is discarded.
     ! The test is performed and configurations could be discarded but elite configurations are preserved.
     . All alive configurations are elite and nothing is discarded

+-+-----------+-----------+-----------+---------------+-----------+--------+-----+----+------+
| |   Instance|      Alive|       Best|      Mean best| Exp so far|  W time|  rho|KenW|  Qvar|
+-+-----------+-----------+-----------+---------------+-----------+--------+-----+----+------+
|x|         15|          7|        133|   -5475.551662|          7|00:08:54|   NA|  NA|    NA|
|x|          7|          7|         83|   -5576.915460|          8|00:01:16|-0.61|0.20|1.3994|
|x|          6|          7|         83|   -5568.253567|          9|00:01:22|-0.19|0.21|0.9446|
|x|          9|          7|         83|   -5584.244244|         10|00:01:13|-0.04|0.22|0.8371|
|=|         10|          7|         75|   -5679.903789|         11|00:01:16|+0.12|0.29|0.7123|
|=|         12|          7|         75|   -5683.950018|         12|00:01:13|+0.17|0.31|0.6922|
|=|          8|          7|         75|   -5705.623959|         13|00:01:21|+0.18|0.30|0.6534|
|=|         13|          7|         75|   -5407.124699|         14|00:01:15|+0.11|0.23|0.7334|
|=|          2|          7|         83|   -5573.930059|         15|00:01:15|+0.06|0.16|0.7800|
|=|         14|          7|        101|   -5487.413303|         16|00:01:17|+0.09|0.18|0.7503|
|=|          3|          7|         75|   -5373.588012|         17|00:01:22|+0.10|0.19|0.7377|
|=|          1|          7|         83|   -5564.284149|         18|00:01:18|+0.08|0.15|0.7504|
|-|          4|          6|         75|   -5401.779925|         19|00:01:17|+0.06|0.14|0.7405|
|.|          5|          6|         75|   -5412.896218|         19|00:00:00|+0.07|0.14|0.7536|
|.|         11|          6|         75|   -5431.881873|         19|00:00:00|+0.08|0.14|0.7451|
+-+-----------+-----------+-----------+---------------+-----------+--------+-----+----+------+
Best-so-far configuration:          83    mean value:    -5589.120774
Description of the best-so-far configuration:
   .ID. concurrent_writes file_cache_size memtable_cleanup concurrent_compact            compaction_method num_tokens concurrent_reads replication_factor memtable_heap_space memtable_allocation row_cache_size_in_mb sstable_open_interval trickle_fsync inter_dc_stream key_cache_size stream_throughput row_cache_save column_index_size compaction_throughput memtable_offheap_space commitlog_segment mem_flush_writers index_summary .PARENT.
83   83                43             597             0.22                  7 SizeTieredCompactionStrategy         10               35                  8                1835     offheap_objects                    8                    51          True             365            107               218             54               112                    18                   1823                34                12           129       42

# 2020-11-11 18:31:11 UTC: Elite configurations (first number is the configuration ID; listed from best to worst according to the sum of ranks):
    concurrent_writes file_cache_size memtable_cleanup concurrent_compact            compaction_method num_tokens concurrent_reads replication_factor memtable_heap_space memtable_allocation row_cache_size_in_mb sstable_open_interval trickle_fsync inter_dc_stream key_cache_size stream_throughput row_cache_save column_index_size compaction_throughput memtable_offheap_space commitlog_segment mem_flush_writers index_summary
83                 43             597             0.22                  7 SizeTieredCompactionStrategy         10               35                  8                1835     offheap_objects                    8                    51          True             365            107               218             54               112                    18                   1823                34                12           129
75                 24             630             0.44                 19 SizeTieredCompactionStrategy         43               57                  9                1820     offheap_objects                    3                    41          True             347            129               108             72               108                    16                   1234                18                 4           105
101                55             657             0.47                 15 SizeTieredCompactionStrategy         57               20                  8                2164     offheap_objects                    3                    45          True             278            120               247             22                73                    20                   1939                32                12           131
88                 40             605             0.23                  8 SizeTieredCompactionStrategy         29               50                  6                1907     offheap_objects                    1                     0          True             396             80               269             79                79                    20                   2212                47                 6           141
85                 37             603             0.14                 18 SizeTieredCompactionStrategy          8               39                  6                1834     offheap_objects                   10                    88          True             214             66               296             41               117                    18                   1487                18                 5           149
82                 53             627             0.12                 18    LeveledCompactionStrategy         11               48                  8                2108        heap_buffers                   16                    44          True             270             48               243             10                46                    26                   1923                41                11           131
# 2020-11-11 18:31:11 UTC: Stopped because there is not enough budget left to race more than the minimum (6)
# You may either increase the budget or set 'minNbSurvival' to a lower value
# Iteration: 10
# nbIterations: 10
# experimentsUsedSoFar: 989
# timeUsed: 0
# remainingBudget: 11
# currentBudget: 11
# number of elites: 6
# nbConfigurations: 6
# Best configurations (first number is the configuration ID; listed from best to worst according to the sum of ranks):
    concurrent_writes file_cache_size memtable_cleanup concurrent_compact            compaction_method num_tokens concurrent_reads replication_factor memtable_heap_space memtable_allocation row_cache_size_in_mb sstable_open_interval trickle_fsync inter_dc_stream key_cache_size stream_throughput row_cache_save column_index_size compaction_throughput memtable_offheap_space commitlog_segment mem_flush_writers index_summary
83                 43             597             0.22                  7 SizeTieredCompactionStrategy         10               35                  8                1835     offheap_objects                    8                    51          True             365            107               218             54               112                    18                   1823                34                12           129
75                 24             630             0.44                 19 SizeTieredCompactionStrategy         43               57                  9                1820     offheap_objects                    3                    41          True             347            129               108             72               108                    16                   1234                18                 4           105
101                55             657             0.47                 15 SizeTieredCompactionStrategy         57               20                  8                2164     offheap_objects                    3                    45          True             278            120               247             22                73                    20                   1939                32                12           131
88                 40             605             0.23                  8 SizeTieredCompactionStrategy         29               50                  6                1907     offheap_objects                    1                     0          True             396             80               269             79                79                    20                   2212                47                 6           141
85                 37             603             0.14                 18 SizeTieredCompactionStrategy          8               39                  6                1834     offheap_objects                   10                    88          True             214             66               296             41               117                    18                   1487                18                 5           149
82                 53             627             0.12                 18    LeveledCompactionStrategy         11               48                  8                2108        heap_buffers                   16                    44          True             270             48               243             10                46                    26                   1923                41                11           131
# Best configurations as commandlines (first number is the configuration ID; same order as above):
83   43 597 0.22 7 SizeTieredCompactionStrategy 10 35 8 1835 offheap_objects 8 51 True 365 107 218 54 112 18 1823 34 12 129
75   24 630 0.44 19 SizeTieredCompactionStrategy 43 57 9 1820 offheap_objects 3 41 True 347 129 108 72 108 16 1234 18 4 105
101  55 657 0.47 15 SizeTieredCompactionStrategy 57 20 8 2164 offheap_objects 3 45 True 278 120 247 22 73 20 1939 32 12 131
88   40 605 0.23 8 SizeTieredCompactionStrategy 29 50 6 1907 offheap_objects 1 0 True 396 80 269 79 79 20 2212 47 6 141
85   37 603 0.14 18 SizeTieredCompactionStrategy 8 39 6 1834 offheap_objects 10 88 True 214 66 296 41 117 18 1487 18 5 149
82   53 627 0.12 18 LeveledCompactionStrategy 11 48 8 2108 heap_buffers 16 44 True 270 48 243 10 46 26 1923 41 11 131
