#------------------------------------------------------------------------------
# irace: An implementation in R of (Elitist) Iterated Racing
# Version: 3.3.2238:2239
# Copyright (C) 2010-2019
# Manuel Lopez-Ibanez     <manuel.lopez-ibanez@manchester.ac.uk>
# Jeremie Dubois-Lacoste  
# Leslie Perez Caceres    <leslie.perez.caceres@ulb.ac.be>
#
# This is free software, and you are welcome to redistribute it under certain
# conditions.  See the GNU General Public License for details. There is NO
# WARRANTY; not even for MERCHANTABILITY or FITNESS FOR A PARTICULAR PURPOSE.
#
# irace builds upon previous code from the race package:
#     race: Racing methods for the selection of the best
#     Copyright (C) 2003 Mauro Birattari
#------------------------------------------------------------------------------
# installed at: /home/moises_silva/R/x86_64-pc-linux-gnu-library/3.4/irace
# called with: 
Warning: A default scenario file './scenario.txt' has been found and will be read
# 2020-11-24 00:06:16 UTC: Initialization
# Elitist race
# Elitist new instances: 1
# Elitist limit: 2
# nbIterations: 4
# minNbSurvival: 4
# nbParameters: 5
# seed: 2117747565
# confidence level: 0.95
# budget: 500
# mu: 5
# deterministic: FALSE

# 2020-11-24 00:06:16 UTC: Iteration 1 of 4
# experimentsUsedSoFar: 0
# remainingBudget: 500
# currentBudget: 125
# nbConfigurations: 20
  Markers:
     x No test is performed.
     - The test is performed and some configurations are discarded.
     = The test is performed but no configuration is discarded.
     ! The test is performed and configurations could be discarded but elite configurations are preserved.
     . All alive configurations are elite and nothing is discarded

+-+-----------+-----------+-----------+---------------+-----------+--------+-----+----+------+
| |   Instance|      Alive|       Best|      Mean best| Exp so far|  W time|  rho|KenW|  Qvar|
+-+-----------+-----------+-----------+---------------+-----------+--------+-----+----+------+
|x|          1|         20|          9|   -7529.553497|         20|00:21:24|   NA|  NA|    NA|
|x|          2|         20|         20|   -7430.273165|         40|00:21:11|+0.02|0.51|0.9279|
|x|          3|         20|          1|   -7443.119853|         60|00:21:16|+0.01|0.34|0.9222|
|x|          4|         20|         13|   -7445.824765|         80|00:21:21|+0.03|0.28|0.9403|
|=|          5|         20|         13|   -7468.261354|        100|00:21:19|+0.11|0.29|0.8917|
|-|          6|         10|         13|   -7462.708501|        120|00:21:26|-0.08|0.10|0.9351|
+-+-----------+-----------+-----------+---------------+-----------+--------+-----+----+------+
Best-so-far configuration:          13    mean value:    -7462.708501
Description of the best-so-far configuration:
   .ID. concurrent_writes file_cache_size_in_mb memtable_cleanup_threshold concurrent_compactors         compaction_method .PARENT.
13   13                55                   278                       0.79                    29 LeveledCompactionStrategy       NA

# 2020-11-24 02:14:16 UTC: Elite configurations (first number is the configuration ID; listed from best to worst according to the sum of ranks):
   concurrent_writes file_cache_size_in_mb memtable_cleanup_threshold concurrent_compactors            compaction_method
13                55                   278                       0.79                    29    LeveledCompactionStrategy
11                61                   346                       0.71                    31 SizeTieredCompactionStrategy
14                38                   713                       0.78                    15 SizeTieredCompactionStrategy
18                50                   960                       0.65                    26 SizeTieredCompactionStrategy
# 2020-11-24 02:14:16 UTC: Iteration 2 of 4
# experimentsUsedSoFar: 120
# remainingBudget: 380
# currentBudget: 126
# nbConfigurations: 21
  Markers:
     x No test is performed.
     - The test is performed and some configurations are discarded.
     = The test is performed but no configuration is discarded.
     ! The test is performed and configurations could be discarded but elite configurations are preserved.
     . All alive configurations are elite and nothing is discarded

+-+-----------+-----------+-----------+---------------+-----------+--------+-----+----+------+
| |   Instance|      Alive|       Best|      Mean best| Exp so far|  W time|  rho|KenW|  Qvar|
+-+-----------+-----------+-----------+---------------+-----------+--------+-----+----+------+
|x|          7|         21|         29|   -7505.253678|         21|00:22:33|   NA|  NA|    NA|
|x|          2|         21|         29|   -7509.483101|         38|00:18:12|+0.09|0.54|0.6853|
|x|          5|         21|         29|   -7517.307629|         55|00:18:11|+0.09|0.39|0.7417|
|x|          3|         21|         29|   -7514.012540|         72|00:18:10|+0.07|0.30|0.7575|
|=|          4|         21|         29|   -7508.888630|         89|00:18:13|+0.12|0.29|0.8098|
|-|          1|          6|         29|   -7495.368022|        106|00:18:11|+0.03|0.19|0.7753|
|=|          6|          6|         29|   -7461.526058|        108|00:02:08|-0.02|0.13|0.8193|
|=|          8|          6|         29|   -7452.298657|        114|00:06:24|+0.05|0.17|0.7508|
+-+-----------+-----------+-----------+---------------+-----------+--------+-----+----+------+
Best-so-far configuration:          29    mean value:    -7452.298657
Description of the best-so-far configuration:
   .ID. concurrent_writes file_cache_size_in_mb memtable_cleanup_threshold concurrent_compactors         compaction_method .PARENT.
29   29                42                   687                       0.54                    22 LeveledCompactionStrategy       13

# 2020-11-24 04:16:23 UTC: Elite configurations (first number is the configuration ID; listed from best to worst according to the sum of ranks):
   concurrent_writes file_cache_size_in_mb memtable_cleanup_threshold concurrent_compactors            compaction_method
29                42                   687                       0.54                    22    LeveledCompactionStrategy
32                45                  1082                       0.45                    32    LeveledCompactionStrategy
13                55                   278                       0.79                    29    LeveledCompactionStrategy
11                61                   346                       0.71                    31 SizeTieredCompactionStrategy
# 2020-11-24 04:16:23 UTC: Iteration 3 of 4
# experimentsUsedSoFar: 234
# remainingBudget: 266
# currentBudget: 133
# nbConfigurations: 18
  Markers:
     x No test is performed.
     - The test is performed and some configurations are discarded.
     = The test is performed but no configuration is discarded.
     ! The test is performed and configurations could be discarded but elite configurations are preserved.
     . All alive configurations are elite and nothing is discarded

+-+-----------+-----------+-----------+---------------+-----------+--------+-----+----+------+
| |   Instance|      Alive|       Best|      Mean best| Exp so far|  W time|  rho|KenW|  Qvar|
+-+-----------+-----------+-----------+---------------+-----------+--------+-----+----+------+
|x|          9|         18|         48|   -7514.841813|         18|00:19:20|   NA|  NA|    NA|
|x|          1|         18|         11|   -7411.933444|         32|00:14:53|-0.27|0.37|1.0724|
|x|          7|         18|         29|   -7364.297834|         46|00:14:57|-0.20|0.20|1.0720|
|x|          8|         18|         50|   -7370.631519|         60|00:14:57|-0.10|0.17|0.9347|
|=|          4|         18|         29|   -7352.064214|         74|00:14:50|-0.08|0.14|0.9669|
|=|          5|         18|         29|   -7382.212959|         88|00:14:58|-0.04|0.13|0.9493|
|=|          6|         18|         42|   -7422.334852|        102|00:14:57|-0.07|0.09|0.9829|
|=|          2|         18|         42|   -7412.378372|        116|00:14:59|-0.03|0.10|0.9648|
|=|          3|         18|         29|   -7396.621313|        130|00:14:57|-0.02|0.09|0.9530|
+-+-----------+-----------+-----------+---------------+-----------+--------+-----+----+------+
Best-so-far configuration:          29    mean value:    -7396.621313
Description of the best-so-far configuration:
   .ID. concurrent_writes file_cache_size_in_mb memtable_cleanup_threshold concurrent_compactors         compaction_method .PARENT.
29   29                42                   687                       0.54                    22 LeveledCompactionStrategy       13

# 2020-11-24 06:35:16 UTC: Elite configurations (first number is the configuration ID; listed from best to worst according to the sum of ranks):
   concurrent_writes file_cache_size_in_mb memtable_cleanup_threshold concurrent_compactors         compaction_method
29                42                   687                       0.54                    22 LeveledCompactionStrategy
32                45                  1082                       0.45                    32 LeveledCompactionStrategy
42                63                   743                       0.46                    29 LeveledCompactionStrategy
13                55                   278                       0.79                    29 LeveledCompactionStrategy
# 2020-11-24 06:35:16 UTC: Iteration 4 of 4
# experimentsUsedSoFar: 364
# remainingBudget: 136
# currentBudget: 136
# nbConfigurations: 17
  Markers:
     x No test is performed.
     - The test is performed and some configurations are discarded.
     = The test is performed but no configuration is discarded.
     ! The test is performed and configurations could be discarded but elite configurations are preserved.
     . All alive configurations are elite and nothing is discarded

+-+-----------+-----------+-----------+---------------+-----------+--------+-----+----+------+
| |   Instance|      Alive|       Best|      Mean best| Exp so far|  W time|  rho|KenW|  Qvar|
+-+-----------+-----------+-----------+---------------+-----------+--------+-----+----+------+
|x|         10|         17|         62|   -7456.565506|         17|00:18:10|   NA|  NA|    NA|
|x|          4|         17|         29|   -7458.078988|         30|00:14:00|-0.01|0.50|1.0423|
|x|          2|         17|         29|   -7476.623501|         43|00:14:06|+0.14|0.43|0.8028|
|x|          9|         17|         42|   -7397.290232|         56|00:14:12|+0.21|0.41|0.7374|
|-|          7|          6|         42|   -7379.179548|         69|00:14:11|+0.23|0.38|0.6707|
|-|          8|          4|         29|   -7379.005599|         71|00:02:09|+0.03|0.19|0.8066|
|.|          5|          4|         29|   -7400.998611|         71|00:00:00|+0.09|0.22|0.7522|
|.|          3|          4|         29|   -7413.889694|         71|00:00:00|+0.05|0.17|0.7460|
|.|          1|          4|         29|   -7415.431393|         71|00:00:00|-0.02|0.09|0.7536|
|.|          6|          4|         29|   -7399.735680|         71|00:00:00|-0.07|0.03|0.8013|
+-+-----------+-----------+-----------+---------------+-----------+--------+-----+----+------+
Best-so-far configuration:          29    mean value:    -7399.735680
Description of the best-so-far configuration:
   .ID. concurrent_writes file_cache_size_in_mb memtable_cleanup_threshold concurrent_compactors         compaction_method .PARENT.
29   29                42                   687                       0.54                    22 LeveledCompactionStrategy       13

# 2020-11-24 07:52:06 UTC: Elite configurations (first number is the configuration ID; listed from best to worst according to the sum of ranks):
   concurrent_writes file_cache_size_in_mb memtable_cleanup_threshold concurrent_compactors         compaction_method
29                42                   687                       0.54                    22 LeveledCompactionStrategy
32                45                  1082                       0.45                    32 LeveledCompactionStrategy
42                63                   743                       0.46                    29 LeveledCompactionStrategy
13                55                   278                       0.79                    29 LeveledCompactionStrategy
# 2020-11-24 07:52:06 UTC: Iteration 5 of 5
# experimentsUsedSoFar: 435
# remainingBudget: 65
# currentBudget: 65
# nbConfigurations: 9
  Markers:
     x No test is performed.
     - The test is performed and some configurations are discarded.
     = The test is performed but no configuration is discarded.
     ! The test is performed and configurations could be discarded but elite configurations are preserved.
     . All alive configurations are elite and nothing is discarded

+-+-----------+-----------+-----------+---------------+-----------+--------+-----+----+------+
| |   Instance|      Alive|       Best|      Mean best| Exp so far|  W time|  rho|KenW|  Qvar|
+-+-----------+-----------+-----------+---------------+-----------+--------+-----+----+------+
|x|         11|          9|         66|   -7350.238883|          9|00:09:45|   NA|  NA|    NA|
|x|          5|          9|         29|   -7362.307181|         14|00:05:24|-0.73|0.13|1.1547|
|x|          9|          9|         42|   -7358.874692|         19|00:05:26|-0.22|0.19|1.0264|
|x|          8|          9|         42|   -7373.067773|         24|00:05:22|-0.03|0.23|0.8704|
|=|         10|          9|         42|   -7378.510460|         29|00:05:24|+0.06|0.25|0.8149|
|=|          1|          9|         42|   -7358.328836|         34|00:05:25|+0.16|0.30|0.7489|
|-|          2|          5|         42|   -7356.093719|         39|00:05:23|-0.07|0.09|0.8620|
|=|          6|          5|         42|   -7380.833401|         40|00:01:03|-0.06|0.07|0.8598|
|=|          4|          5|         42|   -7390.733414|         41|00:01:05|-0.06|0.06|0.8247|
|=|          7|          5|         42|   -7382.333754|         42|00:01:05|+0.00|0.10|0.7816|
|=|          3|          5|         29|   -7380.819498|         43|00:01:05|+0.02|0.11|0.7624|
|=|         12|          5|         42|   -7360.026247|         48|00:05:25|-0.02|0.06|0.7893|
+-+-----------+-----------+-----------+---------------+-----------+--------+-----+----+------+
Best-so-far configuration:          42    mean value:    -7360.026247
Description of the best-so-far configuration:
   .ID. concurrent_writes file_cache_size_in_mb memtable_cleanup_threshold concurrent_compactors         compaction_method .PARENT.
42   42                63                   743                       0.46                    29 LeveledCompactionStrategy       32

# 2020-11-24 08:44:02 UTC: Elite configurations (first number is the configuration ID; listed from best to worst according to the sum of ranks):
   concurrent_writes file_cache_size_in_mb memtable_cleanup_threshold concurrent_compactors         compaction_method
42                63                   743                       0.46                    29 LeveledCompactionStrategy
29                42                   687                       0.54                    22 LeveledCompactionStrategy
32                45                  1082                       0.45                    32 LeveledCompactionStrategy
13                55                   278                       0.79                    29 LeveledCompactionStrategy
# 2020-11-24 08:44:02 UTC: Iteration 6 of 6
# experimentsUsedSoFar: 483
# remainingBudget: 17
# currentBudget: 17
# nbConfigurations: 5
  Markers:
     x No test is performed.
     - The test is performed and some configurations are discarded.
     = The test is performed but no configuration is discarded.
     ! The test is performed and configurations could be discarded but elite configurations are preserved.
     . All alive configurations are elite and nothing is discarded

+-+-----------+-----------+-----------+---------------+-----------+--------+-----+----+------+
| |   Instance|      Alive|       Best|      Mean best| Exp so far|  W time|  rho|KenW|  Qvar|
+-+-----------+-----------+-----------+---------------+-----------+--------+-----+----+------+
|x|         13|          5|         70|   -6846.970216|          5|00:05:30|   NA|  NA|    NA|
|x|          6|          5|         42|   -7089.141255|          6|00:01:05|-1.00|0.00|1.4927|
|x|          9|          5|         42|   -7184.848565|          7|00:01:05|-0.33|0.11|1.0088|
|x|          2|          5|         42|   -7224.307178|          8|00:01:04|-0.17|0.12|0.8498|
|=|          8|          5|         42|   -7262.575145|          9|00:01:05|+0.00|0.20|0.6900|
|=|          1|          5|         42|   -7261.716073|         10|00:01:04|+0.02|0.18|0.6048|
|=|         12|          5|         42|   -7245.830693|         11|00:01:04|+0.07|0.20|0.6922|
|=|          4|          5|         13|   -7270.570266|         12|00:01:04|+0.11|0.22|0.6211|
|=|          3|          5|         13|   -7305.118140|         13|00:01:04|+0.16|0.25|0.5870|
|-|          7|          4|         13|   -7295.223174|         14|00:01:06|-0.08|0.03|0.7897|
|.|          5|          4|         13|   -7319.112677|         14|00:00:00|-0.05|0.05|0.7718|
|.|         11|          4|         13|   -7288.654901|         14|00:00:00|-0.06|0.03|0.7892|
|.|         10|          4|         13|   -7236.470610|         14|00:00:00|-0.03|0.05|0.7924|
+-+-----------+-----------+-----------+---------------+-----------+--------+-----+----+------+
Best-so-far configuration:          29    mean value:    -7252.082744
Description of the best-so-far configuration:
   .ID. concurrent_writes file_cache_size_in_mb memtable_cleanup_threshold concurrent_compactors         compaction_method .PARENT.
29   29                42                   687                       0.54                    22 LeveledCompactionStrategy       13

# 2020-11-24 08:59:19 UTC: Elite configurations (first number is the configuration ID; listed from best to worst according to the sum of ranks):
   concurrent_writes file_cache_size_in_mb memtable_cleanup_threshold concurrent_compactors         compaction_method
29                42                   687                       0.54                    22 LeveledCompactionStrategy
32                45                  1082                       0.45                    32 LeveledCompactionStrategy
42                63                   743                       0.46                    29 LeveledCompactionStrategy
13                55                   278                       0.79                    29 LeveledCompactionStrategy
# 2020-11-24 08:59:19 UTC: Stopped because there is not enough budget left to race more than the minimum (4)
# You may either increase the budget or set 'minNbSurvival' to a lower value
# Iteration: 7
# nbIterations: 7
# experimentsUsedSoFar: 497
# timeUsed: 0
# remainingBudget: 3
# currentBudget: 3
# number of elites: 4
# nbConfigurations: 3
# Best configurations (first number is the configuration ID; listed from best to worst according to the sum of ranks):
   concurrent_writes file_cache_size_in_mb memtable_cleanup_threshold concurrent_compactors         compaction_method
29                42                   687                       0.54                    22 LeveledCompactionStrategy
32                45                  1082                       0.45                    32 LeveledCompactionStrategy
42                63                   743                       0.46                    29 LeveledCompactionStrategy
13                55                   278                       0.79                    29 LeveledCompactionStrategy
# Best configurations as commandlines (first number is the configuration ID; same order as above):
29  42 687 0.54 22 LeveledCompactionStrategy
32  45 1082 0.45 32 LeveledCompactionStrategy
42  63 743 0.46 29 LeveledCompactionStrategy
13  55 278 0.79 29 LeveledCompactionStrategy
