#------------------------------------------------------------------------------
# irace: An implementation in R of (Elitist) Iterated Racing
# Version: 3.3.2238:2239
# Copyright (C) 2010-2019
# Manuel Lopez-Ibanez     <manuel.lopez-ibanez@manchester.ac.uk>
# Jeremie Dubois-Lacoste  
# Leslie Perez Caceres    <leslie.perez.caceres@ulb.ac.be>
#
# This is free software, and you are welcome to redistribute it under certain
# conditions.  See the GNU General Public License for details. There is NO
# WARRANTY; not even for MERCHANTABILITY or FITNESS FOR A PARTICULAR PURPOSE.
#
# irace builds upon previous code from the race package:
#     race: Racing methods for the selection of the best
#     Copyright (C) 2003 Mauro Birattari
#------------------------------------------------------------------------------
# installed at: /home/moises_silva/R/x86_64-pc-linux-gnu-library/3.4/irace
# called with: 
Warning: A default scenario file './scenario.txt' has been found and will be read
# Adding 1 initial configuration(s) from file '/home/moises_silva/tuning/configurations.txt' 
# 2020-11-24 00:06:29 UTC: Initialization
# Elitist race
# Elitist new instances: 1
# Elitist limit: 2
# nbIterations: 4
# minNbSurvival: 4
# nbParameters: 5
# seed: 990179997
# confidence level: 0.95
# budget: 500
# mu: 5
# deterministic: FALSE

# 2020-11-24 00:06:29 UTC: Iteration 1 of 4
# experimentsUsedSoFar: 0
# remainingBudget: 500
# currentBudget: 125
# nbConfigurations: 20
  Markers:
     x No test is performed.
     - The test is performed and some configurations are discarded.
     = The test is performed but no configuration is discarded.
     ! The test is performed and configurations could be discarded but elite configurations are preserved.
     . All alive configurations are elite and nothing is discarded

+-+-----------+-----------+-----------+---------------+-----------+--------+-----+----+------+
| |   Instance|      Alive|       Best|      Mean best| Exp so far|  W time|  rho|KenW|  Qvar|
+-+-----------+-----------+-----------+---------------+-----------+--------+-----+----+------+
|x|          1|         20|         12|   -7307.270734|         20|00:22:28|   NA|  NA|    NA|
|x|          2|         20|         12|   -7406.825579|         40|00:21:56|+0.07|0.54|1.0508|
|x|          3|         20|          3|   -7227.249883|         60|00:21:35|-0.04|0.31|1.0288|
|x|          4|         20|          3|   -7251.670931|         80|00:21:39|+0.01|0.25|0.9619|
|=|          5|         20|          3|   -7239.461430|        100|00:21:33|+0.07|0.26|0.8965|
|=|          6|         20|         16|   -7179.729627|        120|00:21:16|+0.11|0.26|0.8169|
+-+-----------+-----------+-----------+---------------+-----------+--------+-----+----+------+
Best-so-far configuration:          16    mean value:    -7179.729627
Description of the best-so-far configuration:
   .ID. concurrent_writes file_cache_size_in_mb memtable_cleanup_threshold concurrent_compactors         compaction_method .PARENT.
16   16                35                  1221                       0.22                    22 LeveledCompactionStrategy       NA

# 2020-11-24 02:16:58 UTC: Elite configurations (first number is the configuration ID; listed from best to worst according to the sum of ranks):
   concurrent_writes file_cache_size_in_mb memtable_cleanup_threshold concurrent_compactors            compaction_method
16                35                  1221                       0.22                    22    LeveledCompactionStrategy
3                 53                   547                       0.33                    27    LeveledCompactionStrategy
20                35                   557                       0.41                    26 SizeTieredCompactionStrategy
13                62                   805                       0.52                    15    LeveledCompactionStrategy
# 2020-11-24 02:16:58 UTC: Iteration 2 of 4
# experimentsUsedSoFar: 120
# remainingBudget: 380
# currentBudget: 126
# nbConfigurations: 21
  Markers:
     x No test is performed.
     - The test is performed and some configurations are discarded.
     = The test is performed but no configuration is discarded.
     ! The test is performed and configurations could be discarded but elite configurations are preserved.
     . All alive configurations are elite and nothing is discarded

+-+-----------+-----------+-----------+---------------+-----------+--------+-----+----+------+
| |   Instance|      Alive|       Best|      Mean best| Exp so far|  W time|  rho|KenW|  Qvar|
+-+-----------+-----------+-----------+---------------+-----------+--------+-----+----+------+
|x|          7|         21|         23|   -7494.004796|         21|00:22:34|   NA|  NA|    NA|
|x|          6|         21|         20|   -7516.912134|         38|00:18:20|-0.06|0.47|0.8326|
|x|          4|         21|         21|   -7457.235172|         55|00:18:12|+0.20|0.46|0.5852|
|x|          2|         21|         21|   -7471.778025|         72|00:18:12|+0.14|0.36|0.6680|
|-|          3|         16|         21|   -7400.201107|         89|00:18:40|-0.13|0.10|1.0647|
|=|          5|         16|         20|   -7440.642991|        101|00:13:01|-0.08|0.10|0.9971|
|=|          1|         16|         21|   -7336.452655|        113|00:13:01|-0.09|0.07|0.9985|
+-+-----------+-----------+-----------+---------------+-----------+--------+-----+----+------+
Best-so-far configuration:          21    mean value:    -7336.452655
Description of the best-so-far configuration:
   .ID. concurrent_writes file_cache_size_in_mb memtable_cleanup_threshold concurrent_compactors         compaction_method .PARENT.
21   21                40                  1090                       0.16                    23 LeveledCompactionStrategy       16

# 2020-11-24 04:19:02 UTC: Elite configurations (first number is the configuration ID; listed from best to worst according to the sum of ranks):
   concurrent_writes file_cache_size_in_mb memtable_cleanup_threshold concurrent_compactors            compaction_method
21                40                  1090                       0.16                    23    LeveledCompactionStrategy
20                35                   557                       0.41                    26 SizeTieredCompactionStrategy
23                56                  1407                       0.15                    26 SizeTieredCompactionStrategy
3                 53                   547                       0.33                    27    LeveledCompactionStrategy
# 2020-11-24 04:19:02 UTC: Iteration 3 of 4
# experimentsUsedSoFar: 233
# remainingBudget: 267
# currentBudget: 133
# nbConfigurations: 20
  Markers:
     x No test is performed.
     - The test is performed and some configurations are discarded.
     = The test is performed but no configuration is discarded.
     ! The test is performed and configurations could be discarded but elite configurations are preserved.
     . All alive configurations are elite and nothing is discarded

+-+-----------+-----------+-----------+---------------+-----------+--------+-----+----+------+
| |   Instance|      Alive|       Best|      Mean best| Exp so far|  W time|  rho|KenW|  Qvar|
+-+-----------+-----------+-----------+---------------+-----------+--------+-----+----+------+
|x|          8|         20|         53|   -7471.049682|         20|00:21:46|   NA|  NA|    NA|
|x|          1|         20|         39|   -7352.862864|         36|00:17:18|-0.08|0.46|0.9575|
|x|          5|         20|         47|   -7300.095643|         52|00:17:42|+0.25|0.50|0.7492|
|x|          2|         20|         39|   -7227.391269|         68|00:17:32|+0.30|0.48|0.6471|
|-|          4|         13|         21|   -7293.859161|         84|00:17:40|-0.02|0.18|0.9556|
|=|          7|         13|         21|   -7322.368451|         93|00:10:05|+0.06|0.22|0.8927|
|=|          6|         13|         21|   -7346.086242|        102|00:10:00|+0.13|0.25|0.8242|
|-|          3|          5|         20|   -7336.331521|        111|00:10:15|-0.02|0.11|0.7871|
|=|          9|          5|         20|   -7319.854585|        116|00:05:29|-0.06|0.06|0.8101|
|=|         10|          5|         20|   -7301.594057|        121|00:05:25|-0.06|0.05|0.8211|
+-+-----------+-----------+-----------+---------------+-----------+--------+-----+----+------+
Best-so-far configuration:          20    mean value:    -7301.594057
Description of the best-so-far configuration:
   .ID. concurrent_writes file_cache_size_in_mb memtable_cleanup_threshold concurrent_compactors            compaction_method .PARENT.
20   20                35                   557                       0.41                    26 SizeTieredCompactionStrategy       NA

# 2020-11-24 06:32:19 UTC: Elite configurations (first number is the configuration ID; listed from best to worst according to the sum of ranks):
   concurrent_writes file_cache_size_in_mb memtable_cleanup_threshold concurrent_compactors            compaction_method
20                35                   557                       0.41                    26 SizeTieredCompactionStrategy
21                40                  1090                       0.16                    23    LeveledCompactionStrategy
23                56                  1407                       0.15                    26 SizeTieredCompactionStrategy
39                63                  1055                       0.26                    29 SizeTieredCompactionStrategy
# 2020-11-24 06:32:19 UTC: Iteration 4 of 4
# experimentsUsedSoFar: 354
# remainingBudget: 146
# currentBudget: 146
# nbConfigurations: 16
  Markers:
     x No test is performed.
     - The test is performed and some configurations are discarded.
     = The test is performed but no configuration is discarded.
     ! The test is performed and configurations could be discarded but elite configurations are preserved.
     . All alive configurations are elite and nothing is discarded

+-+-----------+-----------+-----------+---------------+-----------+--------+-----+----+------+
| |   Instance|      Alive|       Best|      Mean best| Exp so far|  W time|  rho|KenW|  Qvar|
+-+-----------+-----------+-----------+---------------+-----------+--------+-----+----+------+
|x|         11|         16|         64|   -7348.078477|         16|00:17:55|   NA|  NA|    NA|
|x|          2|         16|         59|   -7217.127576|         28|00:13:13|+0.26|0.63|0.4215|
|x|          6|         16|         20|   -7301.565000|         40|00:15:47|+0.26|0.51|0.4959|
|x|          3|         16|         65|   -7012.484980|         52|00:13:15|+0.14|0.36|0.6803|
|-|          9|         12|         65|   -7115.218660|         64|00:12:51|-0.11|0.11|1.0194|
|=|          8|         12|         20|   -7245.429529|         72|00:08:49|-0.10|0.09|1.0092|
|=|         10|         12|         59|   -7006.255721|         80|00:08:37|-0.07|0.08|0.9859|
|=|          5|         12|         20|   -7276.292914|         88|00:08:45|-0.04|0.09|0.9572|
|=|          1|         12|         62|   -7132.347851|         96|00:08:44|-0.04|0.08|0.9680|
|=|          4|         12|         62|   -7151.552823|        104|00:08:42|-0.01|0.09|0.9396|
|=|          7|         12|         20|   -7257.000158|        112|00:08:47|+0.00|0.09|0.9151|
|=|         12|         12|         21|   -7171.011760|        124|00:14:22|+0.01|0.09|0.9022|
+-+-----------+-----------+-----------+---------------+-----------+--------+-----+----+------+
Best-so-far configuration:          21    mean value:    -7171.011760
Description of the best-so-far configuration:
   .ID. concurrent_writes file_cache_size_in_mb memtable_cleanup_threshold concurrent_compactors         compaction_method .PARENT.
21   21                40                  1090                       0.16                    23 LeveledCompactionStrategy       16

# 2020-11-24 08:52:13 UTC: Elite configurations (first number is the configuration ID; listed from best to worst according to the sum of ranks):
   concurrent_writes file_cache_size_in_mb memtable_cleanup_threshold concurrent_compactors            compaction_method
21                40                  1090                       0.16                    23    LeveledCompactionStrategy
20                35                   557                       0.41                    26 SizeTieredCompactionStrategy
23                56                  1407                       0.15                    26 SizeTieredCompactionStrategy
39                63                  1055                       0.26                    29 SizeTieredCompactionStrategy
# 2020-11-24 08:52:13 UTC: Iteration 5 of 5
# experimentsUsedSoFar: 478
# remainingBudget: 22
# currentBudget: 22
# nbConfigurations: 5
  Markers:
     x No test is performed.
     - The test is performed and some configurations are discarded.
     = The test is performed but no configuration is discarded.
     ! The test is performed and configurations could be discarded but elite configurations are preserved.
     . All alive configurations are elite and nothing is discarded

+-+-----------+-----------+-----------+---------------+-----------+--------+-----+----+------+
| |   Instance|      Alive|       Best|      Mean best| Exp so far|  W time|  rho|KenW|  Qvar|
+-+-----------+-----------+-----------+---------------+-----------+--------+-----+----+------+
|x|         13|          5|         39|   -7405.761683|          5|00:05:26|   NA|  NA|    NA|
|x|          3|          5|         20|   -7203.237224|          6|00:01:05|+0.10|0.55|0.4370|
|x|          2|          5|         20|   -7304.284957|          7|00:01:07|+0.33|0.56|0.2533|
|x|         12|          5|         21|   -7230.508326|          8|00:01:05|+0.03|0.28|0.5385|
|=|         10|          5|         21|   -7220.053778|          9|00:01:06|+0.19|0.35|0.4364|
|-|          6|          4|         21|   -7264.776980|         10|00:01:04|+0.04|0.20|0.7281|
|.|          1|          4|         21|   -7242.499738|         10|00:00:00|-0.01|0.13|0.7833|
|.|          9|          4|         21|   -7221.454390|         10|00:00:00|+0.04|0.16|0.7490|
|.|          5|          4|         21|   -7224.106876|         10|00:00:00|-0.01|0.10|0.7606|
|.|         11|          4|         21|   -7121.658991|         10|00:00:00|+0.01|0.11|0.7753|
|.|          8|          4|         21|   -7127.083496|         10|00:00:00|+0.06|0.15|0.7469|
|.|          4|          4|         21|   -7151.359673|         10|00:00:00|+0.01|0.09|0.7649|
|.|          7|          4|         21|   -7175.479306|         10|00:00:00|-0.03|0.05|0.7734|
+-+-----------+-----------+-----------+---------------+-----------+--------+-----+----+------+
Best-so-far configuration:          20    mean value:    -7218.198540
Description of the best-so-far configuration:
   .ID. concurrent_writes file_cache_size_in_mb memtable_cleanup_threshold concurrent_compactors            compaction_method .PARENT.
20   20                35                   557                       0.41                    26 SizeTieredCompactionStrategy       NA

# 2020-11-24 09:03:08 UTC: Elite configurations (first number is the configuration ID; listed from best to worst according to the sum of ranks):
   concurrent_writes file_cache_size_in_mb memtable_cleanup_threshold concurrent_compactors            compaction_method
20                35                   557                       0.41                    26 SizeTieredCompactionStrategy
21                40                  1090                       0.16                    23    LeveledCompactionStrategy
39                63                  1055                       0.26                    29 SizeTieredCompactionStrategy
23                56                  1407                       0.15                    26 SizeTieredCompactionStrategy
# 2020-11-24 09:03:08 UTC: Stopped because there is not enough budget left to race more than the minimum (4)
# You may either increase the budget or set 'minNbSurvival' to a lower value
# Iteration: 6
# nbIterations: 6
# experimentsUsedSoFar: 488
# timeUsed: 0
# remainingBudget: 12
# currentBudget: 12
# number of elites: 4
# nbConfigurations: 4
# Best configurations (first number is the configuration ID; listed from best to worst according to the sum of ranks):
   concurrent_writes file_cache_size_in_mb memtable_cleanup_threshold concurrent_compactors            compaction_method
20                35                   557                       0.41                    26 SizeTieredCompactionStrategy
21                40                  1090                       0.16                    23    LeveledCompactionStrategy
39                63                  1055                       0.26                    29 SizeTieredCompactionStrategy
23                56                  1407                       0.15                    26 SizeTieredCompactionStrategy
# Best configurations as commandlines (first number is the configuration ID; same order as above):
20  35 557 0.41 26 SizeTieredCompactionStrategy
21  40 1090 0.16 23 LeveledCompactionStrategy
39  63 1055 0.26 29 SizeTieredCompactionStrategy
23  56 1407 0.15 26 SizeTieredCompactionStrategy
