#------------------------------------------------------------------------------
# irace: An implementation in R of (Elitist) Iterated Racing
# Version: 3.3.2238:2239
# Copyright (C) 2010-2019
# Manuel Lopez-Ibanez     <manuel.lopez-ibanez@manchester.ac.uk>
# Jeremie Dubois-Lacoste  
# Leslie Perez Caceres    <leslie.perez.caceres@ulb.ac.be>
#
# This is free software, and you are welcome to redistribute it under certain
# conditions.  See the GNU General Public License for details. There is NO
# WARRANTY; not even for MERCHANTABILITY or FITNESS FOR A PARTICULAR PURPOSE.
#
# irace builds upon previous code from the race package:
#     race: Racing methods for the selection of the best
#     Copyright (C) 2003 Mauro Birattari
#------------------------------------------------------------------------------
# installed at: /home/moises_silva/R/x86_64-pc-linux-gnu-library/3.4/irace
# called with: 
Warning: A default scenario file './scenario.txt' has been found and will be read
# 2020-11-24 00:09:53 UTC: Initialization
# Elitist race
# Elitist new instances: 1
# Elitist limit: 2
# nbIterations: 4
# minNbSurvival: 4
# nbParameters: 5
# seed: 50355069
# confidence level: 0.95
# budget: 1000
# mu: 5
# deterministic: FALSE

# 2020-11-24 00:09:53 UTC: Iteration 1 of 4
# experimentsUsedSoFar: 0
# remainingBudget: 1000
# currentBudget: 250
# nbConfigurations: 41
  Markers:
     x No test is performed.
     - The test is performed and some configurations are discarded.
     = The test is performed but no configuration is discarded.
     ! The test is performed and configurations could be discarded but elite configurations are preserved.
     . All alive configurations are elite and nothing is discarded

+-+-----------+-----------+-----------+---------------+-----------+--------+-----+----+------+
| |   Instance|      Alive|       Best|      Mean best| Exp so far|  W time|  rho|KenW|  Qvar|
+-+-----------+-----------+-----------+---------------+-----------+--------+-----+----+------+
|x|          1|         41|          1|   -7572.315614|         41|00:43:56|   NA|  NA|    NA|
|x|          2|         41|         32|   -7344.674177|         82|00:44:17|-0.10|0.45|0.9308|
|x|          3|         41|         24|   -7391.206383|        123|00:43:28|-0.20|0.20|1.1138|
|x|          4|         41|          1|   -7399.365394|        164|00:44:29|-0.08|0.19|1.0261|
|=|          5|         41|         24|   -7362.250830|        205|00:43:47|-0.07|0.15|1.0401|
|=|          6|         41|         24|   -7335.977517|        246|00:43:45|-0.04|0.13|1.0290|
+-+-----------+-----------+-----------+---------------+-----------+--------+-----+----+------+
Best-so-far configuration:          24    mean value:    -7335.977517
Description of the best-so-far configuration:
   .ID. concurrent_writes file_cache_size_in_mb memtable_cleanup_threshold concurrent_compactors         compaction_method .PARENT.
24   24                13                   289                       0.44                    21 LeveledCompactionStrategy       NA

# 2020-11-24 04:33:37 UTC: Elite configurations (first number is the configuration ID; listed from best to worst according to the sum of ranks):
   concurrent_writes file_cache_size_in_mb memtable_cleanup_threshold concurrent_compactors            compaction_method
24                13                   289                       0.44                    21    LeveledCompactionStrategy
2                 16                   520                       0.11                    24 SizeTieredCompactionStrategy
38                41                  1377                       0.78                    32 SizeTieredCompactionStrategy
1                 32                   910                       0.40                     3    LeveledCompactionStrategy
# 2020-11-24 04:33:37 UTC: Iteration 2 of 4
# experimentsUsedSoFar: 246
# remainingBudget: 754
# currentBudget: 251
# nbConfigurations: 39
  Markers:
     x No test is performed.
     - The test is performed and some configurations are discarded.
     = The test is performed but no configuration is discarded.
     ! The test is performed and configurations could be discarded but elite configurations are preserved.
     . All alive configurations are elite and nothing is discarded

+-+-----------+-----------+-----------+---------------+-----------+--------+-----+----+------+
| |   Instance|      Alive|       Best|      Mean best| Exp so far|  W time|  rho|KenW|  Qvar|
+-+-----------+-----------+-----------+---------------+-----------+--------+-----+----+------+
|x|          7|         39|         61|   -7606.876616|         39|00:42:00|   NA|  NA|    NA|
|x|          2|         39|         70|   -7496.247030|         74|00:36:58|-0.04|0.48|1.0544|
|x|          1|         39|         70|   -7546.892539|        109|00:36:50|+0.15|0.43|0.8572|
|x|          3|         39|         70|   -7575.878217|        144|00:37:06|+0.05|0.28|0.9346|
|=|          4|         39|         70|   -7410.867969|        179|00:37:30|-0.06|0.15|1.0054|
|=|          6|         39|         70|   -7398.247085|        214|00:37:28|-0.01|0.16|0.9854|
|=|          5|         39|         75|   -7459.730892|        249|00:37:00|-0.00|0.14|0.9684|
+-+-----------+-----------+-----------+---------------+-----------+--------+-----+----+------+
Best-so-far configuration:          75    mean value:    -7459.730892
Description of the best-so-far configuration:
   .ID. concurrent_writes file_cache_size_in_mb memtable_cleanup_threshold concurrent_compactors            compaction_method .PARENT.
75   75                42                  1241                       0.56                    20 SizeTieredCompactionStrategy       38

# 2020-11-24 08:58:33 UTC: Elite configurations (first number is the configuration ID; listed from best to worst according to the sum of ranks):
   concurrent_writes file_cache_size_in_mb memtable_cleanup_threshold concurrent_compactors            compaction_method
75                42                  1241                       0.56                    20 SizeTieredCompactionStrategy
70                42                   740                       0.32                    23    LeveledCompactionStrategy
55                14                   292                       0.70                    22    LeveledCompactionStrategy
64                18                  1137                       0.51                    17    LeveledCompactionStrategy
# 2020-11-24 08:58:33 UTC: Iteration 3 of 4
# experimentsUsedSoFar: 495
# remainingBudget: 505
# currentBudget: 252
# nbConfigurations: 35
  Markers:
     x No test is performed.
     - The test is performed and some configurations are discarded.
     = The test is performed but no configuration is discarded.
     ! The test is performed and configurations could be discarded but elite configurations are preserved.
     . All alive configurations are elite and nothing is discarded

+-+-----------+-----------+-----------+---------------+-----------+--------+-----+----+------+
| |   Instance|      Alive|       Best|      Mean best| Exp so far|  W time|  rho|KenW|  Qvar|
+-+-----------+-----------+-----------+---------------+-----------+--------+-----+----+------+
|x|          8|         35|         70|   -7766.990291|         35|00:36:55|   NA|  NA|    NA|
|x|          6|         35|         79|   -7592.645315|         66|00:32:56|+0.03|0.52|0.9315|
|x|          7|         35|         84|   -7559.353946|         97|00:33:01|+0.07|0.38|0.8464|
|x|          4|         35|         79|   -7475.813284|        128|00:33:18|+0.02|0.26|0.9314|
|=|          2|         35|         84|   -7413.371217|        159|00:33:47|+0.07|0.26|0.8899|
|-|          5|         25|         75|   -7478.786770|        190|00:32:48|-0.06|0.11|0.9822|
|=|          1|         25|         75|   -7478.319757|        211|00:22:24|-0.01|0.13|0.9408|
|=|          3|         25|         70|   -7470.418677|        232|00:22:13|+0.02|0.14|0.9244|
+-+-----------+-----------+-----------+---------------+-----------+--------+-----+----+------+
Best-so-far configuration:          70    mean value:    -7470.418677
Description of the best-so-far configuration:
   .ID. concurrent_writes file_cache_size_in_mb memtable_cleanup_threshold concurrent_compactors         compaction_method .PARENT.
70   70                42                   740                       0.32                    23 LeveledCompactionStrategy       24

# 2020-11-24 13:05:58 UTC: Elite configurations (first number is the configuration ID; listed from best to worst according to the sum of ranks):
   concurrent_writes file_cache_size_in_mb memtable_cleanup_threshold concurrent_compactors            compaction_method
70                42                   740                       0.32                    23    LeveledCompactionStrategy
75                42                  1241                       0.56                    20 SizeTieredCompactionStrategy
55                14                   292                       0.70                    22    LeveledCompactionStrategy
84                13                  1092                       0.51                    20    LeveledCompactionStrategy
# 2020-11-24 13:05:58 UTC: Iteration 4 of 4
# experimentsUsedSoFar: 727
# remainingBudget: 273
# currentBudget: 273
# nbConfigurations: 33
  Markers:
     x No test is performed.
     - The test is performed and some configurations are discarded.
     = The test is performed but no configuration is discarded.
     ! The test is performed and configurations could be discarded but elite configurations are preserved.
     . All alive configurations are elite and nothing is discarded

+-+-----------+-----------+-----------+---------------+-----------+--------+-----+----+------+
| |   Instance|      Alive|       Best|      Mean best| Exp so far|  W time|  rho|KenW|  Qvar|
+-+-----------+-----------+-----------+---------------+-----------+--------+-----+----+------+
|x|          9|         33|        123|   -7466.587023|         33|00:35:40|   NA|  NA|    NA|
|x|          4|         33|        123|   -7432.886556|         62|00:31:19|-0.20|0.40|1.2031|
|x|          6|         33|        123|   -7376.682471|         91|00:31:32|-0.08|0.28|1.0101|
|x|          2|         33|         75|   -7410.738303|        120|00:31:13|-0.07|0.20|1.0246|
|=|          5|         33|         75|   -7454.725705|        149|00:31:42|+0.01|0.21|0.9411|
|=|          3|         33|         75|   -7463.334825|        178|00:31:20|+0.03|0.20|0.9187|
|=|          1|         33|         75|   -7465.075233|        207|00:31:49|+0.07|0.21|0.8828|
|-|          7|          7|         75|   -7443.418151|        236|00:31:43|+0.29|0.38|0.6288|
|-|          8|          4|         75|   -7464.871966|        239|00:03:11|+0.02|0.13|0.7284|
+-+-----------+-----------+-----------+---------------+-----------+--------+-----+----+------+
Best-so-far configuration:          70    mean value:    -7445.992163
Description of the best-so-far configuration:
   .ID. concurrent_writes file_cache_size_in_mb memtable_cleanup_threshold concurrent_compactors         compaction_method .PARENT.
70   70                42                   740                       0.32                    23 LeveledCompactionStrategy       24

# 2020-11-24 17:25:33 UTC: Elite configurations (first number is the configuration ID; listed from best to worst according to the sum of ranks):
   concurrent_writes file_cache_size_in_mb memtable_cleanup_threshold concurrent_compactors            compaction_method
70                42                   740                       0.32                    23    LeveledCompactionStrategy
75                42                  1241                       0.56                    20 SizeTieredCompactionStrategy
84                13                  1092                       0.51                    20    LeveledCompactionStrategy
55                14                   292                       0.70                    22    LeveledCompactionStrategy
# 2020-11-24 17:25:33 UTC: Iteration 5 of 5
# experimentsUsedSoFar: 966
# remainingBudget: 34
# currentBudget: 34
# nbConfigurations: 7
  Markers:
     x No test is performed.
     - The test is performed and some configurations are discarded.
     = The test is performed but no configuration is discarded.
     ! The test is performed and configurations could be discarded but elite configurations are preserved.
     . All alive configurations are elite and nothing is discarded

+-+-----------+-----------+-----------+---------------+-----------+--------+-----+----+------+
| |   Instance|      Alive|       Best|      Mean best| Exp so far|  W time|  rho|KenW|  Qvar|
+-+-----------+-----------+-----------+---------------+-----------+--------+-----+----+------+
|x|         10|          7|         70|   -7526.719855|          7|00:07:28|   NA|  NA|    NA|
|x|          3|          7|         70|   -7594.777552|         10|00:03:13|+0.58|0.79|0.6953|
|x|          5|          7|         70|   -7598.810574|         13|00:03:10|+0.68|0.78|0.4353|
|x|          2|          7|         70|   -7596.065211|         16|00:03:12|+0.64|0.73|0.5078|
|=|          4|          7|         70|   -7427.017564|         19|00:03:09|+0.15|0.32|0.7984|
|=|          9|          7|         70|   -7397.611311|         22|00:03:09|+0.09|0.24|0.8342|
|=|          7|          7|         70|   -7398.618972|         25|00:03:11|+0.02|0.16|0.8694|
|=|          1|          7|         70|   -7429.814545|         28|00:03:12|+0.05|0.16|0.8463|
|=|          6|          7|         70|   -7419.295448|         31|00:03:13|+0.03|0.14|0.8360|
|=|          8|          7|         70|   -7454.064932|         34|00:03:11|+0.06|0.15|0.8103|
+-+-----------+-----------+-----------+---------------+-----------+--------+-----+----+------+
Best-so-far configuration:          70    mean value:    -7454.064932
Description of the best-so-far configuration:
   .ID. concurrent_writes file_cache_size_in_mb memtable_cleanup_threshold concurrent_compactors         compaction_method .PARENT.
70   70                42                   740                       0.32                    23 LeveledCompactionStrategy       24

# 2020-11-24 18:01:44 UTC: Elite configurations (first number is the configuration ID; listed from best to worst according to the sum of ranks):
    concurrent_writes file_cache_size_in_mb memtable_cleanup_threshold concurrent_compactors            compaction_method
70                 42                   740                       0.32                    23    LeveledCompactionStrategy
75                 42                  1241                       0.56                    20 SizeTieredCompactionStrategy
137                10                  1143                       0.51                    23    LeveledCompactionStrategy
55                 14                   292                       0.70                    22    LeveledCompactionStrategy
# 2020-11-24 18:01:44 UTC: Stopped because budget is exhausted
# Iteration: 6
# nbIterations: 5
# experimentsUsedSoFar: 1000
# timeUsed: 0
# remainingBudget: 0
# currentBudget: 34
# number of elites: 4
# nbConfigurations: 7
# Best configurations (first number is the configuration ID; listed from best to worst according to the sum of ranks):
    concurrent_writes file_cache_size_in_mb memtable_cleanup_threshold concurrent_compactors            compaction_method
70                 42                   740                       0.32                    23    LeveledCompactionStrategy
75                 42                  1241                       0.56                    20 SizeTieredCompactionStrategy
137                10                  1143                       0.51                    23    LeveledCompactionStrategy
55                 14                   292                       0.70                    22    LeveledCompactionStrategy
# Best configurations as commandlines (first number is the configuration ID; same order as above):
70   42 740 0.32 23 LeveledCompactionStrategy
75   42 1241 0.56 20 SizeTieredCompactionStrategy
137  10 1143 0.51 23 LeveledCompactionStrategy
55   14 292 0.7 22 LeveledCompactionStrategy
