#------------------------------------------------------------------------------
# irace: An implementation in R of (Elitist) Iterated Racing
# Version: 3.3.2238:2239
# Copyright (C) 2010-2019
# Manuel Lopez-Ibanez     <manuel.lopez-ibanez@manchester.ac.uk>
# Jeremie Dubois-Lacoste  
# Leslie Perez Caceres    <leslie.perez.caceres@ulb.ac.be>
#
# This is free software, and you are welcome to redistribute it under certain
# conditions.  See the GNU General Public License for details. There is NO
# WARRANTY; not even for MERCHANTABILITY or FITNESS FOR A PARTICULAR PURPOSE.
#
# irace builds upon previous code from the race package:
#     race: Racing methods for the selection of the best
#     Copyright (C) 2003 Mauro Birattari
#------------------------------------------------------------------------------
# installed at: /home/moises_silva/R/x86_64-pc-linux-gnu-library/3.4/irace
# called with: 
Warning: A default scenario file './scenario.txt' has been found and will be read
# Adding 1 initial configuration(s) from file '/home/moises_silva/tuning/configurations.txt' 
# 2020-11-20 10:38:05 UTC: Initialization
# Elitist race
# Elitist new instances: 1
# Elitist limit: 2
# nbIterations: 4
# minNbSurvival: 4
# nbParameters: 5
# seed: 1441884415
# confidence level: 0.95
# budget: 2000
# mu: 5
# deterministic: FALSE

# 2020-11-20 10:38:05 UTC: Iteration 1 of 4
# experimentsUsedSoFar: 0
# remainingBudget: 2000
# currentBudget: 500
# nbConfigurations: 83
  Markers:
     x No test is performed.
     - The test is performed and some configurations are discarded.
     = The test is performed but no configuration is discarded.
     ! The test is performed and configurations could be discarded but elite configurations are preserved.
     . All alive configurations are elite and nothing is discarded

+-+-----------+-----------+-----------+---------------+-----------+--------+-----+----+------+
| |   Instance|      Alive|       Best|      Mean best| Exp so far|  W time|  rho|KenW|  Qvar|
+-+-----------+-----------+-----------+---------------+-----------+--------+-----+----+------+
|x|          1|         83|          2|   -2632.895395|         83|01:50:17|   NA|  NA|    NA|
|x|          2|         83|         39|   -2588.959972|        166|01:50:32|+0.01|0.51|0.9371|
|x|          3|         83|         39|   -2575.035525|        249|01:51:08|+0.08|0.38|0.9253|
|x|          4|         83|         44|   -2564.345876|        332|01:51:21|+0.13|0.35|0.8096|
|=|          5|         83|         39|   -2547.125536|        415|01:51:50|+0.04|0.23|0.9044|
|=|          6|         83|         43|   -2540.182894|        498|01:50:58|+0.03|0.19|0.9180|
+-+-----------+-----------+-----------+---------------+-----------+--------+-----+----+------+
Best-so-far configuration:          43    mean value:    -2540.182894
Description of the best-so-far configuration:
   .ID. concurrent_writes file_cache_size_in_mb memtable_cleanup_threshold concurrent_compactors            compaction_method .PARENT.
43   43                16                  1688                       0.36                    18 SizeTieredCompactionStrategy       NA

# 2020-11-20 21:44:13 UTC: Elite configurations (first number is the configuration ID; listed from best to worst according to the sum of ranks):
   concurrent_writes file_cache_size_in_mb memtable_cleanup_threshold concurrent_compactors            compaction_method
43                16                  1688                       0.36                    18 SizeTieredCompactionStrategy
15                 9                  1167                       0.85                    16    LeveledCompactionStrategy
42                18                   487                       0.32                    10 SizeTieredCompactionStrategy
39                47                  1967                       0.43                    27    LeveledCompactionStrategy
# 2020-11-20 21:44:13 UTC: Iteration 2 of 4
# experimentsUsedSoFar: 498
# remainingBudget: 1502
# currentBudget: 500
# nbConfigurations: 74
  Markers:
     x No test is performed.
     - The test is performed and some configurations are discarded.
     = The test is performed but no configuration is discarded.
     ! The test is performed and configurations could be discarded but elite configurations are preserved.
     . All alive configurations are elite and nothing is discarded

+-+-----------+-----------+-----------+---------------+-----------+--------+-----+----+------+
| |   Instance|      Alive|       Best|      Mean best| Exp so far|  W time|  rho|KenW|  Qvar|
+-+-----------+-----------+-----------+---------------+-----------+--------+-----+----+------+
|x|          7|         74|         99|   -2569.769235|         74|01:38:52|   NA|  NA|    NA|
|x|          2|         74|        146|   -2559.409304|        144|01:33:37|-0.33|0.34|1.3096|
|x|          1|         74|        150|   -2564.628189|        214|01:32:25|-0.18|0.21|1.1260|
|x|          4|         74|        146|   -2568.085895|        284|01:32:36|-0.09|0.18|1.0565|
|=|          5|         74|        137|   -2564.989979|        354|01:34:33|-0.04|0.17|1.0058|
|=|          6|         74|        137|   -2560.299601|        424|01:33:20|-0.05|0.12|1.0263|
|=|          3|         74|         85|   -2552.807434|        494|01:33:00|-0.04|0.11|1.0178|
+-+-----------+-----------+-----------+---------------+-----------+--------+-----+----+------+
Best-so-far configuration:          85    mean value:    -2552.807434
Description of the best-so-far configuration:
   .ID. concurrent_writes file_cache_size_in_mb memtable_cleanup_threshold concurrent_compactors            compaction_method .PARENT.
85   85                 9                  2027                       0.44                    15 SizeTieredCompactionStrategy       43

# 2020-11-21 08:42:38 UTC: Elite configurations (first number is the configuration ID; listed from best to worst according to the sum of ranks):
    concurrent_writes file_cache_size_in_mb memtable_cleanup_threshold concurrent_compactors            compaction_method
85                  9                  2027                       0.44                    15 SizeTieredCompactionStrategy
118                23                  1669                       0.84                     7 SizeTieredCompactionStrategy
138                19                   779                       0.32                    22    LeveledCompactionStrategy
146                 8                  1934                       0.26                    10 SizeTieredCompactionStrategy
# 2020-11-21 08:42:38 UTC: Iteration 3 of 4
# experimentsUsedSoFar: 992
# remainingBudget: 1008
# currentBudget: 504
# nbConfigurations: 66
  Markers:
     x No test is performed.
     - The test is performed and some configurations are discarded.
     = The test is performed but no configuration is discarded.
     ! The test is performed and configurations could be discarded but elite configurations are preserved.
     . All alive configurations are elite and nothing is discarded

+-+-----------+-----------+-----------+---------------+-----------+--------+-----+----+------+
| |   Instance|      Alive|       Best|      Mean best| Exp so far|  W time|  rho|KenW|  Qvar|
+-+-----------+-----------+-----------+---------------+-----------+--------+-----+----+------+
|x|          8|         66|        186|   -2603.624245|         66|01:27:24|   NA|  NA|    NA|
|x|          2|         66|        193|   -2616.825005|        128|01:21:47|+0.23|0.62|0.9286|
|x|          7|         66|        201|   -2590.593800|        190|01:22:29|+0.12|0.41|0.9429|
|x|          3|         66|        182|   -2585.648336|        252|01:22:03|+0.04|0.28|0.9583|
|=|          1|         66|        205|   -2580.074595|        314|01:21:57|+0.06|0.25|0.9431|
|=|          4|         66|        186|   -2583.566334|        376|01:22:14|+0.04|0.20|0.9498|
|=|          5|         66|        186|   -2579.914388|        438|01:22:08|+0.02|0.16|0.9649|
|=|          6|         66|        197|   -2575.773454|        500|01:21:52|+0.03|0.15|0.9518|
+-+-----------+-----------+-----------+---------------+-----------+--------+-----+----+------+
Best-so-far configuration:         197    mean value:    -2575.773454
Description of the best-so-far configuration:
    .ID. concurrent_writes file_cache_size_in_mb memtable_cleanup_threshold concurrent_compactors            compaction_method .PARENT.
197  197                12                  1880                       0.42                    17 SizeTieredCompactionStrategy       85

# 2020-11-21 19:44:36 UTC: Elite configurations (first number is the configuration ID; listed from best to worst according to the sum of ranks):
    concurrent_writes file_cache_size_in_mb memtable_cleanup_threshold concurrent_compactors            compaction_method
197                12                  1880                       0.42                    17 SizeTieredCompactionStrategy
201                 8                  1978                       0.55                    15 SizeTieredCompactionStrategy
182                22                   741                       0.24                    23    LeveledCompactionStrategy
186                17                  1992                       0.38                    13 SizeTieredCompactionStrategy
# 2020-11-21 19:44:36 UTC: Iteration 4 of 4
# experimentsUsedSoFar: 1492
# remainingBudget: 508
# currentBudget: 508
# nbConfigurations: 60
  Markers:
     x No test is performed.
     - The test is performed and some configurations are discarded.
     = The test is performed but no configuration is discarded.
     ! The test is performed and configurations could be discarded but elite configurations are preserved.
     . All alive configurations are elite and nothing is discarded

+-+-----------+-----------+-----------+---------------+-----------+--------+-----+----+------+
| |   Instance|      Alive|       Best|      Mean best| Exp so far|  W time|  rho|KenW|  Qvar|
+-+-----------+-----------+-----------+---------------+-----------+--------+-----+----+------+
|x|          9|         60|        240|   -2630.609775|         60|01:18:43|   NA|  NA|    NA|
|x|          1|         60|        252|   -2624.500790|        116|01:13:37|-0.04|0.48|1.1427|
|x|          5|         60|        252|   -2623.640275|        172|01:13:51|+0.18|0.46|0.8567|
|x|          7|         60|        267|   -2612.619089|        228|01:13:30|+0.06|0.29|0.9709|
|=|          6|         60|        246|   -2613.857541|        284|01:13:23|+0.04|0.23|0.9558|
|=|          8|         60|        254|   -2604.956123|        340|01:13:35|+0.01|0.17|0.9798|
|=|          4|         60|        254|   -2603.713276|        396|01:13:41|-0.01|0.13|1.0035|
|=|          3|         60|        254|   -2599.949755|        452|01:13:46|+0.01|0.13|0.9774|
|=|          2|         60|        254|   -2600.704922|        508|01:13:36|+0.02|0.13|0.9634|
+-+-----------+-----------+-----------+---------------+-----------+--------+-----+----+------+
Best-so-far configuration:         254    mean value:    -2600.704922
Description of the best-so-far configuration:
    .ID. concurrent_writes file_cache_size_in_mb memtable_cleanup_threshold concurrent_compactors            compaction_method .PARENT.
254  254                28                   600                       0.44                    16 SizeTieredCompactionStrategy      197

# 2020-11-22 06:52:23 UTC: Elite configurations (first number is the configuration ID; listed from best to worst according to the sum of ranks):
    concurrent_writes file_cache_size_in_mb memtable_cleanup_threshold concurrent_compactors            compaction_method
254                28                   600                       0.44                    16 SizeTieredCompactionStrategy
262                10                  1944                       0.42                    19 SizeTieredCompactionStrategy
237                10                  2000                       0.42                    17    LeveledCompactionStrategy
222                19                   604                       0.26                    22    LeveledCompactionStrategy
# 2020-11-22 06:52:23 UTC: Stopped because budget is exhausted
# Iteration: 5
# nbIterations: 4
# experimentsUsedSoFar: 2000
# timeUsed: 0
# remainingBudget: 0
# currentBudget: 508
# number of elites: 4
# nbConfigurations: 60
# Best configurations (first number is the configuration ID; listed from best to worst according to the sum of ranks):
    concurrent_writes file_cache_size_in_mb memtable_cleanup_threshold concurrent_compactors            compaction_method
254                28                   600                       0.44                    16 SizeTieredCompactionStrategy
262                10                  1944                       0.42                    19 SizeTieredCompactionStrategy
237                10                  2000                       0.42                    17    LeveledCompactionStrategy
222                19                   604                       0.26                    22    LeveledCompactionStrategy
# Best configurations as commandlines (first number is the configuration ID; same order as above):
254  28 600 0.44 16 SizeTieredCompactionStrategy
262  10 1944 0.42 19 SizeTieredCompactionStrategy
237  10 2000 0.42 17 LeveledCompactionStrategy
222  19 604 0.26 22 LeveledCompactionStrategy
