#------------------------------------------------------------------------------
# irace: An implementation in R of (Elitist) Iterated Racing
# Version: 3.3.2238:2239
# Copyright (C) 2010-2019
# Manuel Lopez-Ibanez     <manuel.lopez-ibanez@manchester.ac.uk>
# Jeremie Dubois-Lacoste  
# Leslie Perez Caceres    <leslie.perez.caceres@ulb.ac.be>
#
# This is free software, and you are welcome to redistribute it under certain
# conditions.  See the GNU General Public License for details. There is NO
# WARRANTY; not even for MERCHANTABILITY or FITNESS FOR A PARTICULAR PURPOSE.
#
# irace builds upon previous code from the race package:
#     race: Racing methods for the selection of the best
#     Copyright (C) 2003 Mauro Birattari
#------------------------------------------------------------------------------
# installed at: /home/moises_silva/R/x86_64-pc-linux-gnu-library/3.4/irace
# called with: 
Warning: A default scenario file './scenario.txt' has been found and will be read
# Adding 1 initial configuration(s) from file '/home/moises_silva/tuning/configurations.txt' 
# 2020-11-20 10:31:32 UTC: Initialization
# Elitist race
# Elitist new instances: 1
# Elitist limit: 2
# nbIterations: 4
# minNbSurvival: 4
# nbParameters: 5
# seed: 1717097923
# confidence level: 0.95
# budget: 500
# mu: 5
# deterministic: FALSE

# 2020-11-20 10:31:32 UTC: Iteration 1 of 4
# experimentsUsedSoFar: 0
# remainingBudget: 500
# currentBudget: 125
# nbConfigurations: 20
  Markers:
     x No test is performed.
     - The test is performed and some configurations are discarded.
     = The test is performed but no configuration is discarded.
     ! The test is performed and configurations could be discarded but elite configurations are preserved.
     . All alive configurations are elite and nothing is discarded

+-+-----------+-----------+-----------+---------------+-----------+--------+-----+----+------+
| |   Instance|      Alive|       Best|      Mean best| Exp so far|  W time|  rho|KenW|  Qvar|
+-+-----------+-----------+-----------+---------------+-----------+--------+-----+----+------+
|x|          1|         20|         16|   -2711.276198|         20|00:25:45|   NA|  NA|    NA|
|x|          2|         20|          8|   -2697.491364|         40|00:25:51|+0.47|0.73|0.4265|
|x|          3|         20|          6|   -2682.697666|         60|00:25:53|+0.39|0.60|0.5179|
|x|          4|         20|          8|   -2684.267048|         80|00:25:59|+0.43|0.57|0.5059|
|-|          5|         14|          8|   -2669.062048|        100|00:26:00|-0.12|0.10|0.9788|
|=|          6|         14|         17|   -2664.933692|        114|00:18:05|-0.11|0.07|1.0128|
+-+-----------+-----------+-----------+---------------+-----------+--------+-----+----+------+
Best-so-far configuration:          17    mean value:    -2664.933692
Description of the best-so-far configuration:
   .ID. concurrent_writes file_cache_size_in_mb memtable_cleanup_threshold concurrent_compactors            compaction_method .PARENT.
17   17                64                  1148                       0.35                     8 SizeTieredCompactionStrategy       NA

# 2020-11-20 12:59:08 UTC: Elite configurations (first number is the configuration ID; listed from best to worst according to the sum of ranks):
   concurrent_writes file_cache_size_in_mb memtable_cleanup_threshold concurrent_compactors            compaction_method
17                64                  1148                       0.35                     8 SizeTieredCompactionStrategy
6                 17                  1018                       0.13                    22    LeveledCompactionStrategy
20                22                   385                       0.83                    21 SizeTieredCompactionStrategy
4                 47                   358                       0.89                    13 SizeTieredCompactionStrategy
# 2020-11-20 12:59:08 UTC: Iteration 2 of 4
# experimentsUsedSoFar: 114
# remainingBudget: 386
# currentBudget: 128
# nbConfigurations: 21
  Markers:
     x No test is performed.
     - The test is performed and some configurations are discarded.
     = The test is performed but no configuration is discarded.
     ! The test is performed and configurations could be discarded but elite configurations are preserved.
     . All alive configurations are elite and nothing is discarded

+-+-----------+-----------+-----------+---------------+-----------+--------+-----+----+------+
| |   Instance|      Alive|       Best|      Mean best| Exp so far|  W time|  rho|KenW|  Qvar|
+-+-----------+-----------+-----------+---------------+-----------+--------+-----+----+------+
|x|          7|         21|          6|   -2675.442117|         21|00:27:13|   NA|  NA|    NA|
|x|          3|         21|          6|   -2680.038973|         38|00:22:05|+0.30|0.65|0.9044|
|x|          5|         21|          4|   -2656.119700|         55|00:22:07|+0.13|0.42|0.9256|
|x|          1|         21|          4|   -2649.621140|         72|00:22:08|+0.14|0.36|0.8701|
|-|          4|          7|          4|   -2656.825957|         89|00:22:07|+0.15|0.32|0.8087|
|-|          6|          5|          4|   -2658.134471|         92|00:03:53|-0.04|0.13|0.8152|
|=|          2|          5|          6|   -2666.019221|         93|00:01:17|-0.04|0.11|0.8561|
|=|          8|          5|          6|   -2661.256030|         98|00:06:30|+0.03|0.15|0.7954|
+-+-----------+-----------+-----------+---------------+-----------+--------+-----+----+------+
Best-so-far configuration:           6    mean value:    -2661.256030
Description of the best-so-far configuration:
  .ID. concurrent_writes file_cache_size_in_mb memtable_cleanup_threshold concurrent_compactors         compaction_method .PARENT.
6    6                17                  1018                       0.13                    22 LeveledCompactionStrategy       NA

# 2020-11-20 15:06:32 UTC: Elite configurations (first number is the configuration ID; listed from best to worst according to the sum of ranks):
   concurrent_writes file_cache_size_in_mb memtable_cleanup_threshold concurrent_compactors            compaction_method
6                 17                  1018                       0.13                    22    LeveledCompactionStrategy
20                22                   385                       0.83                    21 SizeTieredCompactionStrategy
4                 47                   358                       0.89                    13 SizeTieredCompactionStrategy
17                64                  1148                       0.35                     8 SizeTieredCompactionStrategy
# 2020-11-20 15:06:32 UTC: Iteration 3 of 4
# experimentsUsedSoFar: 212
# remainingBudget: 288
# currentBudget: 144
# nbConfigurations: 19
  Markers:
     x No test is performed.
     - The test is performed and some configurations are discarded.
     = The test is performed but no configuration is discarded.
     ! The test is performed and configurations could be discarded but elite configurations are preserved.
     . All alive configurations are elite and nothing is discarded

+-+-----------+-----------+-----------+---------------+-----------+--------+-----+----+------+
| |   Instance|      Alive|       Best|      Mean best| Exp so far|  W time|  rho|KenW|  Qvar|
+-+-----------+-----------+-----------+---------------+-----------+--------+-----+----+------+
|x|          9|         19|         17|   -2598.685065|         19|00:25:09|   NA|  NA|    NA|
|x|          7|         19|          6|   -2632.655276|         34|00:19:24|+0.30|0.65|0.5596|
|x|          4|         19|          6|   -2646.392946|         49|00:19:26|+0.23|0.48|0.6947|
|x|          8|         19|          6|   -2641.773134|         64|00:19:36|+0.23|0.42|0.7130|
|=|          2|         19|          6|   -2650.720713|         79|00:19:37|+0.14|0.31|0.7974|
|=|          5|         19|          6|   -2644.595436|         94|00:19:35|+0.09|0.25|0.8149|
|-|          1|          8|          6|   -2649.216965|        109|00:19:34|-0.01|0.13|0.9089|
|=|          3|          8|          6|   -2653.644323|        113|00:05:11|+0.07|0.19|0.8531|
|=|          6|          8|          6|   -2653.324075|        117|00:05:10|+0.09|0.19|0.8256|
|=|         10|          8|          6|   -2648.137349|        125|00:10:22|+0.10|0.19|0.7918|
+-+-----------+-----------+-----------+---------------+-----------+--------+-----+----+------+
Best-so-far configuration:           6    mean value:    -2648.137349
Description of the best-so-far configuration:
  .ID. concurrent_writes file_cache_size_in_mb memtable_cleanup_threshold concurrent_compactors         compaction_method .PARENT.
6    6                17                  1018                       0.13                    22 LeveledCompactionStrategy       NA

# 2020-11-20 17:49:43 UTC: Elite configurations (first number is the configuration ID; listed from best to worst according to the sum of ranks):
   concurrent_writes file_cache_size_in_mb memtable_cleanup_threshold concurrent_compactors            compaction_method
6                 17                  1018                       0.13                    22    LeveledCompactionStrategy
17                64                  1148                       0.35                     8 SizeTieredCompactionStrategy
20                22                   385                       0.83                    21 SizeTieredCompactionStrategy
4                 47                   358                       0.89                    13 SizeTieredCompactionStrategy
# 2020-11-20 17:49:43 UTC: Iteration 4 of 4
# experimentsUsedSoFar: 337
# remainingBudget: 163
# currentBudget: 163
# nbConfigurations: 18
  Markers:
     x No test is performed.
     - The test is performed and some configurations are discarded.
     = The test is performed but no configuration is discarded.
     ! The test is performed and configurations could be discarded but elite configurations are preserved.
     . All alive configurations are elite and nothing is discarded

+-+-----------+-----------+-----------+---------------+-----------+--------+-----+----+------+
| |   Instance|      Alive|       Best|      Mean best| Exp so far|  W time|  rho|KenW|  Qvar|
+-+-----------+-----------+-----------+---------------+-----------+--------+-----+----+------+
|x|         11|         18|         20|   -2660.777479|         18|00:23:31|   NA|  NA|    NA|
|x|          8|         18|         20|   -2656.050908|         32|00:18:22|+0.23|0.61|0.7491|
|x|          3|         18|         20|   -2657.673632|         46|00:18:25|+0.22|0.48|0.6467|
|x|          2|         18|          6|   -2643.216095|         60|00:18:22|+0.14|0.35|0.7092|
|-|          5|          6|         20|   -2641.568176|         74|00:18:20|+0.09|0.27|0.6835|
|=|         10|          6|         20|   -2648.674058|         76|00:02:38|+0.18|0.32|0.5871|
|-|          7|          4|         20|   -2648.220999|         78|00:02:36|-0.12|0.04|0.8465|
|.|          9|          4|         20|   -2639.034822|         78|00:00:00|-0.13|0.01|0.8344|
|.|          4|          4|         20|   -2641.144202|         78|00:00:00|-0.10|0.02|0.8352|
|.|          6|          4|         20|   -2644.545365|         78|00:00:00|-0.09|0.02|0.8117|
|.|          1|          4|         20|   -2648.557420|         78|00:00:00|-0.08|0.01|0.7942|
+-+-----------+-----------+-----------+---------------+-----------+--------+-----+----+------+
Best-so-far configuration:          20    mean value:    -2648.557420
Description of the best-so-far configuration:
   .ID. concurrent_writes file_cache_size_in_mb memtable_cleanup_threshold concurrent_compactors            compaction_method .PARENT.
20   20                22                   385                       0.83                    21 SizeTieredCompactionStrategy       NA

# 2020-11-20 19:32:00 UTC: Elite configurations (first number is the configuration ID; listed from best to worst according to the sum of ranks):
   concurrent_writes file_cache_size_in_mb memtable_cleanup_threshold concurrent_compactors            compaction_method
20                22                   385                       0.83                    21 SizeTieredCompactionStrategy
6                 17                  1018                       0.13                    22    LeveledCompactionStrategy
17                64                  1148                       0.35                     8 SizeTieredCompactionStrategy
4                 47                   358                       0.89                    13 SizeTieredCompactionStrategy
# 2020-11-20 19:32:00 UTC: Iteration 5 of 5
# experimentsUsedSoFar: 415
# remainingBudget: 85
# currentBudget: 85
# nbConfigurations: 10
  Markers:
     x No test is performed.
     - The test is performed and some configurations are discarded.
     = The test is performed but no configuration is discarded.
     ! The test is performed and configurations could be discarded but elite configurations are preserved.
     . All alive configurations are elite and nothing is discarded

+-+-----------+-----------+-----------+---------------+-----------+--------+-----+----+------+
| |   Instance|      Alive|       Best|      Mean best| Exp so far|  W time|  rho|KenW|  Qvar|
+-+-----------+-----------+-----------+---------------+-----------+--------+-----+----+------+
|x|         12|         10|         67|   -2640.961310|         10|00:13:06|   NA|  NA|    NA|
|x|          6|         10|         20|   -2645.246080|         16|00:07:49|-0.02|0.49|0.9544|
|x|         10|         10|         20|   -2658.231874|         22|00:07:51|+0.34|0.56|0.5740|
|x|          4|         10|         20|   -2658.178717|         28|00:07:49|+0.36|0.52|0.5872|
|-|          3|          4|         20|   -2658.726790|         34|00:07:49|-0.14|0.09|0.8138|
|.|          1|          4|         20|   -2663.718654|         34|00:00:00|-0.11|0.08|0.7936|
|.|          9|          4|         20|   -2651.006216|         34|00:00:00|-0.09|0.07|0.7869|
|.|         11|          4|         20|   -2652.227624|         34|00:00:00|-0.04|0.09|0.7584|
|.|          2|          4|         20|   -2645.276468|         34|00:00:00|-0.08|0.04|0.7797|
|.|          7|          4|         20|   -2645.299086|         34|00:00:00|-0.10|0.01|0.8101|
|.|          5|          4|         20|   -2645.285784|         34|00:00:00|-0.08|0.01|0.7930|
|.|          8|          4|         20|   -2645.788996|         34|00:00:00|-0.07|0.02|0.7800|
+-+-----------+-----------+-----------+---------------+-----------+--------+-----+----+------+
Best-so-far configuration:          20    mean value:    -2645.788996
Description of the best-so-far configuration:
   .ID. concurrent_writes file_cache_size_in_mb memtable_cleanup_threshold concurrent_compactors            compaction_method .PARENT.
20   20                22                   385                       0.83                    21 SizeTieredCompactionStrategy       NA

# 2020-11-20 20:16:28 UTC: Elite configurations (first number is the configuration ID; listed from best to worst according to the sum of ranks):
   concurrent_writes file_cache_size_in_mb memtable_cleanup_threshold concurrent_compactors            compaction_method
20                22                   385                       0.83                    21 SizeTieredCompactionStrategy
4                 47                   358                       0.89                    13 SizeTieredCompactionStrategy
17                64                  1148                       0.35                     8 SizeTieredCompactionStrategy
6                 17                  1018                       0.13                    22    LeveledCompactionStrategy
# 2020-11-20 20:16:28 UTC: Iteration 6 of 6
# experimentsUsedSoFar: 449
# remainingBudget: 51
# currentBudget: 51
# nbConfigurations: 7
  Markers:
     x No test is performed.
     - The test is performed and some configurations are discarded.
     = The test is performed but no configuration is discarded.
     ! The test is performed and configurations could be discarded but elite configurations are preserved.
     . All alive configurations are elite and nothing is discarded

+-+-----------+-----------+-----------+---------------+-----------+--------+-----+----+------+
| |   Instance|      Alive|       Best|      Mean best| Exp so far|  W time|  rho|KenW|  Qvar|
+-+-----------+-----------+-----------+---------------+-----------+--------+-----+----+------+
|x|         13|          7|         20|   -2621.369403|          7|00:09:08|   NA|  NA|    NA|
|x|         12|          7|         20|   -2618.352868|         10|00:03:53|+0.21|0.61|0.2724|
|x|          5|          7|          4|   -2630.425535|         13|00:03:54|+0.20|0.47|0.5556|
|x|          6|          7|         20|   -2639.253580|         16|00:03:52|+0.23|0.42|0.5936|
|-|         10|          6|         20|   -2648.243557|         19|00:03:53|+0.37|0.49|0.3944|
|=|          7|          6|         20|   -2647.786738|         21|00:02:35|+0.14|0.28|0.6320|
|=|          9|          6|         20|   -2637.350288|         23|00:02:35|+0.06|0.20|0.6911|
|=|          2|          6|         73|   -2643.490758|         25|00:02:35|-0.04|0.09|0.7952|
|=|          1|          6|         73|   -2647.918357|         27|00:02:34|-0.01|0.11|0.7931|
|=|          4|          6|         20|   -2639.781646|         29|00:02:34|-0.05|0.05|0.8424|
|=|         11|          6|         20|   -2641.690358|         31|00:02:36|-0.01|0.08|0.8115|
|=|          8|          6|         20|   -2642.493190|         33|00:02:34|+0.00|0.09|0.8118|
|=|          3|          6|         20|   -2643.910566|         35|00:02:34|-0.02|0.06|0.8325|
|=|         14|          6|         73|   -2648.025080|         41|00:07:46|-0.03|0.05|0.8431|
+-+-----------+-----------+-----------+---------------+-----------+--------+-----+----+------+
Best-so-far configuration:          73    mean value:    -2648.025080
Description of the best-so-far configuration:
   .ID. concurrent_writes file_cache_size_in_mb memtable_cleanup_threshold concurrent_compactors            compaction_method .PARENT.
73   73                47                   367                       0.86                    13 SizeTieredCompactionStrategy        4

# 2020-11-20 21:09:36 UTC: Elite configurations (first number is the configuration ID; listed from best to worst according to the sum of ranks):
   concurrent_writes file_cache_size_in_mb memtable_cleanup_threshold concurrent_compactors            compaction_method
73                47                   367                       0.86                    13 SizeTieredCompactionStrategy
20                22                   385                       0.83                    21 SizeTieredCompactionStrategy
4                 47                   358                       0.89                    13 SizeTieredCompactionStrategy
74                24                   459                       0.75                    21 SizeTieredCompactionStrategy
# 2020-11-20 21:09:36 UTC: Stopped because there is not enough budget left to race more than the minimum (4)
# You may either increase the budget or set 'minNbSurvival' to a lower value
# Iteration: 7
# nbIterations: 7
# experimentsUsedSoFar: 490
# timeUsed: 0
# remainingBudget: 10
# currentBudget: 10
# number of elites: 4
# nbConfigurations: 4
# Best configurations (first number is the configuration ID; listed from best to worst according to the sum of ranks):
   concurrent_writes file_cache_size_in_mb memtable_cleanup_threshold concurrent_compactors            compaction_method
73                47                   367                       0.86                    13 SizeTieredCompactionStrategy
20                22                   385                       0.83                    21 SizeTieredCompactionStrategy
4                 47                   358                       0.89                    13 SizeTieredCompactionStrategy
74                24                   459                       0.75                    21 SizeTieredCompactionStrategy
# Best configurations as commandlines (first number is the configuration ID; same order as above):
73  47 367 0.86 13 SizeTieredCompactionStrategy
20  22 385 0.83 21 SizeTieredCompactionStrategy
4   47 358 0.89 13 SizeTieredCompactionStrategy
74  24 459 0.75 21 SizeTieredCompactionStrategy
