#------------------------------------------------------------------------------
# irace: An implementation in R of (Elitist) Iterated Racing
# Version: 3.3.2238:2239
# Copyright (C) 2010-2019
# Manuel Lopez-Ibanez     <manuel.lopez-ibanez@manchester.ac.uk>
# Jeremie Dubois-Lacoste  
# Leslie Perez Caceres    <leslie.perez.caceres@ulb.ac.be>
#
# This is free software, and you are welcome to redistribute it under certain
# conditions.  See the GNU General Public License for details. There is NO
# WARRANTY; not even for MERCHANTABILITY or FITNESS FOR A PARTICULAR PURPOSE.
#
# irace builds upon previous code from the race package:
#     race: Racing methods for the selection of the best
#     Copyright (C) 2003 Mauro Birattari
#------------------------------------------------------------------------------
# installed at: /home/moises_silva/R/x86_64-pc-linux-gnu-library/3.4/irace
# called with: 
Warning: A default scenario file './scenario.txt' has been found and will be read
# Adding 1 initial configuration(s) from file '/home/moises_silva/tuning/configurations.txt' 
# 2020-11-20 10:35:33 UTC: Initialization
# Elitist race
# Elitist new instances: 1
# Elitist limit: 2
# nbIterations: 4
# minNbSurvival: 4
# nbParameters: 5
# seed: 1762759773
# confidence level: 0.95
# budget: 1000
# mu: 5
# deterministic: FALSE

# 2020-11-20 10:35:33 UTC: Iteration 1 of 4
# experimentsUsedSoFar: 0
# remainingBudget: 1000
# currentBudget: 250
# nbConfigurations: 41
  Markers:
     x No test is performed.
     - The test is performed and some configurations are discarded.
     = The test is performed but no configuration is discarded.
     ! The test is performed and configurations could be discarded but elite configurations are preserved.
     . All alive configurations are elite and nothing is discarded

+-+-----------+-----------+-----------+---------------+-----------+--------+-----+----+------+
| |   Instance|      Alive|       Best|      Mean best| Exp so far|  W time|  rho|KenW|  Qvar|
+-+-----------+-----------+-----------+---------------+-----------+--------+-----+----+------+
|x|          1|         41|          8|   -2753.607225|         41|00:52:57|   NA|  NA|    NA|
|x|          2|         41|          4|   -2745.947371|         82|00:52:58|+0.35|0.67|0.6798|
|x|          3|         41|          3|   -2698.469584|        123|00:53:04|-0.04|0.31|0.9687|
|x|          4|         41|          4|   -2709.854043|        164|00:53:16|+0.02|0.26|0.9373|
|=|          5|         41|          4|   -2699.472954|        205|00:53:15|+0.04|0.23|0.9211|
|=|          6|         41|          4|   -2696.124930|        246|00:53:50|+0.04|0.20|0.9509|
+-+-----------+-----------+-----------+---------------+-----------+--------+-----+----+------+
Best-so-far configuration:           4    mean value:    -2696.124930
Description of the best-so-far configuration:
  .ID. concurrent_writes file_cache_size_in_mb memtable_cleanup_threshold concurrent_compactors         compaction_method .PARENT.
4    4                17                  2043                       0.63                    16 LeveledCompactionStrategy       NA

# 2020-11-20 15:54:55 UTC: Elite configurations (first number is the configuration ID; listed from best to worst according to the sum of ranks):
   concurrent_writes file_cache_size_in_mb memtable_cleanup_threshold concurrent_compactors            compaction_method
4                 17                  2043                       0.63                    16    LeveledCompactionStrategy
3                 50                   828                       0.60                    13    LeveledCompactionStrategy
6                 52                   805                       0.89                    28 SizeTieredCompactionStrategy
38                 9                   795                       0.51                    16    LeveledCompactionStrategy
# 2020-11-20 15:54:55 UTC: Iteration 2 of 4
# experimentsUsedSoFar: 246
# remainingBudget: 754
# currentBudget: 251
# nbConfigurations: 39
  Markers:
     x No test is performed.
     - The test is performed and some configurations are discarded.
     = The test is performed but no configuration is discarded.
     ! The test is performed and configurations could be discarded but elite configurations are preserved.
     . All alive configurations are elite and nothing is discarded

+-+-----------+-----------+-----------+---------------+-----------+--------+-----+----+------+
| |   Instance|      Alive|       Best|      Mean best| Exp so far|  W time|  rho|KenW|  Qvar|
+-+-----------+-----------+-----------+---------------+-----------+--------+-----+----+------+
|x|          7|         39|         72|   -2618.349393|         39|00:51:53|   NA|  NA|    NA|
|x|          2|         39|         75|   -2614.647265|         74|00:47:18|-0.08|0.46|1.1801|
|x|          1|         39|         76|   -2596.637092|        109|00:46:32|-0.10|0.27|1.1022|
|x|          5|         39|         76|   -2614.874172|        144|00:46:13|+0.04|0.28|0.9866|
|=|          3|         39|         38|   -2642.725898|        179|00:45:57|+0.08|0.26|0.9135|
|-|          4|         15|         38|   -2653.551412|        214|00:46:08|+0.10|0.25|0.8614|
|-|          6|          7|         38|   -2647.341228|        225|00:14:28|-0.00|0.14|0.8041|
|=|          8|          7|         38|   -2644.361241|        232|00:09:13|-0.01|0.11|0.8281|
|=|          9|          7|         38|   -2636.971225|        239|00:09:10|+0.02|0.13|0.8045|
+-+-----------+-----------+-----------+---------------+-----------+--------+-----+----+------+
Best-so-far configuration:          38    mean value:    -2636.971225
Description of the best-so-far configuration:
   .ID. concurrent_writes file_cache_size_in_mb memtable_cleanup_threshold concurrent_compactors         compaction_method .PARENT.
38   38                 9                   795                       0.51                    16 LeveledCompactionStrategy       NA

# 2020-11-20 21:11:54 UTC: Elite configurations (first number is the configuration ID; listed from best to worst according to the sum of ranks):
   concurrent_writes file_cache_size_in_mb memtable_cleanup_threshold concurrent_compactors            compaction_method
38                 9                   795                       0.51                    16    LeveledCompactionStrategy
3                 50                   828                       0.60                    13    LeveledCompactionStrategy
6                 52                   805                       0.89                    28 SizeTieredCompactionStrategy
4                 17                  2043                       0.63                    16    LeveledCompactionStrategy
# 2020-11-20 21:11:54 UTC: Iteration 3 of 4
# experimentsUsedSoFar: 485
# remainingBudget: 515
# currentBudget: 257
# nbConfigurations: 29
  Markers:
     x No test is performed.
     - The test is performed and some configurations are discarded.
     = The test is performed but no configuration is discarded.
     ! The test is performed and configurations could be discarded but elite configurations are preserved.
     . All alive configurations are elite and nothing is discarded

+-+-----------+-----------+-----------+---------------+-----------+--------+-----+----+------+
| |   Instance|      Alive|       Best|      Mean best| Exp so far|  W time|  rho|KenW|  Qvar|
+-+-----------+-----------+-----------+---------------+-----------+--------+-----+----+------+
|x|         10|         29|          4|   -2617.732520|         29|00:38:32|   NA|  NA|    NA|
|x|          9|         29|          4|   -2647.661880|         54|00:35:58|-0.08|0.46|1.0664|
|x|          7|         29|         80|   -2509.039868|         79|00:34:06|+0.06|0.38|0.8977|
|x|          6|         29|          4|   -2583.049579|        104|00:33:12|-0.05|0.21|1.0305|
|=|          1|         29|          4|   -2614.354846|        129|00:32:09|+0.02|0.21|0.9631|
|=|          2|         29|          4|   -2637.348843|        154|00:32:10|+0.02|0.18|0.9466|
|=|          3|         29|          4|   -2636.307049|        179|00:32:04|-0.01|0.14|0.9648|
|=|          4|         29|          4|   -2646.451811|        204|00:32:10|-0.02|0.11|0.9723|
|=|          5|         29|          4|   -2647.729232|        229|00:32:05|-0.02|0.09|0.9867|
|=|          8|         29|         80|   -2583.731907|        254|00:32:27|-0.03|0.07|1.0045|
+-+-----------+-----------+-----------+---------------+-----------+--------+-----+----+------+
Best-so-far configuration:          80    mean value:    -2583.731907
Description of the best-so-far configuration:
   .ID. concurrent_writes file_cache_size_in_mb memtable_cleanup_threshold concurrent_compactors            compaction_method .PARENT.
80   80                48                   740                       0.86                    27 SizeTieredCompactionStrategy        6

# 2020-11-21 02:46:53 UTC: Elite configurations (first number is the configuration ID; listed from best to worst according to the sum of ranks):
    concurrent_writes file_cache_size_in_mb memtable_cleanup_threshold concurrent_compactors            compaction_method
80                 48                   740                       0.86                    27 SizeTieredCompactionStrategy
4                  17                  2043                       0.63                    16    LeveledCompactionStrategy
84                 51                   988                       0.77                    16    LeveledCompactionStrategy
100                43                  1050                       0.55                    17    LeveledCompactionStrategy
# 2020-11-21 02:46:53 UTC: Iteration 4 of 4
# experimentsUsedSoFar: 739
# remainingBudget: 261
# currentBudget: 261
# nbConfigurations: 27
  Markers:
     x No test is performed.
     - The test is performed and some configurations are discarded.
     = The test is performed but no configuration is discarded.
     ! The test is performed and configurations could be discarded but elite configurations are preserved.
     . All alive configurations are elite and nothing is discarded

+-+-----------+-----------+-----------+---------------+-----------+--------+-----+----+------+
| |   Instance|      Alive|       Best|      Mean best| Exp so far|  W time|  rho|KenW|  Qvar|
+-+-----------+-----------+-----------+---------------+-----------+--------+-----+----+------+
|x|         11|         27|        105|   -2739.350774|         27|00:35:01|   NA|  NA|    NA|
|x|          7|         27|         80|   -2670.913183|         50|00:30:33|-0.34|0.33|1.3819|
|x|          2|         27|         80|   -2675.391312|         73|00:30:35|-0.12|0.25|1.2051|
|x|          1|         27|         80|   -2669.058390|         96|00:29:36|-0.11|0.17|1.1329|
|=|         10|         27|        118|   -2639.829951|        119|00:29:23|-0.07|0.14|1.0773|
|=|          9|         27|        118|   -2656.404249|        142|00:29:25|-0.04|0.14|1.0289|
|=|          4|         27|        118|   -2662.736770|        165|00:29:24|-0.02|0.12|1.0361|
|=|          6|         27|        118|   -2669.374862|        188|00:29:26|-0.01|0.12|1.0030|
|=|          8|         27|        107|   -2677.297895|        211|00:29:37|+0.01|0.12|0.9952|
|=|          3|         27|        107|   -2680.314011|        234|00:29:30|+0.01|0.11|0.9825|
|=|          5|         27|        107|   -2681.766365|        257|00:29:32|+0.02|0.11|0.9785|
+-+-----------+-----------+-----------+---------------+-----------+--------+-----+----+------+
Best-so-far configuration:         107    mean value:    -2681.766365
Description of the best-so-far configuration:
    .ID. concurrent_writes file_cache_size_in_mb memtable_cleanup_threshold concurrent_compactors            compaction_method .PARENT.
107  107                25                   641                       0.71                    19 SizeTieredCompactionStrategy        4

# 2020-11-21 08:18:59 UTC: Elite configurations (first number is the configuration ID; listed from best to worst according to the sum of ranks):
    concurrent_writes file_cache_size_in_mb memtable_cleanup_threshold concurrent_compactors            compaction_method
107                25                   641                       0.71                    19 SizeTieredCompactionStrategy
108                49                   757                       0.84                    31 SizeTieredCompactionStrategy
111                52                   875                       0.80                    14    LeveledCompactionStrategy
118                56                  1036                       0.80                    17    LeveledCompactionStrategy
# 2020-11-21 08:18:59 UTC: Stopped because there is not enough budget left to race more than the minimum (4)
# You may either increase the budget or set 'minNbSurvival' to a lower value
# Iteration: 5
# nbIterations: 5
# experimentsUsedSoFar: 996
# timeUsed: 0
# remainingBudget: 4
# currentBudget: 4
# number of elites: 4
# nbConfigurations: 4
# Best configurations (first number is the configuration ID; listed from best to worst according to the sum of ranks):
    concurrent_writes file_cache_size_in_mb memtable_cleanup_threshold concurrent_compactors            compaction_method
107                25                   641                       0.71                    19 SizeTieredCompactionStrategy
108                49                   757                       0.84                    31 SizeTieredCompactionStrategy
111                52                   875                       0.80                    14    LeveledCompactionStrategy
118                56                  1036                       0.80                    17    LeveledCompactionStrategy
# Best configurations as commandlines (first number is the configuration ID; same order as above):
107  25 641 0.71 19 SizeTieredCompactionStrategy
108  49 757 0.84 31 SizeTieredCompactionStrategy
111  52 875 0.8 14 LeveledCompactionStrategy
118  56 1036 0.8 17 LeveledCompactionStrategy
