#------------------------------------------------------------------------------
# irace: An implementation in R of (Elitist) Iterated Racing
# Version: 3.3.2238:2239
# Copyright (C) 2010-2019
# Manuel Lopez-Ibanez     <manuel.lopez-ibanez@manchester.ac.uk>
# Jeremie Dubois-Lacoste  
# Leslie Perez Caceres    <leslie.perez.caceres@ulb.ac.be>
#
# This is free software, and you are welcome to redistribute it under certain
# conditions.  See the GNU General Public License for details. There is NO
# WARRANTY; not even for MERCHANTABILITY or FITNESS FOR A PARTICULAR PURPOSE.
#
# irace builds upon previous code from the race package:
#     race: Racing methods for the selection of the best
#     Copyright (C) 2003 Mauro Birattari
#------------------------------------------------------------------------------
# installed at: /home/moises_silva/R/x86_64-pc-linux-gnu-library/3.4/irace
# called with: 
Warning: A default scenario file './scenario.txt' has been found and will be read
# 2020-11-20 09:11:51 UTC: Initialization
# Elitist race
# Elitist new instances: 1
# Elitist limit: 2
# nbIterations: 6
# minNbSurvival: 6
# nbParameters: 23
# seed: 2011788744
# confidence level: 0.95
# budget: 1000
# mu: 5
# deterministic: FALSE

# 2020-11-20 09:11:51 UTC: Iteration 1 of 6
# experimentsUsedSoFar: 0
# remainingBudget: 1000
# currentBudget: 166
# nbConfigurations: 27
  Markers:
     x No test is performed.
     - The test is performed and some configurations are discarded.
     = The test is performed but no configuration is discarded.
     ! The test is performed and configurations could be discarded but elite configurations are preserved.
     . All alive configurations are elite and nothing is discarded

+-+-----------+-----------+-----------+---------------+-----------+--------+-----+----+------+
| |   Instance|      Alive|       Best|      Mean best| Exp so far|  W time|  rho|KenW|  Qvar|
+-+-----------+-----------+-----------+---------------+-----------+--------+-----+----+------+
|x|          1|         27|          5|   -2923.976608|         27|00:39:42|   NA|  NA|    NA|
|x|          2|         27|          5|   -2897.120336|         54|00:39:45|+0.80|0.90|0.0511|
|x|          3|         27|          5|   -2875.459929|         81|00:39:49|+0.76|0.84|0.0708|
|x|          4|         27|          5|   -2878.908662|        108|00:39:53|+0.72|0.79|0.0681|
|-|          5|          6|          5|   -2884.725162|        135|00:39:45|+0.24|0.39|0.5332|
+-+-----------+-----------+-----------+---------------+-----------+--------+-----+----+------+
Best-so-far configuration:           5    mean value:    -2884.725162
Description of the best-so-far configuration:
  .ID. concurrent_writes file_cache_size memtable_cleanup concurrent_compact         compaction_method num_tokens concurrent_reads replication_factor memtable_heap_space memtable_allocation row_cache_size_in_mb sstable_open_interval trickle_fsync inter_dc_stream key_cache_size stream_throughput row_cache_save column_index_size compaction_throughput memtable_offheap_space commitlog_segment mem_flush_writers index_summary .PARENT.
5    5                38             881             0.17                  3 LeveledCompactionStrategy         24               15                  9                2208        heap_buffers                   15                    88         False             106            167               189             91                48                    19                   2396                27                 6           100       NA

# 2020-11-20 12:30:48 UTC: Elite configurations (first number is the configuration ID; listed from best to worst according to the sum of ranks):
   concurrent_writes file_cache_size memtable_cleanup concurrent_compact            compaction_method num_tokens concurrent_reads replication_factor memtable_heap_space memtable_allocation row_cache_size_in_mb sstable_open_interval trickle_fsync inter_dc_stream key_cache_size stream_throughput row_cache_save column_index_size compaction_throughput memtable_offheap_space commitlog_segment mem_flush_writers index_summary
5                 38             881             0.17                  3    LeveledCompactionStrategy         24               15                  9                2208        heap_buffers                   15                    88         False             106            167               189             91                48                    19                   2396                27                 6           100
19                17             869             0.54                 30    LeveledCompactionStrategy         60               43                  6                2904        heap_buffers                   10                     0          True             333             38               285             16                71                    17                   2949                16                 9           130
17                 8             925             0.61                 18 SizeTieredCompactionStrategy         69               47                 11                1802        heap_buffers                    6                    16          True             212            109               325             80               126                    21                   2155                29                 3           121
9                 30             958             0.73                 24    LeveledCompactionStrategy        133               28                  5                1953        heap_buffers                    0                    66          True             193             67               177             24                99                    27                   1353                29                 7            96
11                41             911             0.18                 14    LeveledCompactionStrategy        158               20                  8                2036        heap_buffers                   14                    94          True             356            184               219              0                85                    20                   1822                35                 6           104
14                37             697             0.53                 30 SizeTieredCompactionStrategy        110               36                  6                2120        heap_buffers                    6                    13         False             104            175               258              0                70                    28                   2757                53                 9           122
# 2020-11-20 12:30:48 UTC: Iteration 2 of 6
# experimentsUsedSoFar: 135
# remainingBudget: 865
# currentBudget: 173
# nbConfigurations: 29
  Markers:
     x No test is performed.
     - The test is performed and some configurations are discarded.
     = The test is performed but no configuration is discarded.
     ! The test is performed and configurations could be discarded but elite configurations are preserved.
     . All alive configurations are elite and nothing is discarded

+-+-----------+-----------+-----------+---------------+-----------+--------+-----+----+------+
| |   Instance|      Alive|       Best|      Mean best| Exp so far|  W time|  rho|KenW|  Qvar|
+-+-----------+-----------+-----------+---------------+-----------+--------+-----+----+------+
|x|          6|         29|          5|   -2900.736787|         29|00:42:07|   NA|  NA|    NA|
|x|          4|         29|          5|   -2894.995824|         52|00:33:29|+0.84|0.92|0.0549|
|x|          5|         29|          5|   -2899.327603|         75|00:33:25|+0.84|0.89|0.0435|
|x|          1|         29|          5|   -2905.489854|         98|00:33:26|+0.86|0.89|0.0411|
|-|          3|          8|          5|   -2890.819706|        121|00:33:22|+0.36|0.49|0.5099|
|-|          2|          4|          5|   -2887.393766|        123|00:02:50|+0.24|0.37|0.6332|
+-+-----------+-----------+-----------+---------------+-----------+--------+-----+----+------+
Best-so-far configuration:           5    mean value:    -2887.393766
Description of the best-so-far configuration:
  .ID. concurrent_writes file_cache_size memtable_cleanup concurrent_compact         compaction_method num_tokens concurrent_reads replication_factor memtable_heap_space memtable_allocation row_cache_size_in_mb sstable_open_interval trickle_fsync inter_dc_stream key_cache_size stream_throughput row_cache_save column_index_size compaction_throughput memtable_offheap_space commitlog_segment mem_flush_writers index_summary .PARENT.
5    5                38             881             0.17                  3 LeveledCompactionStrategy         24               15                  9                2208        heap_buffers                   15                    88         False             106            167               189             91                48                    19                   2396                27                 6           100       NA

# 2020-11-20 15:29:31 UTC: Elite configurations (first number is the configuration ID; listed from best to worst according to the sum of ranks):
   concurrent_writes file_cache_size memtable_cleanup concurrent_compact            compaction_method num_tokens concurrent_reads replication_factor memtable_heap_space memtable_allocation row_cache_size_in_mb sstable_open_interval trickle_fsync inter_dc_stream key_cache_size stream_throughput row_cache_save column_index_size compaction_throughput memtable_offheap_space commitlog_segment mem_flush_writers index_summary
5                 38             881             0.17                  3    LeveledCompactionStrategy         24               15                  9                2208        heap_buffers                   15                    88         False             106            167               189             91                48                    19                   2396                27                 6           100
32                30             345             0.18                 26 SizeTieredCompactionStrategy         31               64                  8                2746        heap_buffers                    2                    32          True             342             50               382            111                80                    18                   2557                20                 2           126
19                17             869             0.54                 30    LeveledCompactionStrategy         60               43                  6                2904        heap_buffers                   10                     0          True             333             38               285             16                71                    17                   2949                16                 9           130
38                45             727             0.55                 24 SizeTieredCompactionStrategy         54                8                  5                2209        heap_buffers                   13                    70         False             120            174               273             91                63                    17                   2596                23                 5            87
# 2020-11-20 15:29:31 UTC: Iteration 3 of 6
# experimentsUsedSoFar: 258
# remainingBudget: 742
# currentBudget: 185
# nbConfigurations: 26
  Markers:
     x No test is performed.
     - The test is performed and some configurations are discarded.
     = The test is performed but no configuration is discarded.
     ! The test is performed and configurations could be discarded but elite configurations are preserved.
     . All alive configurations are elite and nothing is discarded

+-+-----------+-----------+-----------+---------------+-----------+--------+-----+----+------+
| |   Instance|      Alive|       Best|      Mean best| Exp so far|  W time|  rho|KenW|  Qvar|
+-+-----------+-----------+-----------+---------------+-----------+--------+-----+----+------+
|x|          7|         26|          5|   -2923.976608|         26|00:37:35|   NA|  NA|    NA|
|x|          2|         26|         32|   -2910.456005|         48|00:31:56|+0.83|0.92|0.0537|
|x|          6|         26|         32|   -2902.082910|         70|00:31:50|+0.84|0.89|0.0524|
|x|          4|         26|          5|   -2896.058080|         92|00:31:58|+0.82|0.87|0.0516|
|-|          3|          8|         32|   -2892.265339|        114|00:31:56|-0.03|0.18|0.8967|
|=|          1|          8|         32|   -2891.861004|        118|00:05:39|+0.08|0.23|0.8369|
|=|          5|          8|          5|   -2892.619886|        122|00:05:38|+0.12|0.24|0.7969|
|=|          8|          8|          5|   -2883.800972|        130|00:11:18|+0.03|0.15|0.8842|
+-+-----------+-----------+-----------+---------------+-----------+--------+-----+----+------+
Best-so-far configuration:           5    mean value:    -2883.800972
Description of the best-so-far configuration:
  .ID. concurrent_writes file_cache_size memtable_cleanup concurrent_compact         compaction_method num_tokens concurrent_reads replication_factor memtable_heap_space memtable_allocation row_cache_size_in_mb sstable_open_interval trickle_fsync inter_dc_stream key_cache_size stream_throughput row_cache_save column_index_size compaction_throughput memtable_offheap_space commitlog_segment mem_flush_writers index_summary .PARENT.
5    5                38             881             0.17                  3 LeveledCompactionStrategy         24               15                  9                2208        heap_buffers                   15                    88         False             106            167               189             91                48                    19                   2396                27                 6           100       NA

# 2020-11-20 18:37:24 UTC: Elite configurations (first number is the configuration ID; listed from best to worst according to the sum of ranks):
   concurrent_writes file_cache_size memtable_cleanup concurrent_compact            compaction_method num_tokens concurrent_reads replication_factor memtable_heap_space memtable_allocation row_cache_size_in_mb sstable_open_interval trickle_fsync inter_dc_stream key_cache_size stream_throughput row_cache_save column_index_size compaction_throughput memtable_offheap_space commitlog_segment mem_flush_writers index_summary
5                 38             881             0.17                  3    LeveledCompactionStrategy         24               15                  9                2208        heap_buffers                   15                    88         False             106            167               189             91                48                    19                   2396                27                 6           100
32                30             345             0.18                 26 SizeTieredCompactionStrategy         31               64                  8                2746        heap_buffers                    2                    32          True             342             50               382            111                80                    18                   2557                20                 2           126
62                14             388             0.39                 12    LeveledCompactionStrategy         42               47                  5                2955        heap_buffers                    3                    92          True             352             88               179            103               103                    21                   2601                32                 9           107
56                56             785             0.16                 26    LeveledCompactionStrategy         39               18                 10                1701        heap_buffers                   14                    99         False             240            152               295            100                83                    17                   2068                41                 9           111
68                42            1010             0.65                 10    LeveledCompactionStrategy          6               17                  8                2724        heap_buffers                    8                    70         False             190            154               160            103               118                    21                   2996                24                 7           114
38                45             727             0.55                 24 SizeTieredCompactionStrategy         54                8                  5                2209        heap_buffers                   13                    70         False             120            174               273             91                63                    17                   2596                23                 5            87
# 2020-11-20 18:37:24 UTC: Iteration 4 of 6
# experimentsUsedSoFar: 388
# remainingBudget: 612
# currentBudget: 204
# nbConfigurations: 28
  Markers:
     x No test is performed.
     - The test is performed and some configurations are discarded.
     = The test is performed but no configuration is discarded.
     ! The test is performed and configurations could be discarded but elite configurations are preserved.
     . All alive configurations are elite and nothing is discarded

+-+-----------+-----------+-----------+---------------+-----------+--------+-----+----+------+
| |   Instance|      Alive|       Best|      Mean best| Exp so far|  W time|  rho|KenW|  Qvar|
+-+-----------+-----------+-----------+---------------+-----------+--------+-----+----+------+
|x|          9|         28|         86|   -2907.061252|         28|00:40:24|   NA|  NA|    NA|
|x|          7|         28|          5|   -2902.329377|         50|00:31:49|+0.81|0.91|0.0626|
|x|          3|         28|         74|   -2891.675000|         72|00:31:47|+0.78|0.85|0.0765|
|x|          6|         28|         32|   -2891.717643|         94|00:32:01|+0.81|0.86|0.0709|
|-|          8|          9|         32|   -2878.553417|        116|00:32:12|-0.14|0.09|0.9508|
|=|          2|          9|         32|   -2884.788177|        119|00:04:17|-0.07|0.11|0.9095|
|=|          4|          9|         32|   -2876.580533|        122|00:04:19|-0.05|0.10|0.8752|
|=|          1|          9|         32|   -2878.237882|        125|00:04:25|+0.01|0.13|0.8343|
|=|          5|          9|          5|   -2883.454436|        128|00:04:17|+0.03|0.13|0.8101|
|=|         10|          9|         32|   -2871.653729|        137|00:12:56|-0.00|0.10|0.8467|
+-+-----------+-----------+-----------+---------------+-----------+--------+-----+----+------+
Best-so-far configuration:          32    mean value:    -2871.653729
Description of the best-so-far configuration:
   .ID. concurrent_writes file_cache_size memtable_cleanup concurrent_compact            compaction_method num_tokens concurrent_reads replication_factor memtable_heap_space memtable_allocation row_cache_size_in_mb sstable_open_interval trickle_fsync inter_dc_stream key_cache_size stream_throughput row_cache_save column_index_size compaction_throughput memtable_offheap_space commitlog_segment mem_flush_writers index_summary .PARENT.
32   32                30             345             0.18                 26 SizeTieredCompactionStrategy         31               64                  8                2746        heap_buffers                    2                    32          True             342             50               382            111                80                    18                   2557                20                 2           126       19

# 2020-11-20 21:55:57 UTC: Elite configurations (first number is the configuration ID; listed from best to worst according to the sum of ranks):
   concurrent_writes file_cache_size memtable_cleanup concurrent_compact            compaction_method num_tokens concurrent_reads replication_factor memtable_heap_space memtable_allocation row_cache_size_in_mb sstable_open_interval trickle_fsync inter_dc_stream key_cache_size stream_throughput row_cache_save column_index_size compaction_throughput memtable_offheap_space commitlog_segment mem_flush_writers index_summary
32                 30            345             0.18                 26 SizeTieredCompactionStrategy         31               64                  8                2746        heap_buffers                    2                    32          True             342             50               382            111                80                    18                   2557                20                 2           126
5                  38            881             0.17                  3    LeveledCompactionStrategy         24               15                  9                2208        heap_buffers                   15                    88         False             106            167               189             91                48                    19                   2396                27                 6           100
68                 42           1010             0.65                 10    LeveledCompactionStrategy          6               17                  8                2724        heap_buffers                    8                    70         False             190            154               160            103               118                    21                   2996                24                 7           114
56                 56            785             0.16                 26    LeveledCompactionStrategy         39               18                 10                1701        heap_buffers                   14                    99         False             240            152               295            100                83                    17                   2068                41                 9           111
91                 10           1020             0.65                 21    LeveledCompactionStrategy          8               27                  9                2781        heap_buffers                    2                    83         False             199             83               300            102                96                    21                   2264                36                 5           126
62                14             388             0.39                 12    LeveledCompactionStrategy         42               47                  5                2955        heap_buffers                    3                    92          True             352             88               179            103               103                    21                   2601                32                 9           107
# 2020-11-20 21:55:57 UTC: Iteration 5 of 6
# experimentsUsedSoFar: 525
# remainingBudget: 475
# currentBudget: 237
# nbConfigurations: 27
  Markers:
     x No test is performed.
     - The test is performed and some configurations are discarded.
     = The test is performed but no configuration is discarded.
     ! The test is performed and configurations could be discarded but elite configurations are preserved.
     . All alive configurations are elite and nothing is discarded

+-+-----------+-----------+-----------+---------------+-----------+--------+-----+----+------+
| |   Instance|      Alive|       Best|      Mean best| Exp so far|  W time|  rho|KenW|  Qvar|
+-+-----------+-----------+-----------+---------------+-----------+--------+-----+----+------+
|x|         11|         27|         68|   -2873.645794|         27|00:39:03|   NA|  NA|    NA|
|x|          3|         27|         68|   -2868.749124|         48|00:30:14|+0.50|0.75|0.2083|
|x|          2|         27|         32|   -2877.727787|         69|00:30:05|+0.59|0.72|0.1554|
|x|          8|         27|         68|   -2882.677979|         90|00:30:04|+0.57|0.67|0.1534|
|-|         10|         14|         68|   -2870.747301|        111|00:30:12|-0.00|0.20|0.9002|
|=|          5|         14|         68|   -2877.321332|        119|00:11:22|-0.02|0.15|0.9297|
|=|          6|         14|         68|   -2874.777166|        127|00:11:22|-0.02|0.13|0.9225|
|=|          9|         14|         68|   -2868.328019|        135|00:11:18|-0.02|0.11|0.9237|
|=|          1|         14|         32|   -2863.747852|        143|00:11:25|-0.03|0.09|0.9433|
|=|          7|         14|         32|   -2867.868070|        151|00:11:20|+0.01|0.11|0.9212|
|=|          4|         14|         32|   -2864.183216|        159|00:11:25|+0.02|0.11|0.9115|
|=|         12|         14|         68|   -2865.278022|        173|00:19:55|+0.03|0.11|0.8996|
+-+-----------+-----------+-----------+---------------+-----------+--------+-----+----+------+
Best-so-far configuration:          68    mean value:    -2865.278022
Description of the best-so-far configuration:
   .ID. concurrent_writes file_cache_size memtable_cleanup concurrent_compact         compaction_method num_tokens concurrent_reads replication_factor memtable_heap_space memtable_allocation row_cache_size_in_mb sstable_open_interval trickle_fsync inter_dc_stream key_cache_size stream_throughput row_cache_save column_index_size compaction_throughput memtable_offheap_space commitlog_segment mem_flush_writers index_summary .PARENT.
68   68                42            1010             0.65                 10 LeveledCompactionStrategy          6               17                  8                2724        heap_buffers                    8                    70         False             190            154               160            103               118                    21                   2996                24                 7           114        5

# 2020-11-21 02:03:49 UTC: Elite configurations (first number is the configuration ID; listed from best to worst according to the sum of ranks):
   concurrent_writes file_cache_size memtable_cleanup concurrent_compact            compaction_method num_tokens concurrent_reads replication_factor memtable_heap_space memtable_allocation row_cache_size_in_mb sstable_open_interval trickle_fsync inter_dc_stream key_cache_size stream_throughput row_cache_save column_index_size compaction_throughput memtable_offheap_space commitlog_segment mem_flush_writers index_summary
68                42            1010             0.65                 10    LeveledCompactionStrategy          6               17                  8                2724        heap_buffers                    8                    70         False             190            154               160            103               118                    21                   2996                24                 7           114
32                30             345             0.18                 26 SizeTieredCompactionStrategy         31               64                  8                2746        heap_buffers                    2                    32          True             342             50               382            111                80                    18                   2557                20                 2           126
91                10            1020             0.65                 21    LeveledCompactionStrategy          8               27                  9                2781        heap_buffers                    2                    83         False             199             83               300            102                96                    21                   2264                36                 5           126
5                 38             881             0.17                  3    LeveledCompactionStrategy         24               15                  9                2208        heap_buffers                   15                    88         False             106            167               189             91                48                    19                   2396                27                 6           100
56                56             785             0.16                 26    LeveledCompactionStrategy         39               18                 10                1701        heap_buffers                   14                    99         False             240            152               295            100                83                    17                   2068                41                 9           111
95                29             620             0.27                 23    LeveledCompactionStrategy         54               23                 11                1761        heap_buffers                    9                    82         False             162            170               341             56                71                    19                   2408                47                 7           116
# 2020-11-21 02:03:49 UTC: Iteration 6 of 6
# experimentsUsedSoFar: 698
# remainingBudget: 302
# currentBudget: 302
# nbConfigurations: 28
  Markers:
     x No test is performed.
     - The test is performed and some configurations are discarded.
     = The test is performed but no configuration is discarded.
     ! The test is performed and configurations could be discarded but elite configurations are preserved.
     . All alive configurations are elite and nothing is discarded

+-+-----------+-----------+-----------+---------------+-----------+--------+-----+----+------+
| |   Instance|      Alive|       Best|      Mean best| Exp so far|  W time|  rho|KenW|  Qvar|
+-+-----------+-----------+-----------+---------------+-----------+--------+-----+----+------+
|x|         13|         28|         32|   -2884.504442|         28|00:39:56|   NA|  NA|    NA|
|x|          2|         28|         32|   -2900.233209|         50|00:31:23|+0.34|0.67|0.5582|
|x|         11|         28|         68|   -2881.973113|         72|00:31:28|+0.15|0.44|0.7469|
|x|          7|         28|         68|   -2879.684896|         94|00:31:24|+0.20|0.40|0.7257|
|-|          6|         12|         68|   -2875.650351|        116|00:31:21|-0.02|0.19|0.9372|
|=|          9|         12|         32|   -2871.511964|        122|00:08:34|-0.02|0.15|0.9143|
|=|         10|         12|         32|   -2865.566685|        128|00:08:31|-0.03|0.12|0.9230|
|=|          4|         12|         32|   -2860.787683|        134|00:08:34|-0.01|0.12|0.9042|
|=|          1|         12|         32|   -2864.015643|        140|00:08:29|+0.03|0.14|0.8804|
|=|          3|         12|         32|   -2870.388409|        146|00:08:33|+0.06|0.15|0.8665|
|=|         12|         12|         32|   -2863.004633|        152|00:08:32|+0.02|0.11|0.8988|
|=|          8|         12|         68|   -2861.635347|        158|00:08:32|+0.04|0.12|0.8923|
|-|          5|          9|         68|   -2865.370435|        164|00:08:40|-0.01|0.06|0.9126|
|=|         14|          9|         68|   -2863.582850|        173|00:12:46|-0.00|0.07|0.9028|
|=|         15|          9|         68|   -2863.699294|        182|00:12:51|-0.00|0.07|0.8993|
+-+-----------+-----------+-----------+---------------+-----------+--------+-----+----+------+
Best-so-far configuration:          68    mean value:    -2863.699294
Description of the best-so-far configuration:
   .ID. concurrent_writes file_cache_size memtable_cleanup concurrent_compact         compaction_method num_tokens concurrent_reads replication_factor memtable_heap_space memtable_allocation row_cache_size_in_mb sstable_open_interval trickle_fsync inter_dc_stream key_cache_size stream_throughput row_cache_save column_index_size compaction_throughput memtable_offheap_space commitlog_segment mem_flush_writers index_summary .PARENT.
68   68                42            1010             0.65                 10 LeveledCompactionStrategy          6               17                  8                2724        heap_buffers                    8                    70         False             190            154               160            103               118                    21                   2996                24                 7           114        5

# 2020-11-21 06:23:32 UTC: Elite configurations (first number is the configuration ID; listed from best to worst according to the sum of ranks):
    concurrent_writes file_cache_size memtable_cleanup concurrent_compact            compaction_method num_tokens concurrent_reads replication_factor memtable_heap_space memtable_allocation row_cache_size_in_mb sstable_open_interval trickle_fsync inter_dc_stream key_cache_size stream_throughput row_cache_save column_index_size compaction_throughput memtable_offheap_space commitlog_segment mem_flush_writers index_summary
68                 42            1010             0.65                 10    LeveledCompactionStrategy          6               17                  8                2724        heap_buffers                    8                    70         False             190            154               160            103               118                    21                   2996                24                 7           114
32                 30             345             0.18                 26 SizeTieredCompactionStrategy         31               64                  8                2746        heap_buffers                    2                    32          True             342             50               382            111                80                    18                   2557                20                 2           126
56                 56             785             0.16                 26    LeveledCompactionStrategy         39               18                 10                1701        heap_buffers                   14                    99         False             240            152               295            100                83                    17                   2068                41                 9           111
91                 10            1020             0.65                 21    LeveledCompactionStrategy          8               27                  9                2781        heap_buffers                    2                    83         False             199             83               300            102                96                    21                   2264                36                 5           126
5                  38             881             0.17                  3    LeveledCompactionStrategy         24               15                  9                2208        heap_buffers                   15                    88         False             106            167               189             91                48                    19                   2396                27                 6           100
121                23             583             0.35                 16 SizeTieredCompactionStrategy         21               22                  8                2498        heap_buffers                    3                    23          True             327             80               251            101               117                    22                   2459                45                 8           148
# 2020-11-21 06:23:32 UTC: Iteration 7 of 7
# experimentsUsedSoFar: 880
# remainingBudget: 120
# currentBudget: 120
# nbConfigurations: 13
  Markers:
     x No test is performed.
     - The test is performed and some configurations are discarded.
     = The test is performed but no configuration is discarded.
     ! The test is performed and configurations could be discarded but elite configurations are preserved.
     . All alive configurations are elite and nothing is discarded

+-+-----------+-----------+-----------+---------------+-----------+--------+-----+----+------+
| |   Instance|      Alive|       Best|      Mean best| Exp so far|  W time|  rho|KenW|  Qvar|
+-+-----------+-----------+-----------+---------------+-----------+--------+-----+----+------+
|x|         16|         13|        121|   -2879.520848|         13|00:18:30|   NA|  NA|    NA|
|x|          4|         13|          5|   -2871.120255|         20|00:09:58|+0.70|0.85|0.2306|
|x|         14|         13|          5|   -2878.725904|         27|00:09:59|+0.53|0.69|0.4063|
|x|         10|         13|        144|   -2858.529473|         34|00:10:02|+0.27|0.45|0.6664|
|-|         13|          9|        144|   -2850.299095|         41|00:10:03|-0.09|0.13|0.9592|
|=|          5|          9|        144|   -2855.750505|         44|00:04:15|+0.01|0.18|0.9245|
|=|          8|          9|         68|   -2861.621566|         47|00:04:16|+0.06|0.20|0.8786|
|=|          2|          9|         68|   -2867.143140|         50|00:04:19|+0.09|0.20|0.8351|
|=|          7|          9|         68|   -2867.773930|         53|00:04:18|+0.11|0.21|0.8060|
|=|         11|          9|         68|   -2868.361116|         56|00:04:17|+0.07|0.17|0.8343|
|-|         15|          7|         68|   -2868.085516|         59|00:04:19|-0.06|0.04|0.9033|
|=|         12|          7|         68|   -2870.491331|         60|00:01:25|-0.03|0.06|0.8750|
|=|          9|          7|         68|   -2866.852305|         61|00:01:26|-0.05|0.03|0.8905|
|=|          3|          7|         68|   -2866.638030|         62|00:01:24|-0.04|0.03|0.8893|
|=|          6|          7|         68|   -2866.162972|         63|00:01:24|-0.04|0.03|0.8899|
|=|          1|          7|         68|   -2863.412050|         64|00:01:23|-0.04|0.02|0.8959|
|=|         17|          7|         68|   -2859.067571|         71|00:09:56|-0.05|0.01|0.8969|
+-+-----------+-----------+-----------+---------------+-----------+--------+-----+----+------+
Best-so-far configuration:          68    mean value:    -2859.067571
Description of the best-so-far configuration:
   .ID. concurrent_writes file_cache_size memtable_cleanup concurrent_compact         compaction_method num_tokens concurrent_reads replication_factor memtable_heap_space memtable_allocation row_cache_size_in_mb sstable_open_interval trickle_fsync inter_dc_stream key_cache_size stream_throughput row_cache_save column_index_size compaction_throughput memtable_offheap_space commitlog_segment mem_flush_writers index_summary .PARENT.
68   68                42            1010             0.65                 10 LeveledCompactionStrategy          6               17                  8                2724        heap_buffers                    8                    70         False             190            154               160            103               118                    21                   2996                24                 7           114        5

# 2020-11-21 08:04:55 UTC: Elite configurations (first number is the configuration ID; listed from best to worst according to the sum of ranks):
    concurrent_writes file_cache_size memtable_cleanup concurrent_compact            compaction_method num_tokens concurrent_reads replication_factor memtable_heap_space memtable_allocation row_cache_size_in_mb sstable_open_interval trickle_fsync inter_dc_stream key_cache_size stream_throughput row_cache_save column_index_size compaction_throughput memtable_offheap_space commitlog_segment mem_flush_writers index_summary
68                 42            1010             0.65                 10    LeveledCompactionStrategy          6               17                  8                2724        heap_buffers                    8                    70         False             190            154               160            103               118                    21                   2996                24                 7           114
32                 30             345             0.18                 26 SizeTieredCompactionStrategy         31               64                  8                2746        heap_buffers                    2                    32          True             342             50               382            111                80                    18                   2557                20                 2           126
56                 56             785             0.16                 26    LeveledCompactionStrategy         39               18                 10                1701        heap_buffers                   14                    99         False             240            152               295            100                83                    17                   2068                41                 9           111
5                  38             881             0.17                  3    LeveledCompactionStrategy         24               15                  9                2208        heap_buffers                   15                    88         False             106            167               189             91                48                    19                   2396                27                 6           100
144                33             980             0.44                 25    LeveledCompactionStrategy         13               36                 10                2483        heap_buffers                    1                    76         False             236            137               319             86                71                    20                   2008                53                12           118
121                23             583             0.35                 16 SizeTieredCompactionStrategy         21               22                  8                2498        heap_buffers                    3                    23          True             327             80               251            101               117                    22                   2459                45                 8           148
# 2020-11-21 08:04:55 UTC: Iteration 8 of 8
# experimentsUsedSoFar: 951
# remainingBudget: 49
# currentBudget: 49
# nbConfigurations: 8
  Markers:
     x No test is performed.
     - The test is performed and some configurations are discarded.
     = The test is performed but no configuration is discarded.
     ! The test is performed and configurations could be discarded but elite configurations are preserved.
     . All alive configurations are elite and nothing is discarded

+-+-----------+-----------+-----------+---------------+-----------+--------+-----+----+------+
| |   Instance|      Alive|       Best|      Mean best| Exp so far|  W time|  rho|KenW|  Qvar|
+-+-----------+-----------+-----------+---------------+-----------+--------+-----+----+------+
|x|         18|          8|         32|   -2918.344715|          8|00:11:21|   NA|  NA|    NA|
|x|          2|          8|         32|   -2917.153345|         10|00:02:51|-0.10|0.45|1.0051|
|x|          4|          8|         32|   -2887.213787|         12|00:02:50|+0.00|0.33|0.9591|
|x|         17|          8|         32|   -2879.288125|         14|00:02:50|+0.14|0.35|0.8571|
|-|          3|          6|         32|   -2888.979159|         16|00:02:52|-0.01|0.19|0.8949|
|.|         15|          6|         32|   -2885.873708|         16|00:00:00|-0.02|0.15|0.8774|
|.|         12|          6|         32|   -2872.058446|         16|00:00:00|-0.05|0.10|0.8919|
|.|         11|          6|         32|   -2861.735901|         16|00:00:00|-0.03|0.10|0.8849|
|.|          6|          6|         32|   -2864.358214|         16|00:00:00|-0.04|0.08|0.8902|
|.|         14|          6|         32|   -2858.356505|         16|00:00:00|-0.07|0.04|0.9062|
|.|          7|          6|         32|   -2862.592280|         16|00:00:00|-0.05|0.04|0.8876|
|.|         16|          6|         32|   -2860.886275|         16|00:00:00|-0.06|0.03|0.8808|
|.|         10|          6|         32|   -2858.502332|         16|00:00:00|-0.06|0.02|0.8767|
|.|          9|          6|         32|   -2857.812203|         16|00:00:00|-0.07|0.01|0.8861|
|.|          1|          6|         32|   -2859.947344|         16|00:00:00|-0.06|0.01|0.8823|
|.|         13|          6|         32|   -2861.482163|         16|00:00:00|-0.05|0.02|0.8796|
|.|          5|          6|         32|   -2861.438460|         16|00:00:00|-0.05|0.01|0.8753|
|.|          8|          6|         32|   -2859.463908|         16|00:00:00|-0.05|0.01|0.8775|
+-+-----------+-----------+-----------+---------------+-----------+--------+-----+----+------+
Best-so-far configuration:          32    mean value:    -2859.463908
Description of the best-so-far configuration:
   .ID. concurrent_writes file_cache_size memtable_cleanup concurrent_compact            compaction_method num_tokens concurrent_reads replication_factor memtable_heap_space memtable_allocation row_cache_size_in_mb sstable_open_interval trickle_fsync inter_dc_stream key_cache_size stream_throughput row_cache_save column_index_size compaction_throughput memtable_offheap_space commitlog_segment mem_flush_writers index_summary .PARENT.
32   32                30             345             0.18                 26 SizeTieredCompactionStrategy         31               64                  8                2746        heap_buffers                    2                    32          True             342             50               382            111                80                    18                   2557                20                 2           126       19

# 2020-11-21 08:27:42 UTC: Elite configurations (first number is the configuration ID; listed from best to worst according to the sum of ranks):
    concurrent_writes file_cache_size memtable_cleanup concurrent_compact            compaction_method num_tokens concurrent_reads replication_factor memtable_heap_space memtable_allocation row_cache_size_in_mb sstable_open_interval trickle_fsync inter_dc_stream key_cache_size stream_throughput row_cache_save column_index_size compaction_throughput memtable_offheap_space commitlog_segment mem_flush_writers index_summary
32                 30             345             0.18                 26 SizeTieredCompactionStrategy         31               64                  8                2746        heap_buffers                    2                    32          True             342             50               382            111                80                    18                   2557                20                 2           126
68                 42            1010             0.65                 10    LeveledCompactionStrategy          6               17                  8                2724        heap_buffers                    8                    70         False             190            154               160            103               118                    21                   2996                24                 7           114
56                 56             785             0.16                 26    LeveledCompactionStrategy         39               18                 10                1701        heap_buffers                   14                    99         False             240            152               295            100                83                    17                   2068                41                 9           111
5                  38             881             0.17                  3    LeveledCompactionStrategy         24               15                  9                2208        heap_buffers                   15                    88         False             106            167               189             91                48                    19                   2396                27                 6           100
144                33             980             0.44                 25    LeveledCompactionStrategy         13               36                 10                2483        heap_buffers                    1                    76         False             236            137               319             86                71                    20                   2008                53                12           118
121                23             583             0.35                 16 SizeTieredCompactionStrategy         21               22                  8                2498        heap_buffers                    3                    23          True             327             80               251            101               117                    22                   2459                45                 8           148
# 2020-11-21 08:27:42 UTC: Iteration 9 of 9
# experimentsUsedSoFar: 967
# remainingBudget: 33
# currentBudget: 33
# nbConfigurations: 7
  Markers:
     x No test is performed.
     - The test is performed and some configurations are discarded.
     = The test is performed but no configuration is discarded.
     ! The test is performed and configurations could be discarded but elite configurations are preserved.
     . All alive configurations are elite and nothing is discarded

+-+-----------+-----------+-----------+---------------+-----------+--------+-----+----+------+
| |   Instance|      Alive|       Best|      Mean best| Exp so far|  W time|  rho|KenW|  Qvar|
+-+-----------+-----------+-----------+---------------+-----------+--------+-----+----+------+
|x|         19|          7|         68|   -2921.328620|          7|00:09:54|   NA|  NA|    NA|
|x|         12|          7|         68|   -2909.141960|          8|00:01:24|+0.32|0.66|0.8147|
|x|          8|          7|         68|   -2901.901144|          9|00:01:25|+0.29|0.52|0.6836|
|x|          1|          7|         68|   -2881.962913|         10|00:01:25|-0.10|0.18|0.9780|
|=|          5|          7|         68|   -2887.608629|         11|00:01:24|+0.02|0.22|0.9225|
|=|          2|          7|         68|   -2890.639549|         12|00:01:23|+0.04|0.20|0.8806|
|=|         15|          7|         68|   -2887.023830|         13|00:01:25|+0.04|0.18|0.8870|
|=|         10|          7|         68|   -2879.023925|         14|00:01:25|+0.04|0.16|0.8799|
|=|         11|          7|         68|   -2878.426355|         15|00:01:25|+0.07|0.18|0.8446|
|=|         13|          7|         68|   -2877.231658|         16|00:01:24|+0.08|0.18|0.8322|
|=|         17|          7|         68|   -2869.261135|         17|00:01:27|+0.05|0.14|0.8445|
|=|          9|          7|         68|   -2865.421373|         18|00:01:25|+0.02|0.10|0.8695|
|=|          4|          7|         68|   -2863.834217|         19|00:01:25|+0.01|0.08|0.8749|
|=|         16|          7|         68|   -2863.496300|         20|00:01:26|-0.01|0.06|0.8913|
|=|         14|          7|         68|   -2861.952830|         21|00:01:26|-0.01|0.06|0.8813|
|=|          6|          7|         68|   -2861.800289|         22|00:01:24|-0.02|0.04|0.8840|
|=|          3|          7|         68|   -2861.921004|         23|00:01:25|-0.00|0.05|0.8721|
|=|         18|          7|         68|   -2858.269060|         24|00:01:25|-0.00|0.05|0.8677|
|=|          7|          7|         68|   -2859.034912|         25|00:01:26|+0.00|0.06|0.8630|
|=|         20|          7|         68|   -2861.010703|         32|00:09:55|+0.02|0.07|0.8482|
+-+-----------+-----------+-----------+---------------+-----------+--------+-----+----+------+
Best-so-far configuration:          68    mean value:    -2861.010703
Description of the best-so-far configuration:
   .ID. concurrent_writes file_cache_size memtable_cleanup concurrent_compact         compaction_method num_tokens concurrent_reads replication_factor memtable_heap_space memtable_allocation row_cache_size_in_mb sstable_open_interval trickle_fsync inter_dc_stream key_cache_size stream_throughput row_cache_save column_index_size compaction_throughput memtable_offheap_space commitlog_segment mem_flush_writers index_summary .PARENT.
68   68                42            1010             0.65                 10 LeveledCompactionStrategy          6               17                  8                2724        heap_buffers                    8                    70         False             190            154               160            103               118                    21                   2996                24                 7           114        5

# 2020-11-21 09:13:10 UTC: Elite configurations (first number is the configuration ID; listed from best to worst according to the sum of ranks):
    concurrent_writes file_cache_size memtable_cleanup concurrent_compact            compaction_method num_tokens concurrent_reads replication_factor memtable_heap_space memtable_allocation row_cache_size_in_mb sstable_open_interval trickle_fsync inter_dc_stream key_cache_size stream_throughput row_cache_save column_index_size compaction_throughput memtable_offheap_space commitlog_segment mem_flush_writers index_summary
68                 42            1010             0.65                 10    LeveledCompactionStrategy          6               17                  8                2724        heap_buffers                    8                    70         False             190            154               160            103               118                    21                   2996                24                 7           114
32                 30             345             0.18                 26 SizeTieredCompactionStrategy         31               64                  8                2746        heap_buffers                    2                    32          True             342             50               382            111                80                    18                   2557                20                 2           126
5                  38             881             0.17                  3    LeveledCompactionStrategy         24               15                  9                2208        heap_buffers                   15                    88         False             106            167               189             91                48                    19                   2396                27                 6           100
121                23             583             0.35                 16 SizeTieredCompactionStrategy         21               22                  8                2498        heap_buffers                    3                    23          True             327             80               251            101               117                    22                   2459                45                 8           148
56                 56             785             0.16                 26    LeveledCompactionStrategy         39               18                 10                1701        heap_buffers                   14                    99         False             240            152               295            100                83                    17                   2068                41                 9           111
144                33             980             0.44                 25    LeveledCompactionStrategy         13               36                 10                2483        heap_buffers                    1                    76         False             236            137               319             86                71                    20                   2008                53                12           118
# 2020-11-21 09:13:10 UTC: Stopped because there is not enough budget left to race more than the minimum (6)
# You may either increase the budget or set 'minNbSurvival' to a lower value
# Iteration: 10
# nbIterations: 10
# experimentsUsedSoFar: 999
# timeUsed: 0
# remainingBudget: 1
# currentBudget: 1
# number of elites: 6
# nbConfigurations: 5
# Best configurations (first number is the configuration ID; listed from best to worst according to the sum of ranks):
    concurrent_writes file_cache_size memtable_cleanup concurrent_compact            compaction_method num_tokens concurrent_reads replication_factor memtable_heap_space memtable_allocation row_cache_size_in_mb sstable_open_interval trickle_fsync inter_dc_stream key_cache_size stream_throughput row_cache_save column_index_size compaction_throughput memtable_offheap_space commitlog_segment mem_flush_writers index_summary
68                 42            1010             0.65                 10    LeveledCompactionStrategy          6               17                  8                2724        heap_buffers                    8                    70         False             190            154               160            103               118                    21                   2996                24                 7           114
32                 30             345             0.18                 26 SizeTieredCompactionStrategy         31               64                  8                2746        heap_buffers                    2                    32          True             342             50               382            111                80                    18                   2557                20                 2           126
5                  38             881             0.17                  3    LeveledCompactionStrategy         24               15                  9                2208        heap_buffers                   15                    88         False             106            167               189             91                48                    19                   2396                27                 6           100
121                23             583             0.35                 16 SizeTieredCompactionStrategy         21               22                  8                2498        heap_buffers                    3                    23          True             327             80               251            101               117                    22                   2459                45                 8           148
56                 56             785             0.16                 26    LeveledCompactionStrategy         39               18                 10                1701        heap_buffers                   14                    99         False             240            152               295            100                83                    17                   2068                41                 9           111
144                33             980             0.44                 25    LeveledCompactionStrategy         13               36                 10                2483        heap_buffers                    1                    76         False             236            137               319             86                71                    20                   2008                53                12           118
# Best configurations as commandlines (first number is the configuration ID; same order as above):
68   42 1010 0.65 10 LeveledCompactionStrategy 6 17 8 2724 heap_buffers 8 70 False 190 154 160 103 118 21 2996 24 7 114
32   30 345 0.18 26 SizeTieredCompactionStrategy 31 64 8 2746 heap_buffers 2 32 True 342 50 382 111 80 18 2557 20 2 126
5    38 881 0.17 3 LeveledCompactionStrategy 24 15 9 2208 heap_buffers 15 88 False 106 167 189 91 48 19 2396 27 6 100
121  23 583 0.35 16 SizeTieredCompactionStrategy 21 22 8 2498 heap_buffers 3 23 True 327 80 251 101 117 22 2459 45 8 148
56   56 785 0.16 26 LeveledCompactionStrategy 39 18 10 1701 heap_buffers 14 99 False 240 152 295 100 83 17 2068 41 9 111
144  33 980 0.44 25 LeveledCompactionStrategy 13 36 10 2483 heap_buffers 1 76 False 236 137 319 86 71 20 2008 53 12 118
