#------------------------------------------------------------------------------
# irace: An implementation in R of (Elitist) Iterated Racing
# Version: 3.3.2238:2239
# Copyright (C) 2010-2019
# Manuel Lopez-Ibanez     <manuel.lopez-ibanez@manchester.ac.uk>
# Jeremie Dubois-Lacoste  
# Leslie Perez Caceres    <leslie.perez.caceres@ulb.ac.be>
#
# This is free software, and you are welcome to redistribute it under certain
# conditions.  See the GNU General Public License for details. There is NO
# WARRANTY; not even for MERCHANTABILITY or FITNESS FOR A PARTICULAR PURPOSE.
#
# irace builds upon previous code from the race package:
#     race: Racing methods for the selection of the best
#     Copyright (C) 2003 Mauro Birattari
#------------------------------------------------------------------------------
# installed at: /home/moises_silva/R/x86_64-pc-linux-gnu-library/3.4/irace
# called with: 
Warning: A default scenario file './scenario.txt' has been found and will be read
# 2020-11-20 09:06:04 UTC: Initialization
# Elitist race
# Elitist new instances: 1
# Elitist limit: 2
# nbIterations: 6
# minNbSurvival: 6
# nbParameters: 23
# seed: 923682492
# confidence level: 0.95
# budget: 500
# mu: 5
# deterministic: FALSE

# 2020-11-20 09:06:04 UTC: Iteration 1 of 6
# experimentsUsedSoFar: 0
# remainingBudget: 500
# currentBudget: 83
# nbConfigurations: 13
  Markers:
     x No test is performed.
     - The test is performed and some configurations are discarded.
     = The test is performed but no configuration is discarded.
     ! The test is performed and configurations could be discarded but elite configurations are preserved.
     . All alive configurations are elite and nothing is discarded

+-+-----------+-----------+-----------+---------------+-----------+--------+-----+----+------+
| |   Instance|      Alive|       Best|      Mean best| Exp so far|  W time|  rho|KenW|  Qvar|
+-+-----------+-----------+-----------+---------------+-----------+--------+-----+----+------+
|x|          1|         13|         11|   -2958.579882|         13|00:18:48|   NA|  NA|    NA|
|x|          2|         13|         11|   -2957.836234|         26|00:18:49|+0.81|0.91|0.0516|
|x|          3|         13|         11|   -2962.568545|         39|00:18:42|+0.80|0.87|0.0383|
|x|          4|         13|         11|   -2963.546106|         52|00:18:44|+0.84|0.88|0.0369|
|-|          5|          2|         11|   -2959.817066|         65|00:18:44|+1.00|1.00|0.0000|
+-+-----------+-----------+-----------+---------------+-----------+--------+-----+----+------+
Best-so-far configuration:          11    mean value:    -2959.817066
Description of the best-so-far configuration:
   .ID. concurrent_writes file_cache_size memtable_cleanup concurrent_compact         compaction_method num_tokens concurrent_reads replication_factor memtable_heap_space memtable_allocation row_cache_size_in_mb sstable_open_interval trickle_fsync inter_dc_stream key_cache_size stream_throughput row_cache_save column_index_size compaction_throughput memtable_offheap_space commitlog_segment mem_flush_writers index_summary .PARENT.
11   11                56             713             0.24                 13 LeveledCompactionStrategy         19               19                  5                1627        heap_buffers                    4                    46          True             363             70               307             78                40                    19                   1883                57                 4            96       NA

# 2020-11-20 10:39:53 UTC: Elite configurations (first number is the configuration ID; listed from best to worst according to the sum of ranks):
   concurrent_writes file_cache_size memtable_cleanup concurrent_compact            compaction_method num_tokens concurrent_reads replication_factor memtable_heap_space memtable_allocation row_cache_size_in_mb sstable_open_interval trickle_fsync inter_dc_stream key_cache_size stream_throughput row_cache_save column_index_size compaction_throughput memtable_offheap_space commitlog_segment mem_flush_writers index_summary
11                56             713             0.24                 13    LeveledCompactionStrategy         19               19                  5                1627        heap_buffers                    4                    46          True             363             70               307             78                40                    19                   1883                57                 4            96
3                 62             409             0.68                  3 SizeTieredCompactionStrategy         65               31                  3                1997        heap_buffers                    2                    70         False             245            138               148             79               104                    18                   1167                50                 4           108
# 2020-11-20 10:39:53 UTC: Iteration 2 of 6
# experimentsUsedSoFar: 65
# remainingBudget: 435
# currentBudget: 87
# nbConfigurations: 13
  Markers:
     x No test is performed.
     - The test is performed and some configurations are discarded.
     = The test is performed but no configuration is discarded.
     ! The test is performed and configurations could be discarded but elite configurations are preserved.
     . All alive configurations are elite and nothing is discarded

+-+-----------+-----------+-----------+---------------+-----------+--------+-----+----+------+
| |   Instance|      Alive|       Best|      Mean best| Exp so far|  W time|  rho|KenW|  Qvar|
+-+-----------+-----------+-----------+---------------+-----------+--------+-----+----+------+
|x|          6|         13|         18|   -3038.313129|         13|00:18:17|   NA|  NA|    NA|
|x|          3|         13|         18|   -3021.334723|         24|00:15:26|+0.81|0.90|0.0559|
|x|          4|         13|         18|   -3037.565589|         35|00:15:17|+0.81|0.87|0.0556|
|x|          5|         13|         18|   -3023.708442|         46|00:15:25|+0.78|0.83|0.0627|
|-|          1|          4|         18|   -3019.170823|         57|00:15:09|+0.88|0.90|0.0862|
+-+-----------+-----------+-----------+---------------+-----------+--------+-----+----+------+
Best-so-far configuration:          11    mean value:    -2961.588235
Description of the best-so-far configuration:
   .ID. concurrent_writes file_cache_size memtable_cleanup concurrent_compact         compaction_method num_tokens concurrent_reads replication_factor memtable_heap_space memtable_allocation row_cache_size_in_mb sstable_open_interval trickle_fsync inter_dc_stream key_cache_size stream_throughput row_cache_save column_index_size compaction_throughput memtable_offheap_space commitlog_segment mem_flush_writers index_summary .PARENT.
11   11                56             713             0.24                 13 LeveledCompactionStrategy         19               19                  5                1627        heap_buffers                    4                    46          True             363             70               307             78                40                    19                   1883                57                 4            96       NA

# 2020-11-20 11:59:29 UTC: Elite configurations (first number is the configuration ID; listed from best to worst according to the sum of ranks):
   concurrent_writes file_cache_size memtable_cleanup concurrent_compact            compaction_method num_tokens concurrent_reads replication_factor memtable_heap_space memtable_allocation row_cache_size_in_mb sstable_open_interval trickle_fsync inter_dc_stream key_cache_size stream_throughput row_cache_save column_index_size compaction_throughput memtable_offheap_space commitlog_segment mem_flush_writers index_summary
11                56             713             0.24                 13    LeveledCompactionStrategy         19               19                  5                1627        heap_buffers                    4                    46          True             363             70               307             78                40                    19                   1883                57                 4            96
3                 62             409             0.68                  3 SizeTieredCompactionStrategy         65               31                  3                1997        heap_buffers                    2                    70         False             245            138               148             79               104                    18                   1167                50                 4           108
18                59             922             0.44                 22 SizeTieredCompactionStrategy          4               28                  6                1524        heap_buffers                    4                    41         False             358             95               216            103                42                    28                   1982                50                 6           114
19                60             906             0.30                 23 SizeTieredCompactionStrategy         97               22                  4                1538        heap_buffers                    8                    47         False             345             49               145             78                49                    24                   1358                61                 4            76
# 2020-11-20 11:59:29 UTC: Iteration 3 of 6
# experimentsUsedSoFar: 122
# remainingBudget: 378
# currentBudget: 94
# nbConfigurations: 14
  Markers:
     x No test is performed.
     - The test is performed and some configurations are discarded.
     = The test is performed but no configuration is discarded.
     ! The test is performed and configurations could be discarded but elite configurations are preserved.
     . All alive configurations are elite and nothing is discarded

+-+-----------+-----------+-----------+---------------+-----------+--------+-----+----+------+
| |   Instance|      Alive|       Best|      Mean best| Exp so far|  W time|  rho|KenW|  Qvar|
+-+-----------+-----------+-----------+---------------+-----------+--------+-----+----+------+
|x|          7|         14|         11|   -3070.875814|         14|00:19:10|   NA|  NA|    NA|
|x|          6|         14|         33|   -3093.991332|         24|00:13:26|+0.80|0.90|0.1021|
|x|          1|         14|         33|   -3069.406081|         34|00:13:18|+0.80|0.87|0.1094|
|x|          3|         14|         33|   -3079.296905|         44|00:13:16|+0.77|0.83|0.1584|
|-|          5|          6|         33|   -3091.696618|         54|00:13:09|+0.52|0.62|0.3569|
+-+-----------+-----------+-----------+---------------+-----------+--------+-----+----+------+
Best-so-far configuration:          11    mean value:    -2977.200746
Description of the best-so-far configuration:
   .ID. concurrent_writes file_cache_size memtable_cleanup concurrent_compact         compaction_method num_tokens concurrent_reads replication_factor memtable_heap_space memtable_allocation row_cache_size_in_mb sstable_open_interval trickle_fsync inter_dc_stream key_cache_size stream_throughput row_cache_save column_index_size compaction_throughput memtable_offheap_space commitlog_segment mem_flush_writers index_summary .PARENT.
11   11                56             713             0.24                 13 LeveledCompactionStrategy         19               19                  5                1627        heap_buffers                    4                    46          True             363             70               307             78                40                    19                   1883                57                 4            96       NA

# 2020-11-20 13:11:52 UTC: Elite configurations (first number is the configuration ID; listed from best to worst according to the sum of ranks):
   concurrent_writes file_cache_size memtable_cleanup concurrent_compact            compaction_method num_tokens concurrent_reads replication_factor memtable_heap_space memtable_allocation row_cache_size_in_mb sstable_open_interval trickle_fsync inter_dc_stream key_cache_size stream_throughput row_cache_save column_index_size compaction_throughput memtable_offheap_space commitlog_segment mem_flush_writers index_summary
11                56             713             0.24                 13    LeveledCompactionStrategy         19               19                  5                1627        heap_buffers                    4                    46          True             363             70               307             78                40                    19                   1883                57                 4            96
3                 62             409             0.68                  3 SizeTieredCompactionStrategy         65               31                  3                1997        heap_buffers                    2                    70         False             245            138               148             79               104                    18                   1167                50                 4           108
18                59             922             0.44                 22 SizeTieredCompactionStrategy          4               28                  6                1524        heap_buffers                    4                    41         False             358             95               216            103                42                    28                   1982                50                 6           114
19                60             906             0.30                 23 SizeTieredCompactionStrategy         97               22                  4                1538        heap_buffers                    8                    47         False             345             49               145             78                49                    24                   1358                61                 4            76
33                44             336             0.60                 16 SizeTieredCompactionStrategy         36               28                  4                1909        heap_buffers                    8                    38          True             364             21               129             80                37                    25                   2194                53                 7           135
34                58             579             0.52                  4 SizeTieredCompactionStrategy        120               40                  7                2396        heap_buffers                   11                    64         False             222            134               128             59                71                    20                   1732                49                 7            86
# 2020-11-20 13:11:52 UTC: Iteration 4 of 6
# experimentsUsedSoFar: 176
# remainingBudget: 324
# currentBudget: 108
# nbConfigurations: 16
  Markers:
     x No test is performed.
     - The test is performed and some configurations are discarded.
     = The test is performed but no configuration is discarded.
     ! The test is performed and configurations could be discarded but elite configurations are preserved.
     . All alive configurations are elite and nothing is discarded

+-+-----------+-----------+-----------+---------------+-----------+--------+-----+----+------+
| |   Instance|      Alive|       Best|      Mean best| Exp so far|  W time|  rho|KenW|  Qvar|
+-+-----------+-----------+-----------+---------------+-----------+--------+-----+----+------+
|x|          8|         16|         43|   -3172.387539|         16|00:20:50|   NA|  NA|    NA|
|x|          6|         16|         43|   -3168.872929|         26|00:13:06|+0.61|0.80|0.2767|
|x|          1|         16|         43|   -3190.911835|         36|00:13:00|+0.73|0.82|0.2228|
|x|          4|         16|         43|   -3187.263221|         48|00:15:48|+0.74|0.81|0.1818|
|-|          7|          8|         43|   -3167.399509|         58|00:13:11|+0.63|0.70|0.4182|
|!|          3|          8|         43|   -3166.975828|         60|00:02:32|+0.66|0.72|0.3571|
|!|          2|          8|         43|   -3156.081054|         66|00:07:50|+0.59|0.65|0.4093|
|-|          5|          3|         43|   -3151.076095|         68|00:02:38|+0.07|0.19|0.6151|
+-+-----------+-----------+-----------+---------------+-----------+--------+-----+----+------+
Best-so-far configuration:          43    mean value:    -3151.076095
Description of the best-so-far configuration:
   .ID. concurrent_writes file_cache_size memtable_cleanup concurrent_compact         compaction_method num_tokens concurrent_reads replication_factor memtable_heap_space memtable_allocation row_cache_size_in_mb sstable_open_interval trickle_fsync inter_dc_stream key_cache_size stream_throughput row_cache_save column_index_size compaction_throughput memtable_offheap_space commitlog_segment mem_flush_writers index_summary .PARENT.
43   43                54             887             0.53                 15 LeveledCompactionStrategy          8               29                  2                2588        heap_buffers                    0                    59          True             284             59               267             51                81                    28                   1141                61                 3            86       11

# 2020-11-20 14:40:50 UTC: Elite configurations (first number is the configuration ID; listed from best to worst according to the sum of ranks):
   concurrent_writes file_cache_size memtable_cleanup concurrent_compact            compaction_method num_tokens concurrent_reads replication_factor memtable_heap_space memtable_allocation row_cache_size_in_mb sstable_open_interval trickle_fsync inter_dc_stream key_cache_size stream_throughput row_cache_save column_index_size compaction_throughput memtable_offheap_space commitlog_segment mem_flush_writers index_summary
43                54             887             0.53                 15    LeveledCompactionStrategy          8               29                  2                2588        heap_buffers                    0                    59          True             284             59               267             51                81                    28                   1141                61                 3            86
33                44             336             0.60                 16 SizeTieredCompactionStrategy         36               28                  4                1909        heap_buffers                    8                    38          True             364             21               129             80                37                    25                   2194                53                 7           135
40                48             504             0.11                 22    LeveledCompactionStrategy         38               42                  6                2296        heap_buffers                   12                    39          True             376             76               389             56                60                    28                   2090                49                 6            83
# 2020-11-20 14:40:50 UTC: Iteration 5 of 6
# experimentsUsedSoFar: 244
# remainingBudget: 256
# currentBudget: 128
# nbConfigurations: 15
  Markers:
     x No test is performed.
     - The test is performed and some configurations are discarded.
     = The test is performed but no configuration is discarded.
     ! The test is performed and configurations could be discarded but elite configurations are preserved.
     . All alive configurations are elite and nothing is discarded

+-+-----------+-----------+-----------+---------------+-----------+--------+-----+----+------+
| |   Instance|      Alive|       Best|      Mean best| Exp so far|  W time|  rho|KenW|  Qvar|
+-+-----------+-----------+-----------+---------------+-----------+--------+-----+----+------+
|x|          9|         15|         47|   -3093.963677|         15|00:19:45|   NA|  NA|    NA|
|x|          1|         15|         40|   -3146.654905|         27|00:16:02|+0.73|0.87|0.1262|
|x|          7|         15|         40|   -3142.571006|         39|00:15:58|+0.58|0.72|0.2350|
|x|          6|         15|         40|   -3141.537363|         51|00:15:53|+0.55|0.66|0.2071|
|-|          3|          4|         40|   -3143.270213|         63|00:15:58|+0.52|0.62|0.5115|
+-+-----------+-----------+-----------+---------------+-----------+--------+-----+----+------+
Best-so-far configuration:          43    mean value:    -3141.976451
Description of the best-so-far configuration:
   .ID. concurrent_writes file_cache_size memtable_cleanup concurrent_compact         compaction_method num_tokens concurrent_reads replication_factor memtable_heap_space memtable_allocation row_cache_size_in_mb sstable_open_interval trickle_fsync inter_dc_stream key_cache_size stream_throughput row_cache_save column_index_size compaction_throughput memtable_offheap_space commitlog_segment mem_flush_writers index_summary .PARENT.
43   43                54             887             0.53                 15 LeveledCompactionStrategy          8               29                  2                2588        heap_buffers                    0                    59          True             284             59               267             51                81                    28                   1141                61                 3            86       11

# 2020-11-20 16:04:29 UTC: Elite configurations (first number is the configuration ID; listed from best to worst according to the sum of ranks):
   concurrent_writes file_cache_size memtable_cleanup concurrent_compact            compaction_method num_tokens concurrent_reads replication_factor memtable_heap_space memtable_allocation row_cache_size_in_mb sstable_open_interval trickle_fsync inter_dc_stream key_cache_size stream_throughput row_cache_save column_index_size compaction_throughput memtable_offheap_space commitlog_segment mem_flush_writers index_summary
43                54             887             0.53                 15    LeveledCompactionStrategy          8               29                  2                2588        heap_buffers                    0                    59          True             284             59               267             51                81                    28                   1141                61                 3            86
40                48             504             0.11                 22    LeveledCompactionStrategy         38               42                  6                2296        heap_buffers                   12                    39          True             376             76               389             56                60                    28                   2090                49                 6            83
33                44             336             0.60                 16 SizeTieredCompactionStrategy         36               28                  4                1909        heap_buffers                    8                    38          True             364             21               129             80                37                    25                   2194                53                 7           135
49                36             418             0.40                 10    LeveledCompactionStrategy          2               35                  3                1515        heap_buffers                    7                    58          True             191            124               391            111                50                    27                   2305                36                 4            95
# 2020-11-20 16:04:29 UTC: Iteration 6 of 6
# experimentsUsedSoFar: 307
# remainingBudget: 193
# currentBudget: 193
# nbConfigurations: 22
  Markers:
     x No test is performed.
     - The test is performed and some configurations are discarded.
     = The test is performed but no configuration is discarded.
     ! The test is performed and configurations could be discarded but elite configurations are preserved.
     . All alive configurations are elite and nothing is discarded

+-+-----------+-----------+-----------+---------------+-----------+--------+-----+----+------+
| |   Instance|      Alive|       Best|      Mean best| Exp so far|  W time|  rho|KenW|  Qvar|
+-+-----------+-----------+-----------+---------------+-----------+--------+-----+----+------+
|x|         10|         22|         43|   -3106.651341|         22|00:29:22|   NA|  NA|    NA|
|x|          1|         22|         43|   -3170.820494|         40|00:24:35|+0.06|0.53|0.7944|
|x|          2|         22|         43|   -3144.117799|         59|00:26:02|+0.18|0.46|0.7549|
|x|          4|         22|         43|   -3152.167694|         78|00:25:55|+0.32|0.49|0.6244|
|-|          7|          6|         43|   -3139.323088|         96|00:24:26|+0.25|0.40|0.6670|
+-+-----------+-----------+-----------+---------------+-----------+--------+-----+----+------+
Best-so-far configuration:          43    mean value:    -3138.443940
Description of the best-so-far configuration:
   .ID. concurrent_writes file_cache_size memtable_cleanup concurrent_compact         compaction_method num_tokens concurrent_reads replication_factor memtable_heap_space memtable_allocation row_cache_size_in_mb sstable_open_interval trickle_fsync inter_dc_stream key_cache_size stream_throughput row_cache_save column_index_size compaction_throughput memtable_offheap_space commitlog_segment mem_flush_writers index_summary .PARENT.
43   43                54             887             0.53                 15 LeveledCompactionStrategy          8               29                  2                2588        heap_buffers                    0                    59          True             284             59               267             51                81                    28                   1141                61                 3            86       11

# 2020-11-20 18:14:51 UTC: Elite configurations (first number is the configuration ID; listed from best to worst according to the sum of ranks):
   concurrent_writes file_cache_size memtable_cleanup concurrent_compact            compaction_method num_tokens concurrent_reads replication_factor memtable_heap_space memtable_allocation row_cache_size_in_mb sstable_open_interval trickle_fsync inter_dc_stream key_cache_size stream_throughput row_cache_save column_index_size compaction_throughput memtable_offheap_space commitlog_segment mem_flush_writers index_summary
43                54             887             0.53                 15    LeveledCompactionStrategy          8               29                  2                2588        heap_buffers                    0                    59          True             284             59               267             51                81                    28                   1141                61                 3            86
40                48             504             0.11                 22    LeveledCompactionStrategy         38               42                  6                2296        heap_buffers                   12                    39          True             376             76               389             56                60                    28                   2090                49                 6            83
33                44             336             0.60                 16 SizeTieredCompactionStrategy         36               28                  4                1909        heap_buffers                    8                    38          True             364             21               129             80                37                    25                   2194                53                 7           135
49                36             418             0.40                 10    LeveledCompactionStrategy          2               35                  3                1515        heap_buffers                    7                    58          True             191            124               391            111                50                    27                   2305                36                 4            95
73                46             831             0.16                 16    LeveledCompactionStrategy         54               46                  4                2075        heap_buffers                    6                    47          True             351            135               387             43                76                    32                   1238                32                 4            92
71                43             571             0.22                 30    LeveledCompactionStrategy         28               34                  6                2494        heap_buffers                   13                    58          True             333             49               359             20                58                    26                   1999                60                 9            80
# 2020-11-20 18:14:51 UTC: Iteration 7 of 7
# experimentsUsedSoFar: 403
# remainingBudget: 97
# currentBudget: 97
# nbConfigurations: 14
  Markers:
     x No test is performed.
     - The test is performed and some configurations are discarded.
     = The test is performed but no configuration is discarded.
     ! The test is performed and configurations could be discarded but elite configurations are preserved.
     . All alive configurations are elite and nothing is discarded

+-+-----------+-----------+-----------+---------------+-----------+--------+-----+----+------+
| |   Instance|      Alive|       Best|      Mean best| Exp so far|  W time|  rho|KenW|  Qvar|
+-+-----------+-----------+-----------+---------------+-----------+--------+-----+----+------+
|x|         11|         14|         43|   -3178.740583|         14|00:17:56|   NA|  NA|    NA|
|x|          7|         14|         49|   -3146.957960|         22|00:10:15|+0.50|0.75|0.4522|
|x|          2|         14|         43|   -3119.132552|         30|00:10:26|-0.08|0.28|1.0041|
|x|          8|         14|         43|   -3132.446299|         41|00:14:14|+0.04|0.28|0.8937|
|=|          6|         14|         43|   -3139.028703|         51|00:12:59|+0.08|0.27|0.8550|
|-|          3|          7|         43|   -3143.333489|         61|00:13:08|+0.14|0.28|0.7427|
|=|          9|          7|         43|   -3132.740034|         64|00:04:01|+0.12|0.25|0.7542|
|=|          4|          7|         43|   -3138.187202|         65|00:01:21|+0.14|0.25|0.7218|
|-|          5|          6|         43|   -3135.726555|         69|00:05:29|+0.24|0.33|0.6509|
|.|          1|          6|         43|   -3145.652864|         69|00:00:00|+0.29|0.36|0.6141|
|.|         10|          6|         43|   -3142.107271|         69|00:00:00|+0.31|0.37|0.6097|
+-+-----------+-----------+-----------+---------------+-----------+--------+-----+----+------+
Best-so-far configuration:          43    mean value:    -3142.107271
Description of the best-so-far configuration:
   .ID. concurrent_writes file_cache_size memtable_cleanup concurrent_compact         compaction_method num_tokens concurrent_reads replication_factor memtable_heap_space memtable_allocation row_cache_size_in_mb sstable_open_interval trickle_fsync inter_dc_stream key_cache_size stream_throughput row_cache_save column_index_size compaction_throughput memtable_offheap_space commitlog_segment mem_flush_writers index_summary .PARENT.
43   43                54             887             0.53                 15 LeveledCompactionStrategy          8               29                  2                2588        heap_buffers                    0                    59          True             284             59               267             51                81                    28                   1141                61                 3            86       11

# 2020-11-20 19:44:44 UTC: Elite configurations (first number is the configuration ID; listed from best to worst according to the sum of ranks):
   concurrent_writes file_cache_size memtable_cleanup concurrent_compact            compaction_method num_tokens concurrent_reads replication_factor memtable_heap_space memtable_allocation row_cache_size_in_mb sstable_open_interval trickle_fsync inter_dc_stream key_cache_size stream_throughput row_cache_save column_index_size compaction_throughput memtable_offheap_space commitlog_segment mem_flush_writers index_summary
43                54             887             0.53                 15    LeveledCompactionStrategy          8               29                  2                2588        heap_buffers                    0                    59          True             284             59               267             51                81                    28                   1141                61                 3            86
40                48             504             0.11                 22    LeveledCompactionStrategy         38               42                  6                2296        heap_buffers                   12                    39          True             376             76               389             56                60                    28                   2090                49                 6            83
33                44             336             0.60                 16 SizeTieredCompactionStrategy         36               28                  4                1909        heap_buffers                    8                    38          True             364             21               129             80                37                    25                   2194                53                 7           135
49                36             418             0.40                 10    LeveledCompactionStrategy          2               35                  3                1515        heap_buffers                    7                    58          True             191            124               391            111                50                    27                   2305                36                 4            95
71                43             571             0.22                 30    LeveledCompactionStrategy         28               34                  6                2494        heap_buffers                   13                    58          True             333             49               359             20                58                    26                   1999                60                 9            80
73                46             831             0.16                 16    LeveledCompactionStrategy         54               46                  4                2075        heap_buffers                    6                    47          True             351            135               387             43                76                    32                   1238                32                 4            92
# 2020-11-20 19:44:44 UTC: Iteration 8 of 8
# experimentsUsedSoFar: 472
# remainingBudget: 28
# currentBudget: 28
# nbConfigurations: 7
  Markers:
     x No test is performed.
     - The test is performed and some configurations are discarded.
     = The test is performed but no configuration is discarded.
     ! The test is performed and configurations could be discarded but elite configurations are preserved.
     . All alive configurations are elite and nothing is discarded

+-+-----------+-----------+-----------+---------------+-----------+--------+-----+----+------+
| |   Instance|      Alive|       Best|      Mean best| Exp so far|  W time|  rho|KenW|  Qvar|
+-+-----------+-----------+-----------+---------------+-----------+--------+-----+----+------+
|x|         12|          7|         49|   -3129.106953|          7|00:09:29|   NA|  NA|    NA|
|x|          1|          7|         43|   -3164.907550|          8|00:01:22|+0.50|0.75|0.5639|
|x|         11|          7|         43|   -3169.518561|          9|00:01:26|+0.74|0.83|0.4079|
|x|         10|          7|         43|   -3153.801756|         10|00:01:23|+0.55|0.66|0.4514|
|-|          9|          6|         43|   -3136.877265|         11|00:01:24|+0.31|0.45|0.6350|
|.|          6|          6|         43|   -3141.624107|         11|00:00:00|+0.25|0.37|0.6900|
|.|          2|          6|         43|   -3134.351008|         11|00:00:00|+0.17|0.29|0.7157|
|.|          3|          6|         43|   -3138.164309|         11|00:00:00|+0.24|0.34|0.6610|
|.|          8|          6|         43|   -3141.966891|         11|00:00:00|+0.30|0.37|0.6099|
|.|          4|          6|         43|   -3145.401939|         11|00:00:00|+0.29|0.36|0.5995|
|.|          5|          6|         43|   -3142.732798|         11|00:00:00|+0.30|0.36|0.5973|
|.|          7|          6|         43|   -3138.167120|         11|00:00:00|+0.27|0.33|0.6249|
+-+-----------+-----------+-----------+---------------+-----------+--------+-----+----+------+
Best-so-far configuration:          43    mean value:    -3138.167120
Description of the best-so-far configuration:
   .ID. concurrent_writes file_cache_size memtable_cleanup concurrent_compact         compaction_method num_tokens concurrent_reads replication_factor memtable_heap_space memtable_allocation row_cache_size_in_mb sstable_open_interval trickle_fsync inter_dc_stream key_cache_size stream_throughput row_cache_save column_index_size compaction_throughput memtable_offheap_space commitlog_segment mem_flush_writers index_summary .PARENT.
43   43                54             887             0.53                 15 LeveledCompactionStrategy          8               29                  2                2588        heap_buffers                    0                    59          True             284             59               267             51                81                    28                   1141                61                 3            86       11

# 2020-11-20 19:59:51 UTC: Elite configurations (first number is the configuration ID; listed from best to worst according to the sum of ranks):
   concurrent_writes file_cache_size memtable_cleanup concurrent_compact            compaction_method num_tokens concurrent_reads replication_factor memtable_heap_space memtable_allocation row_cache_size_in_mb sstable_open_interval trickle_fsync inter_dc_stream key_cache_size stream_throughput row_cache_save column_index_size compaction_throughput memtable_offheap_space commitlog_segment mem_flush_writers index_summary
43                54             887             0.53                 15    LeveledCompactionStrategy          8               29                  2                2588        heap_buffers                    0                    59          True             284             59               267             51                81                    28                   1141                61                 3            86
40                48             504             0.11                 22    LeveledCompactionStrategy         38               42                  6                2296        heap_buffers                   12                    39          True             376             76               389             56                60                    28                   2090                49                 6            83
33                44             336             0.60                 16 SizeTieredCompactionStrategy         36               28                  4                1909        heap_buffers                    8                    38          True             364             21               129             80                37                    25                   2194                53                 7           135
49                36             418             0.40                 10    LeveledCompactionStrategy          2               35                  3                1515        heap_buffers                    7                    58          True             191            124               391            111                50                    27                   2305                36                 4            95
71                43             571             0.22                 30    LeveledCompactionStrategy         28               34                  6                2494        heap_buffers                   13                    58          True             333             49               359             20                58                    26                   1999                60                 9            80
73                46             831             0.16                 16    LeveledCompactionStrategy         54               46                  4                2075        heap_buffers                    6                    47          True             351            135               387             43                76                    32                   1238                32                 4            92
# 2020-11-20 19:59:51 UTC: Stopped because there is not enough budget left to race more than the minimum (6)
# You may either increase the budget or set 'minNbSurvival' to a lower value
# Iteration: 9
# nbIterations: 9
# experimentsUsedSoFar: 483
# timeUsed: 0
# remainingBudget: 17
# currentBudget: 17
# number of elites: 6
# nbConfigurations: 6
# Best configurations (first number is the configuration ID; listed from best to worst according to the sum of ranks):
   concurrent_writes file_cache_size memtable_cleanup concurrent_compact            compaction_method num_tokens concurrent_reads replication_factor memtable_heap_space memtable_allocation row_cache_size_in_mb sstable_open_interval trickle_fsync inter_dc_stream key_cache_size stream_throughput row_cache_save column_index_size compaction_throughput memtable_offheap_space commitlog_segment mem_flush_writers index_summary
43                54             887             0.53                 15    LeveledCompactionStrategy          8               29                  2                2588        heap_buffers                    0                    59          True             284             59               267             51                81                    28                   1141                61                 3            86
40                48             504             0.11                 22    LeveledCompactionStrategy         38               42                  6                2296        heap_buffers                   12                    39          True             376             76               389             56                60                    28                   2090                49                 6            83
33                44             336             0.60                 16 SizeTieredCompactionStrategy         36               28                  4                1909        heap_buffers                    8                    38          True             364             21               129             80                37                    25                   2194                53                 7           135
49                36             418             0.40                 10    LeveledCompactionStrategy          2               35                  3                1515        heap_buffers                    7                    58          True             191            124               391            111                50                    27                   2305                36                 4            95
71                43             571             0.22                 30    LeveledCompactionStrategy         28               34                  6                2494        heap_buffers                   13                    58          True             333             49               359             20                58                    26                   1999                60                 9            80
73                46             831             0.16                 16    LeveledCompactionStrategy         54               46                  4                2075        heap_buffers                    6                    47          True             351            135               387             43                76                    32                   1238                32                 4            92
# Best configurations as commandlines (first number is the configuration ID; same order as above):
43  54 887 0.53 15 LeveledCompactionStrategy 8 29 2 2588 heap_buffers 0 59 True 284 59 267 51 81 28 1141 61 3 86
40  48 504 0.11 22 LeveledCompactionStrategy 38 42 6 2296 heap_buffers 12 39 True 376 76 389 56 60 28 2090 49 6 83
33  44 336 0.6 16 SizeTieredCompactionStrategy 36 28 4 1909 heap_buffers 8 38 True 364 21 129 80 37 25 2194 53 7 135
49  36 418 0.4 10 LeveledCompactionStrategy 2 35 3 1515 heap_buffers 7 58 True 191 124 391 111 50 27 2305 36 4 95
71  43 571 0.22 30 LeveledCompactionStrategy 28 34 6 2494 heap_buffers 13 58 True 333 49 359 20 58 26 1999 60 9 80
73  46 831 0.16 16 LeveledCompactionStrategy 54 46 4 2075 heap_buffers 6 47 True 351 135 387 43 76 32 1238 32 4 92
